[INFO] 14-06-2025 03:53:36 [main] [LogUtils] - ================ BEFORE ALL ================
[INFO] 14-06-2025 03:53:37 [main] [LogUtils] - Loaded all properties files.
[INFO] 14-06-2025 03:53:37 [main] [LogUtils] - {TARGET=local, extent.reporter.spark.prefix.device=@device_, DELETE_TEMP_FOLDER=no, TELEGRAM_CHATID=, OVERRIDE_REPORTS=yes, screenshot.rel.path=/exports/reports/CucumberExtentReports/images/, SEND_REPORT_TO_TELEGRAM=no, SEND_EMAIL_TO_USERS=no, ZIP_FOLDER_NAME=CucumberExtentReports.zip, WAIT_DEFAULT=5, REMOTE_PORT=4444, screenshot.dir=exports/reports/CucumberExtentReports/images/, TELEGRAM_TOKEN=, extent.reporter.spark.prefix.author=@author_, extent.reporter.spark.enable.device=true, EXTENT_REPORT_PDF=PdfReport.pdf, VIDEO_RECORD=no, PASSWORD=T+wyT5u9cOelDJbBWNgxLw, SCREENSHOT_ALL_STEPS=no, EXTENT_REPORT_NAME=ExtentReport, extent.reporter.spark.start=true, EXPORT_VIDEO_PATH=exports/ExportData/Videos, EXPORT_CAPTURE_PATH=exports/ExportData/Images, WAIT_PAGE_LOADED=40, SCREENSHOT_PASSED_STEPS=no, EXTENT_REPORT_FOLDER=exports/reports/CucumberExtentReports, WAIT_EXPLICIT=10, BROWSER=chrome, REPORT_TITLE=Report | Automation Framework Cucumber TestNG | Anh Tester, AUTHOR=Anh Tester, EXCEL_DATA_FILE_PATH=src/test/resources/testdata/ClientsDataExcel.xlsx, WAIT_IMPLICIT=20, PROJECT_NAME=Automation Framework Cucumber TestNG | Anh Tester, extent.reporter.spark.out=exports/reports/CucumberExtentReports/CucumberExtentReports.html, extent.reporter.pdf.start=false, extent.reporter.excel.out=exports/reports/ExcelReport/ExtentExcel.xlsx, HEADLESS=true, REMOTE_URL=localhost, extent.reporter.spark.vieworder=dashboard,test,category,author,device,log,exception, extent.reporter.pdf.out=exports/reports/CucumberExtentReports/CucumberExtentPdfReport.pdf, SCREENSHOT_FAILED_STEPS=yes, SCREENSHOT_ALL_STEPS_DETAIL=no, TXT_FILE_PATH=src/test/resources/testdata/TxtFileData.txt, extent.reporter.excel.start=false, extent.reporter.spark.enable.author=true, JSON_DATA_FILE_PATH=src/test/resources/testdata/JsonData.json, ACTIVE_PAGE_LOADED=true, URL_CRM=https://rise.anhtester.com/signin, WAIT_SLEEP_STEP=0, OPEN_REPORTS_AFTER_EXECUTION=no, ZIP_FOLDER_PATH=exports/reports/CucumberExtentReports, extent.reporter.spark.base64imagesrc=true, LOCATE=en, ZIP_FOLDER=no}
[INFO] 14-06-2025 03:53:38 [main] [LogUtils] - Loaded all properties files.
[INFO] 14-06-2025 03:53:38 [main] [LogUtils] - {TARGET=local, extent.reporter.spark.prefix.device=@device_, DELETE_TEMP_FOLDER=no, TELEGRAM_CHATID=, OVERRIDE_REPORTS=yes, screenshot.rel.path=/exports/reports/CucumberExtentReports/images/, SEND_REPORT_TO_TELEGRAM=no, SEND_EMAIL_TO_USERS=no, ZIP_FOLDER_NAME=CucumberExtentReports.zip, WAIT_DEFAULT=5, REMOTE_PORT=4444, screenshot.dir=exports/reports/CucumberExtentReports/images/, TELEGRAM_TOKEN=, extent.reporter.spark.prefix.author=@author_, extent.reporter.spark.enable.device=true, EXTENT_REPORT_PDF=PdfReport.pdf, VIDEO_RECORD=no, PASSWORD=T+wyT5u9cOelDJbBWNgxLw, SCREENSHOT_ALL_STEPS=no, EXTENT_REPORT_NAME=ExtentReport, extent.reporter.spark.start=true, EXPORT_VIDEO_PATH=exports/ExportData/Videos, EXPORT_CAPTURE_PATH=exports/ExportData/Images, WAIT_PAGE_LOADED=40, SCREENSHOT_PASSED_STEPS=no, EXTENT_REPORT_FOLDER=exports/reports/CucumberExtentReports, WAIT_EXPLICIT=10, BROWSER=chrome, REPORT_TITLE=Report | Automation Framework Cucumber TestNG | Anh Tester, AUTHOR=Anh Tester, EXCEL_DATA_FILE_PATH=src/test/resources/testdata/ClientsDataExcel.xlsx, WAIT_IMPLICIT=20, PROJECT_NAME=Automation Framework Cucumber TestNG | Anh Tester, extent.reporter.spark.out=exports/reports/CucumberExtentReports/CucumberExtentReports.html, extent.reporter.pdf.start=false, extent.reporter.excel.out=exports/reports/ExcelReport/ExtentExcel.xlsx, HEADLESS=true, REMOTE_URL=localhost, extent.reporter.spark.vieworder=dashboard,test,category,author,device,log,exception, extent.reporter.pdf.out=exports/reports/CucumberExtentReports/CucumberExtentPdfReport.pdf, SCREENSHOT_FAILED_STEPS=yes, SCREENSHOT_ALL_STEPS_DETAIL=no, TXT_FILE_PATH=src/test/resources/testdata/TxtFileData.txt, extent.reporter.excel.start=false, extent.reporter.spark.enable.author=true, JSON_DATA_FILE_PATH=src/test/resources/testdata/JsonData.json, ACTIVE_PAGE_LOADED=true, URL_CRM=https://rise.anhtester.com/signin, WAIT_SLEEP_STEP=0, OPEN_REPORTS_AFTER_EXECUTION=no, ZIP_FOLDER_PATH=exports/reports/CucumberExtentReports, extent.reporter.spark.base64imagesrc=true, LOCATE=en, ZIP_FOLDER=no}
[INFO] 14-06-2025 03:54:01 [main] [LogUtils] - Running Scenario Name: Login success
[INFO] 14-06-2025 03:54:07 [main] [LogUtils] - Open website with URL: https://cms.anhtester.com/login
[INFO] 14-06-2025 03:54:08 [main] [LogUtils] - Set text admin@example.com on By.xpath: //input[@id='email']
[INFO] 14-06-2025 03:54:09 [main] [LogUtils] - Set text 123456 on By.xpath: //input[@id='password']
[INFO] 14-06-2025 03:54:12 [main] [LogUtils] - Clicked on the element By.xpath: //button[normalize-space()='Login']
[INFO] 14-06-2025 03:54:12 [main] [LogUtils] - Get Current URL: https://cms.anhtester.com/admin
[INFO] 14-06-2025 03:54:13 [main] [LogUtils] - Verify Contains: https://cms.anhtester.com/admin CONTAINS /admin
[INFO] 14-06-2025 03:54:13 [main] [LogUtils] - Verify element present By.xpath: //span[normalize-space()='Products']
[INFO] 14-06-2025 03:54:14 [main] [LogUtils] - ================ AFTER ALL ================
[INFO] 14-06-2025 03:54:15 [main] [LogUtils] - Zipped C:\Users\hp\Desktop\AutomationFrameworkCucumberTestNG\target\allure-results successfully !!
[INFO] 14-06-2025 03:54:17 [main] [LogUtils] - count_totalTCs: 1
[INFO] 14-06-2025 03:54:17 [main] [LogUtils] - count_passedTCs: 1
[INFO] 14-06-2025 03:54:17 [main] [LogUtils] - count_failedTCs: 0
[INFO] 14-06-2025 03:54:17 [main] [LogUtils] - count_skippedTCs: 0
[INFO] 14-06-2025 03:54:17 [main] [LogUtils] - ********* RUN STARTED *********
[INFO] 14-06-2025 03:54:17 [main] [LogUtils] - ********* RUN FINISHED *********
[INFO] 14-06-2025 03:58:03 [main] [LogUtils] - ================ BEFORE ALL ================
[INFO] 14-06-2025 03:58:03 [main] [LogUtils] - Loaded all properties files.
[INFO] 14-06-2025 03:58:03 [main] [LogUtils] - {TARGET=local, extent.reporter.spark.prefix.device=@device_, DELETE_TEMP_FOLDER=no, TELEGRAM_CHATID=, OVERRIDE_REPORTS=yes, screenshot.rel.path=/exports/reports/CucumberExtentReports/images/, SEND_REPORT_TO_TELEGRAM=no, SEND_EMAIL_TO_USERS=no, ZIP_FOLDER_NAME=CucumberExtentReports.zip, WAIT_DEFAULT=5, REMOTE_PORT=4444, screenshot.dir=exports/reports/CucumberExtentReports/images/, TELEGRAM_TOKEN=, extent.reporter.spark.prefix.author=@author_, extent.reporter.spark.enable.device=true, EXTENT_REPORT_PDF=PdfReport.pdf, VIDEO_RECORD=no, PASSWORD=T+wyT5u9cOelDJbBWNgxLw, SCREENSHOT_ALL_STEPS=no, EXTENT_REPORT_NAME=ExtentReport, extent.reporter.spark.start=true, EXPORT_VIDEO_PATH=exports/ExportData/Videos, EXPORT_CAPTURE_PATH=exports/ExportData/Images, WAIT_PAGE_LOADED=40, SCREENSHOT_PASSED_STEPS=no, EXTENT_REPORT_FOLDER=exports/reports/CucumberExtentReports, WAIT_EXPLICIT=10, BROWSER=chrome, REPORT_TITLE=Report | Automation Framework Cucumber TestNG | Anh Tester, AUTHOR=Anh Tester, EXCEL_DATA_FILE_PATH=src/test/resources/testdata/ClientsDataExcel.xlsx, WAIT_IMPLICIT=20, PROJECT_NAME=Automation Framework Cucumber TestNG | Anh Tester, extent.reporter.spark.out=exports/reports/CucumberExtentReports/CucumberExtentReports.html, extent.reporter.pdf.start=false, extent.reporter.excel.out=exports/reports/ExcelReport/ExtentExcel.xlsx, HEADLESS=true, REMOTE_URL=localhost, extent.reporter.spark.vieworder=dashboard,test,category,author,device,log,exception, extent.reporter.pdf.out=exports/reports/CucumberExtentReports/CucumberExtentPdfReport.pdf, SCREENSHOT_FAILED_STEPS=yes, SCREENSHOT_ALL_STEPS_DETAIL=no, TXT_FILE_PATH=src/test/resources/testdata/TxtFileData.txt, extent.reporter.excel.start=false, extent.reporter.spark.enable.author=true, JSON_DATA_FILE_PATH=src/test/resources/testdata/JsonData.json, ACTIVE_PAGE_LOADED=true, URL_CRM=https://rise.anhtester.com/signin, WAIT_SLEEP_STEP=0, OPEN_REPORTS_AFTER_EXECUTION=no, ZIP_FOLDER_PATH=exports/reports/CucumberExtentReports, extent.reporter.spark.base64imagesrc=true, LOCATE=en, ZIP_FOLDER=no}
[INFO] 14-06-2025 03:58:04 [main] [LogUtils] - Loaded all properties files.
[INFO] 14-06-2025 03:58:04 [main] [LogUtils] - {TARGET=local, extent.reporter.spark.prefix.device=@device_, DELETE_TEMP_FOLDER=no, TELEGRAM_CHATID=, OVERRIDE_REPORTS=yes, screenshot.rel.path=/exports/reports/CucumberExtentReports/images/, SEND_REPORT_TO_TELEGRAM=no, SEND_EMAIL_TO_USERS=no, ZIP_FOLDER_NAME=CucumberExtentReports.zip, WAIT_DEFAULT=5, REMOTE_PORT=4444, screenshot.dir=exports/reports/CucumberExtentReports/images/, TELEGRAM_TOKEN=, extent.reporter.spark.prefix.author=@author_, extent.reporter.spark.enable.device=true, EXTENT_REPORT_PDF=PdfReport.pdf, VIDEO_RECORD=no, PASSWORD=T+wyT5u9cOelDJbBWNgxLw, SCREENSHOT_ALL_STEPS=no, EXTENT_REPORT_NAME=ExtentReport, extent.reporter.spark.start=true, EXPORT_VIDEO_PATH=exports/ExportData/Videos, EXPORT_CAPTURE_PATH=exports/ExportData/Images, WAIT_PAGE_LOADED=40, SCREENSHOT_PASSED_STEPS=no, EXTENT_REPORT_FOLDER=exports/reports/CucumberExtentReports, WAIT_EXPLICIT=10, BROWSER=chrome, REPORT_TITLE=Report | Automation Framework Cucumber TestNG | Anh Tester, AUTHOR=Anh Tester, EXCEL_DATA_FILE_PATH=src/test/resources/testdata/ClientsDataExcel.xlsx, WAIT_IMPLICIT=20, PROJECT_NAME=Automation Framework Cucumber TestNG | Anh Tester, extent.reporter.spark.out=exports/reports/CucumberExtentReports/CucumberExtentReports.html, extent.reporter.pdf.start=false, extent.reporter.excel.out=exports/reports/ExcelReport/ExtentExcel.xlsx, HEADLESS=true, REMOTE_URL=localhost, extent.reporter.spark.vieworder=dashboard,test,category,author,device,log,exception, extent.reporter.pdf.out=exports/reports/CucumberExtentReports/CucumberExtentPdfReport.pdf, SCREENSHOT_FAILED_STEPS=yes, SCREENSHOT_ALL_STEPS_DETAIL=no, TXT_FILE_PATH=src/test/resources/testdata/TxtFileData.txt, extent.reporter.excel.start=false, extent.reporter.spark.enable.author=true, JSON_DATA_FILE_PATH=src/test/resources/testdata/JsonData.json, ACTIVE_PAGE_LOADED=true, URL_CRM=https://rise.anhtester.com/signin, WAIT_SLEEP_STEP=0, OPEN_REPORTS_AFTER_EXECUTION=no, ZIP_FOLDER_PATH=exports/reports/CucumberExtentReports, extent.reporter.spark.base64imagesrc=true, LOCATE=en, ZIP_FOLDER=no}
[INFO] 14-06-2025 03:58:16 [main] [LogUtils] - Running Scenario Name: Login success
[INFO] 14-06-2025 03:58:22 [main] [LogUtils] - Open website with URL: https://cms.anhtester.com/login
[INFO] 14-06-2025 03:58:22 [main] [LogUtils] - Set text admin@example.com on By.xpath: //input[@id='email']
[INFO] 14-06-2025 03:58:23 [main] [LogUtils] - Set text 123456 on By.xpath: //input[@id='password']
[INFO] 14-06-2025 03:58:26 [main] [LogUtils] - Clicked on the element By.xpath: //button[normalize-space()='Login']
[INFO] 14-06-2025 03:58:27 [main] [LogUtils] - Get Current URL: https://cms.anhtester.com/admin
[INFO] 14-06-2025 03:58:27 [main] [LogUtils] - Verify Contains: https://cms.anhtester.com/admin CONTAINS /admin
[INFO] 14-06-2025 03:58:27 [main] [LogUtils] - Verify element present By.xpath: //span[normalize-space()='Products']
[INFO] 14-06-2025 03:58:30 [main] [LogUtils] - ================ AFTER ALL ================
[INFO] 14-06-2025 03:58:30 [main] [LogUtils] - Zipped C:\Users\hp\Desktop\AutomationFrameworkCucumberTestNG\target\allure-results successfully !!
[INFO] 14-06-2025 03:58:32 [main] [LogUtils] - count_totalTCs: 1
[INFO] 14-06-2025 03:58:32 [main] [LogUtils] - count_passedTCs: 1
[INFO] 14-06-2025 03:58:32 [main] [LogUtils] - count_failedTCs: 0
[INFO] 14-06-2025 03:58:32 [main] [LogUtils] - count_skippedTCs: 0
[INFO] 14-06-2025 03:58:32 [main] [LogUtils] - ********* RUN STARTED *********
[INFO] 14-06-2025 03:58:32 [main] [LogUtils] - ********* RUN FINISHED *********
[INFO] 14-06-2025 04:29:09 [main] [LogUtils] - ================ BEFORE ALL ================
[INFO] 14-06-2025 04:29:09 [main] [LogUtils] - Loaded all properties files.
[INFO] 14-06-2025 04:29:09 [main] [LogUtils] - {TARGET=local, extent.reporter.spark.prefix.device=@device_, DELETE_TEMP_FOLDER=no, TELEGRAM_CHATID=, OVERRIDE_REPORTS=yes, screenshot.rel.path=/exports/reports/CucumberExtentReports/images/, SEND_REPORT_TO_TELEGRAM=no, SEND_EMAIL_TO_USERS=no, ZIP_FOLDER_NAME=CucumberExtentReports.zip, WAIT_DEFAULT=5, REMOTE_PORT=4444, screenshot.dir=exports/reports/CucumberExtentReports/images/, TELEGRAM_TOKEN=, extent.reporter.spark.prefix.author=@author_, extent.reporter.spark.enable.device=true, EXTENT_REPORT_PDF=PdfReport.pdf, VIDEO_RECORD=no, PASSWORD=T+wyT5u9cOelDJbBWNgxLw, SCREENSHOT_ALL_STEPS=no, EXTENT_REPORT_NAME=ExtentReport, extent.reporter.spark.start=true, EXPORT_VIDEO_PATH=exports/ExportData/Videos, EXPORT_CAPTURE_PATH=exports/ExportData/Images, WAIT_PAGE_LOADED=40, SCREENSHOT_PASSED_STEPS=no, EXTENT_REPORT_FOLDER=exports/reports/CucumberExtentReports, WAIT_EXPLICIT=10, BROWSER=chrome, REPORT_TITLE=Report | Automation Framework Cucumber TestNG | Anh Tester, AUTHOR=Anh Tester, EXCEL_DATA_FILE_PATH=src/test/resources/testdata/ClientsDataExcel.xlsx, WAIT_IMPLICIT=20, PROJECT_NAME=Automation Framework Cucumber TestNG | Anh Tester, extent.reporter.spark.out=exports/reports/CucumberExtentReports/CucumberExtentReports.html, extent.reporter.pdf.start=false, extent.reporter.excel.out=exports/reports/ExcelReport/ExtentExcel.xlsx, HEADLESS=true, REMOTE_URL=localhost, extent.reporter.spark.vieworder=dashboard,test,category,author,device,log,exception, extent.reporter.pdf.out=exports/reports/CucumberExtentReports/CucumberExtentPdfReport.pdf, SCREENSHOT_FAILED_STEPS=yes, SCREENSHOT_ALL_STEPS_DETAIL=no, TXT_FILE_PATH=src/test/resources/testdata/TxtFileData.txt, extent.reporter.excel.start=false, extent.reporter.spark.enable.author=true, JSON_DATA_FILE_PATH=src/test/resources/testdata/JsonData.json, ACTIVE_PAGE_LOADED=true, URL_CRM=https://rise.anhtester.com/signin, WAIT_SLEEP_STEP=0, OPEN_REPORTS_AFTER_EXECUTION=no, ZIP_FOLDER_PATH=exports/reports/CucumberExtentReports, extent.reporter.spark.base64imagesrc=true, LOCATE=en, ZIP_FOLDER=no}
[INFO] 14-06-2025 04:29:10 [main] [LogUtils] - Loaded all properties files.
[INFO] 14-06-2025 04:29:10 [main] [LogUtils] - {TARGET=local, extent.reporter.spark.prefix.device=@device_, DELETE_TEMP_FOLDER=no, TELEGRAM_CHATID=, OVERRIDE_REPORTS=yes, screenshot.rel.path=/exports/reports/CucumberExtentReports/images/, SEND_REPORT_TO_TELEGRAM=no, SEND_EMAIL_TO_USERS=no, ZIP_FOLDER_NAME=CucumberExtentReports.zip, WAIT_DEFAULT=5, REMOTE_PORT=4444, screenshot.dir=exports/reports/CucumberExtentReports/images/, TELEGRAM_TOKEN=, extent.reporter.spark.prefix.author=@author_, extent.reporter.spark.enable.device=true, EXTENT_REPORT_PDF=PdfReport.pdf, VIDEO_RECORD=no, PASSWORD=T+wyT5u9cOelDJbBWNgxLw, SCREENSHOT_ALL_STEPS=no, EXTENT_REPORT_NAME=ExtentReport, extent.reporter.spark.start=true, EXPORT_VIDEO_PATH=exports/ExportData/Videos, EXPORT_CAPTURE_PATH=exports/ExportData/Images, WAIT_PAGE_LOADED=40, SCREENSHOT_PASSED_STEPS=no, EXTENT_REPORT_FOLDER=exports/reports/CucumberExtentReports, WAIT_EXPLICIT=10, BROWSER=chrome, REPORT_TITLE=Report | Automation Framework Cucumber TestNG | Anh Tester, AUTHOR=Anh Tester, EXCEL_DATA_FILE_PATH=src/test/resources/testdata/ClientsDataExcel.xlsx, WAIT_IMPLICIT=20, PROJECT_NAME=Automation Framework Cucumber TestNG | Anh Tester, extent.reporter.spark.out=exports/reports/CucumberExtentReports/CucumberExtentReports.html, extent.reporter.pdf.start=false, extent.reporter.excel.out=exports/reports/ExcelReport/ExtentExcel.xlsx, HEADLESS=true, REMOTE_URL=localhost, extent.reporter.spark.vieworder=dashboard,test,category,author,device,log,exception, extent.reporter.pdf.out=exports/reports/CucumberExtentReports/CucumberExtentPdfReport.pdf, SCREENSHOT_FAILED_STEPS=yes, SCREENSHOT_ALL_STEPS_DETAIL=no, TXT_FILE_PATH=src/test/resources/testdata/TxtFileData.txt, extent.reporter.excel.start=false, extent.reporter.spark.enable.author=true, JSON_DATA_FILE_PATH=src/test/resources/testdata/JsonData.json, ACTIVE_PAGE_LOADED=true, URL_CRM=https://rise.anhtester.com/signin, WAIT_SLEEP_STEP=0, OPEN_REPORTS_AFTER_EXECUTION=no, ZIP_FOLDER_PATH=exports/reports/CucumberExtentReports, extent.reporter.spark.base64imagesrc=true, LOCATE=en, ZIP_FOLDER=no}
[INFO] 14-06-2025 04:29:20 [main] [LogUtils] - Running Scenario Name: Sign in CRM with an email valid
[INFO] 14-06-2025 04:29:27 [main] [LogUtils] - Open website with URL: https://rise.anhtester.com/signin
[INFO] 14-06-2025 04:29:27 [main] [LogUtils] - Get Current URL: https://rise.anhtester.com/signin
[INFO] 14-06-2025 04:29:27 [main] [LogUtils] - Verify Contains: https://rise.anhtester.com/signin CONTAINS /signin
[INFO] 14-06-2025 04:29:27 [main] [LogUtils] - Get Page Title: Sign in | RISE CRM | Anh Tester Demo
[INFO] 14-06-2025 04:29:28 [main] [LogUtils] - Verify Equals: Sign in | RISE CRM | Anh Tester Demo = Sign in | RISE CRM | Anh Tester Demo
[INFO] 14-06-2025 04:29:33 [main] [LogUtils] - Clear and Fill admin@example.com on By.xpath: //input[@id='email']
[INFO] 14-06-2025 04:29:36 [main] [LogUtils] - Clear and Fill 123456 on By.xpath: //input[@id='password']
[INFO] 14-06-2025 04:29:40 [main] [LogUtils] - Clicked on the element By.xpath: //button[normalize-space()='Sign in']
[INFO] 14-06-2025 04:29:41 [main] [LogUtils] - ✅ Element By.xpath: //span[normalize-space()='Dashboard'] existing.
[INFO] 14-06-2025 04:29:41 [main] [LogUtils] - Get Current URL: https://rise.anhtester.com/dashboard/index/1
[INFO] 14-06-2025 04:29:41 [main] [LogUtils] - Verify Contains: https://rise.anhtester.com/dashboard/index/1 CONTAINS /dashboard
[INFO] 14-06-2025 04:29:45 [main] [LogUtils] - Running Scenario Name: Sign in CRM with an email invalid
[INFO] 14-06-2025 04:29:47 [main] [LogUtils] - Open website with URL: https://rise.anhtester.com/signin
[INFO] 14-06-2025 04:29:47 [main] [LogUtils] - Get Current URL: https://rise.anhtester.com/signin
[INFO] 14-06-2025 04:29:47 [main] [LogUtils] - Verify Contains: https://rise.anhtester.com/signin CONTAINS /signin
[INFO] 14-06-2025 04:29:48 [main] [LogUtils] - Get Page Title: Sign in | RISE CRM | Anh Tester Demo
[INFO] 14-06-2025 04:29:48 [main] [LogUtils] - Verify Equals: Sign in | RISE CRM | Anh Tester Demo = Sign in | RISE CRM | Anh Tester Demo
[INFO] 14-06-2025 04:29:48 [main] [LogUtils] - Clear and Fill demo@example.com on By.xpath: //input[@id='email']
[INFO] 14-06-2025 04:29:50 [main] [LogUtils] - Clear and Fill 123456 on By.xpath: //input[@id='password']
[INFO] 14-06-2025 04:29:53 [main] [LogUtils] - Clicked on the element By.xpath: //button[normalize-space()='Sign in']
[ERROR] 14-06-2025 04:29:53 [main] [LogUtils] - ❌ Element By.xpath: //div[@role='alert'] NOT exists.
[INFO] 14-06-2025 04:29:55 [main] [LogUtils] - ================ AFTER ALL ================
[INFO] 14-06-2025 04:29:56 [main] [LogUtils] - Zipped C:\Users\hp\Desktop\AutomationFrameworkCucumberTestNG\target\allure-results successfully !!
[INFO] 14-06-2025 04:29:58 [main] [LogUtils] - count_totalTCs: 2
[INFO] 14-06-2025 04:29:58 [main] [LogUtils] - count_passedTCs: 1
[INFO] 14-06-2025 04:29:58 [main] [LogUtils] - count_failedTCs: 1
[INFO] 14-06-2025 04:29:58 [main] [LogUtils] - count_skippedTCs: 0
[INFO] 14-06-2025 04:29:58 [main] [LogUtils] - ********* RUN STARTED *********
[INFO] 14-06-2025 04:29:58 [main] [LogUtils] - ********* RUN FINISHED *********
[INFO] 14-06-2025 04:34:58 [main] [LogUtils] - ================ BEFORE ALL ================
[INFO] 14-06-2025 04:34:58 [main] [LogUtils] - Loaded all properties files.
[INFO] 14-06-2025 04:34:58 [main] [LogUtils] - {TARGET=local, extent.reporter.spark.prefix.device=@device_, DELETE_TEMP_FOLDER=no, TELEGRAM_CHATID=, OVERRIDE_REPORTS=yes, screenshot.rel.path=/exports/reports/CucumberExtentReports/images/, SEND_REPORT_TO_TELEGRAM=no, SEND_EMAIL_TO_USERS=no, ZIP_FOLDER_NAME=CucumberExtentReports.zip, WAIT_DEFAULT=5, REMOTE_PORT=4444, screenshot.dir=exports/reports/CucumberExtentReports/images/, TELEGRAM_TOKEN=, extent.reporter.spark.prefix.author=@author_, extent.reporter.spark.enable.device=true, EXTENT_REPORT_PDF=PdfReport.pdf, VIDEO_RECORD=no, PASSWORD=T+wyT5u9cOelDJbBWNgxLw, SCREENSHOT_ALL_STEPS=no, EXTENT_REPORT_NAME=ExtentReport, extent.reporter.spark.start=true, EXPORT_VIDEO_PATH=exports/ExportData/Videos, EXPORT_CAPTURE_PATH=exports/ExportData/Images, WAIT_PAGE_LOADED=40, SCREENSHOT_PASSED_STEPS=no, EXTENT_REPORT_FOLDER=exports/reports/CucumberExtentReports, WAIT_EXPLICIT=10, BROWSER=chrome, REPORT_TITLE=Report | Automation Framework Cucumber TestNG | Anh Tester, AUTHOR=Anh Tester, EXCEL_DATA_FILE_PATH=src/test/resources/testdata/ClientsDataExcel.xlsx, WAIT_IMPLICIT=20, PROJECT_NAME=Automation Framework Cucumber TestNG | Siddharth Tester, extent.reporter.spark.out=exports/reports/CucumberExtentReports/CucumberExtentReports.html, extent.reporter.pdf.start=false, extent.reporter.excel.out=exports/reports/ExcelReport/ExtentExcel.xlsx, HEADLESS=false, REMOTE_URL=localhost, extent.reporter.spark.vieworder=dashboard,test,category,author,device,log,exception, extent.reporter.pdf.out=exports/reports/CucumberExtentReports/CucumberExtentPdfReport.pdf, SCREENSHOT_FAILED_STEPS=yes, SCREENSHOT_ALL_STEPS_DETAIL=no, TXT_FILE_PATH=src/test/resources/testdata/TxtFileData.txt, extent.reporter.excel.start=false, extent.reporter.spark.enable.author=true, JSON_DATA_FILE_PATH=src/test/resources/testdata/JsonData.json, ACTIVE_PAGE_LOADED=true, URL_CRM=https://rise.anhtester.com/signin, WAIT_SLEEP_STEP=0, OPEN_REPORTS_AFTER_EXECUTION=no, ZIP_FOLDER_PATH=exports/reports/CucumberExtentReports, extent.reporter.spark.base64imagesrc=true, LOCATE=en, ZIP_FOLDER=no}
[INFO] 14-06-2025 04:34:59 [main] [LogUtils] - Loaded all properties files.
[INFO] 14-06-2025 04:34:59 [main] [LogUtils] - {TARGET=local, extent.reporter.spark.prefix.device=@device_, DELETE_TEMP_FOLDER=no, TELEGRAM_CHATID=, OVERRIDE_REPORTS=yes, screenshot.rel.path=/exports/reports/CucumberExtentReports/images/, SEND_REPORT_TO_TELEGRAM=no, SEND_EMAIL_TO_USERS=no, ZIP_FOLDER_NAME=CucumberExtentReports.zip, WAIT_DEFAULT=5, REMOTE_PORT=4444, screenshot.dir=exports/reports/CucumberExtentReports/images/, TELEGRAM_TOKEN=, extent.reporter.spark.prefix.author=@author_, extent.reporter.spark.enable.device=true, EXTENT_REPORT_PDF=PdfReport.pdf, VIDEO_RECORD=no, PASSWORD=T+wyT5u9cOelDJbBWNgxLw, SCREENSHOT_ALL_STEPS=no, EXTENT_REPORT_NAME=ExtentReport, extent.reporter.spark.start=true, EXPORT_VIDEO_PATH=exports/ExportData/Videos, EXPORT_CAPTURE_PATH=exports/ExportData/Images, WAIT_PAGE_LOADED=40, SCREENSHOT_PASSED_STEPS=no, EXTENT_REPORT_FOLDER=exports/reports/CucumberExtentReports, WAIT_EXPLICIT=10, BROWSER=chrome, REPORT_TITLE=Report | Automation Framework Cucumber TestNG | Anh Tester, AUTHOR=Anh Tester, EXCEL_DATA_FILE_PATH=src/test/resources/testdata/ClientsDataExcel.xlsx, WAIT_IMPLICIT=20, PROJECT_NAME=Automation Framework Cucumber TestNG | Siddharth Tester, extent.reporter.spark.out=exports/reports/CucumberExtentReports/CucumberExtentReports.html, extent.reporter.pdf.start=false, extent.reporter.excel.out=exports/reports/ExcelReport/ExtentExcel.xlsx, HEADLESS=false, REMOTE_URL=localhost, extent.reporter.spark.vieworder=dashboard,test,category,author,device,log,exception, extent.reporter.pdf.out=exports/reports/CucumberExtentReports/CucumberExtentPdfReport.pdf, SCREENSHOT_FAILED_STEPS=yes, SCREENSHOT_ALL_STEPS_DETAIL=no, TXT_FILE_PATH=src/test/resources/testdata/TxtFileData.txt, extent.reporter.excel.start=false, extent.reporter.spark.enable.author=true, JSON_DATA_FILE_PATH=src/test/resources/testdata/JsonData.json, ACTIVE_PAGE_LOADED=true, URL_CRM=https://rise.anhtester.com/signin, WAIT_SLEEP_STEP=0, OPEN_REPORTS_AFTER_EXECUTION=no, ZIP_FOLDER_PATH=exports/reports/CucumberExtentReports, extent.reporter.spark.base64imagesrc=true, LOCATE=en, ZIP_FOLDER=no}
[INFO] 14-06-2025 04:35:12 [main] [LogUtils] - Running Scenario Name: Login success
[INFO] 14-06-2025 04:35:17 [main] [LogUtils] - Open website with URL: https://cms.anhtester.com/login
[INFO] 14-06-2025 04:35:18 [main] [LogUtils] - Set text admin@example.com on By.xpath: //input[@id='email']
[INFO] 14-06-2025 04:35:18 [main] [LogUtils] - Set text 123456 on By.xpath: //input[@id='password']
[INFO] 14-06-2025 04:35:21 [main] [LogUtils] - Clicked on the element By.xpath: //button[normalize-space()='Login']
[INFO] 14-06-2025 04:35:22 [main] [LogUtils] - Get Current URL: https://cms.anhtester.com/admin
[INFO] 14-06-2025 04:35:22 [main] [LogUtils] - Verify Contains: https://cms.anhtester.com/admin CONTAINS /admin
[INFO] 14-06-2025 04:35:22 [main] [LogUtils] - Verify element present By.xpath: //span[normalize-space()='Products']
[INFO] 14-06-2025 04:35:24 [main] [LogUtils] - ================ AFTER ALL ================
[INFO] 14-06-2025 04:35:25 [main] [LogUtils] - Zipped C:\Users\hp\Desktop\AutomationFrameworkCucumberTestNG\target\allure-results successfully !!
[INFO] 14-06-2025 04:35:27 [main] [LogUtils] - count_totalTCs: 1
[INFO] 14-06-2025 04:35:27 [main] [LogUtils] - count_passedTCs: 1
[INFO] 14-06-2025 04:35:27 [main] [LogUtils] - count_failedTCs: 0
[INFO] 14-06-2025 04:35:27 [main] [LogUtils] - count_skippedTCs: 0
[INFO] 14-06-2025 04:35:27 [main] [LogUtils] - ********* RUN STARTED *********
[INFO] 14-06-2025 04:35:27 [main] [LogUtils] - ********* RUN FINISHED *********
[INFO] 14-06-2025 04:40:25 [main] [LogUtils] - ================ BEFORE ALL ================
[INFO] 14-06-2025 04:40:25 [main] [LogUtils] - Loaded all properties files.
[INFO] 14-06-2025 04:40:25 [main] [LogUtils] - {TARGET=local, extent.reporter.spark.prefix.device=@device_, DELETE_TEMP_FOLDER=no, TELEGRAM_CHATID=, OVERRIDE_REPORTS=yes, screenshot.rel.path=/exports/reports/CucumberExtentReports/images/, SEND_REPORT_TO_TELEGRAM=no, SEND_EMAIL_TO_USERS=no, ZIP_FOLDER_NAME=CucumberExtentReports.zip, WAIT_DEFAULT=5, REMOTE_PORT=4444, screenshot.dir=exports/reports/CucumberExtentReports/images/, TELEGRAM_TOKEN=, extent.reporter.spark.prefix.author=@author_, extent.reporter.spark.enable.device=true, EXTENT_REPORT_PDF=PdfReport.pdf, VIDEO_RECORD=no, PASSWORD=T+wyT5u9cOelDJbBWNgxLw, SCREENSHOT_ALL_STEPS=no, EXTENT_REPORT_NAME=ExtentReport, extent.reporter.spark.start=true, EXPORT_VIDEO_PATH=exports/ExportData/Videos, EXPORT_CAPTURE_PATH=exports/ExportData/Images, WAIT_PAGE_LOADED=40, SCREENSHOT_PASSED_STEPS=no, EXTENT_REPORT_FOLDER=exports/reports/CucumberExtentReports, WAIT_EXPLICIT=10, BROWSER=chrome, REPORT_TITLE=Report | Automation Framework Cucumber TestNG | Anh Tester, AUTHOR=Anh Tester, EXCEL_DATA_FILE_PATH=src/test/resources/testdata/ClientsDataExcel.xlsx, WAIT_IMPLICIT=20, PROJECT_NAME=Automation Framework Cucumber TestNG | Siddharth Tester, extent.reporter.spark.out=exports/reports/CucumberExtentReports/CucumberExtentReports.html, extent.reporter.pdf.start=false, extent.reporter.excel.out=exports/reports/ExcelReport/ExtentExcel.xlsx, HEADLESS=false, REMOTE_URL=localhost, extent.reporter.spark.vieworder=dashboard,test,category,author,device,log,exception, extent.reporter.pdf.out=exports/reports/CucumberExtentReports/CucumberExtentPdfReport.pdf, SCREENSHOT_FAILED_STEPS=yes, SCREENSHOT_ALL_STEPS_DETAIL=no, TXT_FILE_PATH=src/test/resources/testdata/TxtFileData.txt, extent.reporter.excel.start=false, extent.reporter.spark.enable.author=true, JSON_DATA_FILE_PATH=src/test/resources/testdata/JsonData.json, ACTIVE_PAGE_LOADED=true, URL_CRM=https://rise.anhtester.com/signin, WAIT_SLEEP_STEP=0, OPEN_REPORTS_AFTER_EXECUTION=no, ZIP_FOLDER_PATH=exports/reports/CucumberExtentReports, extent.reporter.spark.base64imagesrc=true, LOCATE=en, ZIP_FOLDER=no}
[INFO] 14-06-2025 04:40:26 [main] [LogUtils] - Loaded all properties files.
[INFO] 14-06-2025 04:40:26 [main] [LogUtils] - {TARGET=local, extent.reporter.spark.prefix.device=@device_, DELETE_TEMP_FOLDER=no, TELEGRAM_CHATID=, OVERRIDE_REPORTS=yes, screenshot.rel.path=/exports/reports/CucumberExtentReports/images/, SEND_REPORT_TO_TELEGRAM=no, SEND_EMAIL_TO_USERS=no, ZIP_FOLDER_NAME=CucumberExtentReports.zip, WAIT_DEFAULT=5, REMOTE_PORT=4444, screenshot.dir=exports/reports/CucumberExtentReports/images/, TELEGRAM_TOKEN=, extent.reporter.spark.prefix.author=@author_, extent.reporter.spark.enable.device=true, EXTENT_REPORT_PDF=PdfReport.pdf, VIDEO_RECORD=no, PASSWORD=T+wyT5u9cOelDJbBWNgxLw, SCREENSHOT_ALL_STEPS=no, EXTENT_REPORT_NAME=ExtentReport, extent.reporter.spark.start=true, EXPORT_VIDEO_PATH=exports/ExportData/Videos, EXPORT_CAPTURE_PATH=exports/ExportData/Images, WAIT_PAGE_LOADED=40, SCREENSHOT_PASSED_STEPS=no, EXTENT_REPORT_FOLDER=exports/reports/CucumberExtentReports, WAIT_EXPLICIT=10, BROWSER=chrome, REPORT_TITLE=Report | Automation Framework Cucumber TestNG | Anh Tester, AUTHOR=Anh Tester, EXCEL_DATA_FILE_PATH=src/test/resources/testdata/ClientsDataExcel.xlsx, WAIT_IMPLICIT=20, PROJECT_NAME=Automation Framework Cucumber TestNG | Siddharth Tester, extent.reporter.spark.out=exports/reports/CucumberExtentReports/CucumberExtentReports.html, extent.reporter.pdf.start=false, extent.reporter.excel.out=exports/reports/ExcelReport/ExtentExcel.xlsx, HEADLESS=false, REMOTE_URL=localhost, extent.reporter.spark.vieworder=dashboard,test,category,author,device,log,exception, extent.reporter.pdf.out=exports/reports/CucumberExtentReports/CucumberExtentPdfReport.pdf, SCREENSHOT_FAILED_STEPS=yes, SCREENSHOT_ALL_STEPS_DETAIL=no, TXT_FILE_PATH=src/test/resources/testdata/TxtFileData.txt, extent.reporter.excel.start=false, extent.reporter.spark.enable.author=true, JSON_DATA_FILE_PATH=src/test/resources/testdata/JsonData.json, ACTIVE_PAGE_LOADED=true, URL_CRM=https://rise.anhtester.com/signin, WAIT_SLEEP_STEP=0, OPEN_REPORTS_AFTER_EXECUTION=no, ZIP_FOLDER_PATH=exports/reports/CucumberExtentReports, extent.reporter.spark.base64imagesrc=true, LOCATE=en, ZIP_FOLDER=no}
[INFO] 14-06-2025 04:40:38 [main] [LogUtils] - Running Scenario Name: Login success
[INFO] 14-06-2025 04:40:43 [main] [LogUtils] - Open website with URL: https://cms.anhtester.com/login
[INFO] 14-06-2025 04:40:44 [main] [LogUtils] - Set text admin@example.com on By.xpath: //input[@id='email']
[INFO] 14-06-2025 04:40:44 [main] [LogUtils] - Set text 123456 on By.xpath: //input[@id='password']
[INFO] 14-06-2025 04:40:47 [main] [LogUtils] - Clicked on the element By.xpath: //button[normalize-space()='Login']
[INFO] 14-06-2025 04:40:48 [main] [LogUtils] - Get Current URL: https://cms.anhtester.com/admin
[INFO] 14-06-2025 04:40:48 [main] [LogUtils] - Verify Contains: https://cms.anhtester.com/admin CONTAINS /admin
[INFO] 14-06-2025 04:40:48 [main] [LogUtils] - Verify element present By.xpath: //span[normalize-space()='Products']
[INFO] 14-06-2025 04:40:51 [main] [LogUtils] - ================ AFTER ALL ================
[INFO] 14-06-2025 04:40:52 [main] [LogUtils] - Zipped C:\Users\hp\Desktop\AutomationFrameworkCucumberTestNG\target\allure-results successfully !!
[INFO] 14-06-2025 04:40:54 [main] [LogUtils] - count_totalTCs: 1
[INFO] 14-06-2025 04:40:54 [main] [LogUtils] - count_passedTCs: 1
[INFO] 14-06-2025 04:40:54 [main] [LogUtils] - count_failedTCs: 0
[INFO] 14-06-2025 04:40:54 [main] [LogUtils] - count_skippedTCs: 0
[INFO] 14-06-2025 04:40:54 [main] [LogUtils] - ********* RUN STARTED *********
[INFO] 14-06-2025 04:40:54 [main] [LogUtils] - ********* RUN FINISHED *********
[INFO] 14-06-2025 04:50:02 [main] [LogUtils] - ================ BEFORE ALL ================
[INFO] 14-06-2025 04:50:02 [main] [LogUtils] - Loaded all properties files.
[INFO] 14-06-2025 04:50:02 [main] [LogUtils] - {TARGET=local, extent.reporter.spark.prefix.device=@device_, DELETE_TEMP_FOLDER=no, TELEGRAM_CHATID=, OVERRIDE_REPORTS=yes, screenshot.rel.path=/exports/reports/CucumberExtentReports/images/, SEND_REPORT_TO_TELEGRAM=no, SEND_EMAIL_TO_USERS=no, ZIP_FOLDER_NAME=CucumberExtentReports.zip, WAIT_DEFAULT=5, REMOTE_PORT=4444, screenshot.dir=exports/reports/CucumberExtentReports/images/, TELEGRAM_TOKEN=, extent.reporter.spark.prefix.author=@author_, extent.reporter.spark.enable.device=true, EXTENT_REPORT_PDF=PdfReport.pdf, VIDEO_RECORD=no, PASSWORD=T+wyT5u9cOelDJbBWNgxLw, SCREENSHOT_ALL_STEPS=no, EXTENT_REPORT_NAME=ExtentReport, extent.reporter.spark.start=true, EXPORT_VIDEO_PATH=exports/ExportData/Videos, EXPORT_CAPTURE_PATH=exports/ExportData/Images, WAIT_PAGE_LOADED=40, SCREENSHOT_PASSED_STEPS=no, EXTENT_REPORT_FOLDER=exports/reports/CucumberExtentReports, WAIT_EXPLICIT=10, BROWSER=chrome, REPORT_TITLE=Report | Automation Framework Cucumber TestNG | Anh Tester, AUTHOR=Anh Tester, EXCEL_DATA_FILE_PATH=src/test/resources/testdata/ClientsDataExcel.xlsx, WAIT_IMPLICIT=20, PROJECT_NAME=Automation Framework Cucumber TestNG | Siddharth Tester, extent.reporter.spark.out=exports/reports/CucumberExtentReports/CucumberExtentReports.html, extent.reporter.pdf.start=false, extent.reporter.excel.out=exports/reports/ExcelReport/ExtentExcel.xlsx, HEADLESS=false, REMOTE_URL=localhost, extent.reporter.spark.vieworder=dashboard,test,category,author,device,log,exception, extent.reporter.pdf.out=exports/reports/CucumberExtentReports/CucumberExtentPdfReport.pdf, SCREENSHOT_FAILED_STEPS=yes, SCREENSHOT_ALL_STEPS_DETAIL=no, TXT_FILE_PATH=src/test/resources/testdata/TxtFileData.txt, extent.reporter.excel.start=false, extent.reporter.spark.enable.author=true, JSON_DATA_FILE_PATH=src/test/resources/testdata/JsonData.json, ACTIVE_PAGE_LOADED=true, URL_CRM=https://rise.anhtester.com/signin, WAIT_SLEEP_STEP=0, OPEN_REPORTS_AFTER_EXECUTION=no, ZIP_FOLDER_PATH=exports/reports/CucumberExtentReports, extent.reporter.spark.base64imagesrc=true, LOCATE=en, ZIP_FOLDER=no}
[INFO] 14-06-2025 04:50:03 [main] [LogUtils] - Loaded all properties files.
[INFO] 14-06-2025 04:50:03 [main] [LogUtils] - {TARGET=local, extent.reporter.spark.prefix.device=@device_, DELETE_TEMP_FOLDER=no, TELEGRAM_CHATID=, OVERRIDE_REPORTS=yes, screenshot.rel.path=/exports/reports/CucumberExtentReports/images/, SEND_REPORT_TO_TELEGRAM=no, SEND_EMAIL_TO_USERS=no, ZIP_FOLDER_NAME=CucumberExtentReports.zip, WAIT_DEFAULT=5, REMOTE_PORT=4444, screenshot.dir=exports/reports/CucumberExtentReports/images/, TELEGRAM_TOKEN=, extent.reporter.spark.prefix.author=@author_, extent.reporter.spark.enable.device=true, EXTENT_REPORT_PDF=PdfReport.pdf, VIDEO_RECORD=no, PASSWORD=T+wyT5u9cOelDJbBWNgxLw, SCREENSHOT_ALL_STEPS=no, EXTENT_REPORT_NAME=ExtentReport, extent.reporter.spark.start=true, EXPORT_VIDEO_PATH=exports/ExportData/Videos, EXPORT_CAPTURE_PATH=exports/ExportData/Images, WAIT_PAGE_LOADED=40, SCREENSHOT_PASSED_STEPS=no, EXTENT_REPORT_FOLDER=exports/reports/CucumberExtentReports, WAIT_EXPLICIT=10, BROWSER=chrome, REPORT_TITLE=Report | Automation Framework Cucumber TestNG | Anh Tester, AUTHOR=Anh Tester, EXCEL_DATA_FILE_PATH=src/test/resources/testdata/ClientsDataExcel.xlsx, WAIT_IMPLICIT=20, PROJECT_NAME=Automation Framework Cucumber TestNG | Siddharth Tester, extent.reporter.spark.out=exports/reports/CucumberExtentReports/CucumberExtentReports.html, extent.reporter.pdf.start=false, extent.reporter.excel.out=exports/reports/ExcelReport/ExtentExcel.xlsx, HEADLESS=false, REMOTE_URL=localhost, extent.reporter.spark.vieworder=dashboard,test,category,author,device,log,exception, extent.reporter.pdf.out=exports/reports/CucumberExtentReports/CucumberExtentPdfReport.pdf, SCREENSHOT_FAILED_STEPS=yes, SCREENSHOT_ALL_STEPS_DETAIL=no, TXT_FILE_PATH=src/test/resources/testdata/TxtFileData.txt, extent.reporter.excel.start=false, extent.reporter.spark.enable.author=true, JSON_DATA_FILE_PATH=src/test/resources/testdata/JsonData.json, ACTIVE_PAGE_LOADED=true, URL_CRM=https://rise.anhtester.com/signin, WAIT_SLEEP_STEP=0, OPEN_REPORTS_AFTER_EXECUTION=no, ZIP_FOLDER_PATH=exports/reports/CucumberExtentReports, extent.reporter.spark.base64imagesrc=true, LOCATE=en, ZIP_FOLDER=no}
[INFO] 14-06-2025 04:50:16 [main] [LogUtils] - Running Scenario Name: Login success
[INFO] 14-06-2025 04:50:21 [main] [LogUtils] - Open website with URL: https://cms.anhtester.com/login
[INFO] 14-06-2025 04:50:22 [main] [LogUtils] - Set text admin@example.com on By.xpath: //input[@id='email']
[INFO] 14-06-2025 04:50:22 [main] [LogUtils] - Set text 123456 on By.xpath: //input[@id='password']
[INFO] 14-06-2025 04:50:25 [main] [LogUtils] - Clicked on the element By.xpath: //button[normalize-space()='Login']
[INFO] 14-06-2025 04:50:25 [main] [LogUtils] - Get Current URL: https://cms.anhtester.com/admin
[INFO] 14-06-2025 04:50:26 [main] [LogUtils] - Verify Contains: https://cms.anhtester.com/admin CONTAINS /admin
[INFO] 14-06-2025 04:50:26 [main] [LogUtils] - Verify element present By.xpath: //span[normalize-space()='Products']
[INFO] 14-06-2025 04:50:29 [main] [LogUtils] - ================ AFTER ALL ================
[INFO] 14-06-2025 04:50:29 [main] [LogUtils] - Zipped C:\Users\hp\Desktop\AutomationFrameworkCucumberTestNG\target\allure-results successfully !!
[INFO] 14-06-2025 04:50:31 [main] [LogUtils] - count_totalTCs: 1
[INFO] 14-06-2025 04:50:32 [main] [LogUtils] - count_passedTCs: 1
[INFO] 14-06-2025 04:50:32 [main] [LogUtils] - count_failedTCs: 0
[INFO] 14-06-2025 04:50:32 [main] [LogUtils] - count_skippedTCs: 0
[INFO] 14-06-2025 04:50:32 [main] [LogUtils] - ********* RUN STARTED *********
[INFO] 14-06-2025 04:50:32 [main] [LogUtils] - ********* RUN FINISHED *********
[INFO] 14-06-2025 04:57:23 [main] [LogUtils] - ================ BEFORE ALL ================
[INFO] 14-06-2025 04:57:23 [main] [LogUtils] - Loaded all properties files.
[INFO] 14-06-2025 04:57:23 [main] [LogUtils] - {TARGET=local, extent.reporter.spark.prefix.device=@device_, DELETE_TEMP_FOLDER=no, TELEGRAM_CHATID=, OVERRIDE_REPORTS=yes, screenshot.rel.path=/exports/reports/CucumberExtentReports/images/, SEND_REPORT_TO_TELEGRAM=no, SEND_EMAIL_TO_USERS=no, ZIP_FOLDER_NAME=CucumberExtentReports.zip, WAIT_DEFAULT=5, REMOTE_PORT=4444, screenshot.dir=exports/reports/CucumberExtentReports/images/, TELEGRAM_TOKEN=, extent.reporter.spark.prefix.author=@author_, extent.reporter.spark.enable.device=true, EXTENT_REPORT_PDF=PdfReport.pdf, VIDEO_RECORD=no, PASSWORD=T+wyT5u9cOelDJbBWNgxLw, SCREENSHOT_ALL_STEPS=no, EXTENT_REPORT_NAME=ExtentReport, extent.reporter.spark.start=true, EXPORT_VIDEO_PATH=exports/ExportData/Videos, EXPORT_CAPTURE_PATH=exports/ExportData/Images, WAIT_PAGE_LOADED=40, SCREENSHOT_PASSED_STEPS=no, EXTENT_REPORT_FOLDER=exports/reports/CucumberExtentReports, WAIT_EXPLICIT=10, BROWSER=chrome, REPORT_TITLE=Report | Automation Framework Cucumber TestNG | Anh Tester, AUTHOR=Anh Tester, EXCEL_DATA_FILE_PATH=src/test/resources/testdata/ClientsDataExcel.xlsx, WAIT_IMPLICIT=20, PROJECT_NAME=Automation Framework Cucumber TestNG | Siddharth Tester, extent.reporter.spark.out=exports/reports/CucumberExtentReports/CucumberExtentReports.html, extent.reporter.pdf.start=false, extent.reporter.excel.out=exports/reports/ExcelReport/ExtentExcel.xlsx, HEADLESS=false, REMOTE_URL=localhost, extent.reporter.spark.vieworder=dashboard,test,category,author,device,log,exception, extent.reporter.pdf.out=exports/reports/CucumberExtentReports/CucumberExtentPdfReport.pdf, SCREENSHOT_FAILED_STEPS=yes, SCREENSHOT_ALL_STEPS_DETAIL=no, TXT_FILE_PATH=src/test/resources/testdata/TxtFileData.txt, extent.reporter.excel.start=false, extent.reporter.spark.enable.author=true, JSON_DATA_FILE_PATH=src/test/resources/testdata/JsonData.json, ACTIVE_PAGE_LOADED=true, URL_CRM=https://rise.anhtester.com/signin, WAIT_SLEEP_STEP=0, OPEN_REPORTS_AFTER_EXECUTION=no, ZIP_FOLDER_PATH=exports/reports/CucumberExtentReports, extent.reporter.spark.base64imagesrc=true, LOCATE=en, ZIP_FOLDER=no}
[INFO] 14-06-2025 04:57:24 [main] [LogUtils] - Loaded all properties files.
[INFO] 14-06-2025 04:57:24 [main] [LogUtils] - {TARGET=local, extent.reporter.spark.prefix.device=@device_, DELETE_TEMP_FOLDER=no, TELEGRAM_CHATID=, OVERRIDE_REPORTS=yes, screenshot.rel.path=/exports/reports/CucumberExtentReports/images/, SEND_REPORT_TO_TELEGRAM=no, SEND_EMAIL_TO_USERS=no, ZIP_FOLDER_NAME=CucumberExtentReports.zip, WAIT_DEFAULT=5, REMOTE_PORT=4444, screenshot.dir=exports/reports/CucumberExtentReports/images/, TELEGRAM_TOKEN=, extent.reporter.spark.prefix.author=@author_, extent.reporter.spark.enable.device=true, EXTENT_REPORT_PDF=PdfReport.pdf, VIDEO_RECORD=no, PASSWORD=T+wyT5u9cOelDJbBWNgxLw, SCREENSHOT_ALL_STEPS=no, EXTENT_REPORT_NAME=ExtentReport, extent.reporter.spark.start=true, EXPORT_VIDEO_PATH=exports/ExportData/Videos, EXPORT_CAPTURE_PATH=exports/ExportData/Images, WAIT_PAGE_LOADED=40, SCREENSHOT_PASSED_STEPS=no, EXTENT_REPORT_FOLDER=exports/reports/CucumberExtentReports, WAIT_EXPLICIT=10, BROWSER=chrome, REPORT_TITLE=Report | Automation Framework Cucumber TestNG | Anh Tester, AUTHOR=Anh Tester, EXCEL_DATA_FILE_PATH=src/test/resources/testdata/ClientsDataExcel.xlsx, WAIT_IMPLICIT=20, PROJECT_NAME=Automation Framework Cucumber TestNG | Siddharth Tester, extent.reporter.spark.out=exports/reports/CucumberExtentReports/CucumberExtentReports.html, extent.reporter.pdf.start=false, extent.reporter.excel.out=exports/reports/ExcelReport/ExtentExcel.xlsx, HEADLESS=false, REMOTE_URL=localhost, extent.reporter.spark.vieworder=dashboard,test,category,author,device,log,exception, extent.reporter.pdf.out=exports/reports/CucumberExtentReports/CucumberExtentPdfReport.pdf, SCREENSHOT_FAILED_STEPS=yes, SCREENSHOT_ALL_STEPS_DETAIL=no, TXT_FILE_PATH=src/test/resources/testdata/TxtFileData.txt, extent.reporter.excel.start=false, extent.reporter.spark.enable.author=true, JSON_DATA_FILE_PATH=src/test/resources/testdata/JsonData.json, ACTIVE_PAGE_LOADED=true, URL_CRM=https://rise.anhtester.com/signin, WAIT_SLEEP_STEP=0, OPEN_REPORTS_AFTER_EXECUTION=no, ZIP_FOLDER_PATH=exports/reports/CucumberExtentReports, extent.reporter.spark.base64imagesrc=true, LOCATE=en, ZIP_FOLDER=no}
[INFO] 14-06-2025 04:57:38 [main] [LogUtils] - Running Scenario Name: Login success
[INFO] 14-06-2025 04:57:43 [main] [LogUtils] - Open website with URL: https://cms.anhtester.com/login
[INFO] 14-06-2025 04:57:44 [main] [LogUtils] - Set text admin@example.com on By.xpath: //input[@id='email']
[INFO] 14-06-2025 04:57:45 [main] [LogUtils] - Set text 123456 on By.xpath: //input[@id='password']
[INFO] 14-06-2025 04:57:47 [main] [LogUtils] - Clicked on the element By.xpath: //button[normalize-space()='Login']
[INFO] 14-06-2025 04:57:48 [main] [LogUtils] - Get Current URL: https://cms.anhtester.com/admin
[INFO] 14-06-2025 04:57:48 [main] [LogUtils] - Verify Contains: https://cms.anhtester.com/admin CONTAINS /admin
[INFO] 14-06-2025 04:57:48 [main] [LogUtils] - Verify element present By.xpath: //span[normalize-space()='Products']
[INFO] 14-06-2025 04:57:51 [main] [LogUtils] - ================ AFTER ALL ================
[INFO] 14-06-2025 04:57:51 [main] [LogUtils] - Zipped C:\Users\hp\Desktop\AutomationFrameworkCucumberTestNG\target\allure-results successfully !!
[INFO] 14-06-2025 04:57:53 [main] [LogUtils] - count_totalTCs: 1
[INFO] 14-06-2025 04:57:53 [main] [LogUtils] - count_passedTCs: 1
[INFO] 14-06-2025 04:57:53 [main] [LogUtils] - count_failedTCs: 0
[INFO] 14-06-2025 04:57:53 [main] [LogUtils] - count_skippedTCs: 0
[INFO] 14-06-2025 04:57:53 [main] [LogUtils] - ********* RUN STARTED *********
[INFO] 14-06-2025 04:57:53 [main] [LogUtils] - ********* RUN FINISHED *********
[INFO] 14-06-2025 04:59:45 [main] [LogUtils] - ================ BEFORE ALL ================
[INFO] 14-06-2025 04:59:45 [main] [LogUtils] - Loaded all properties files.
[INFO] 14-06-2025 04:59:45 [main] [LogUtils] - {TARGET=local, extent.reporter.spark.prefix.device=@device_, DELETE_TEMP_FOLDER=no, TELEGRAM_CHATID=, OVERRIDE_REPORTS=yes, screenshot.rel.path=/exports/reports/CucumberExtentReports/images/, SEND_REPORT_TO_TELEGRAM=no, SEND_EMAIL_TO_USERS=no, ZIP_FOLDER_NAME=CucumberExtentReports.zip, WAIT_DEFAULT=5, REMOTE_PORT=4444, screenshot.dir=exports/reports/CucumberExtentReports/images/, TELEGRAM_TOKEN=, extent.reporter.spark.prefix.author=@author_, extent.reporter.spark.enable.device=true, EXTENT_REPORT_PDF=PdfReport.pdf, VIDEO_RECORD=no, PASSWORD=T+wyT5u9cOelDJbBWNgxLw, SCREENSHOT_ALL_STEPS=no, EXTENT_REPORT_NAME=ExtentReport, extent.reporter.spark.start=true, EXPORT_VIDEO_PATH=exports/ExportData/Videos, EXPORT_CAPTURE_PATH=exports/ExportData/Images, WAIT_PAGE_LOADED=40, SCREENSHOT_PASSED_STEPS=no, EXTENT_REPORT_FOLDER=exports/reports/CucumberExtentReports, WAIT_EXPLICIT=10, BROWSER=chrome, REPORT_TITLE=Report | Automation Framework Cucumber TestNG | Anh Tester, AUTHOR=Anh Tester, EXCEL_DATA_FILE_PATH=src/test/resources/testdata/ClientsDataExcel.xlsx, WAIT_IMPLICIT=20, PROJECT_NAME=Automation Framework Cucumber TestNG | Siddharth Tester, extent.reporter.spark.out=exports/reports/CucumberExtentReports/CucumberExtentReports.html, extent.reporter.pdf.start=false, extent.reporter.excel.out=exports/reports/ExcelReport/ExtentExcel.xlsx, HEADLESS=false, REMOTE_URL=localhost, extent.reporter.spark.vieworder=dashboard,test,category,author,device,log,exception, extent.reporter.pdf.out=exports/reports/CucumberExtentReports/CucumberExtentPdfReport.pdf, SCREENSHOT_FAILED_STEPS=yes, SCREENSHOT_ALL_STEPS_DETAIL=no, TXT_FILE_PATH=src/test/resources/testdata/TxtFileData.txt, extent.reporter.excel.start=false, extent.reporter.spark.enable.author=true, JSON_DATA_FILE_PATH=src/test/resources/testdata/JsonData.json, ACTIVE_PAGE_LOADED=true, URL_CRM=https://rise.anhtester.com/signin, WAIT_SLEEP_STEP=0, OPEN_REPORTS_AFTER_EXECUTION=no, ZIP_FOLDER_PATH=exports/reports/CucumberExtentReports, extent.reporter.spark.base64imagesrc=true, LOCATE=en, ZIP_FOLDER=no}
[INFO] 14-06-2025 04:59:46 [main] [LogUtils] - Loaded all properties files.
[INFO] 14-06-2025 04:59:46 [main] [LogUtils] - {TARGET=local, extent.reporter.spark.prefix.device=@device_, DELETE_TEMP_FOLDER=no, TELEGRAM_CHATID=, OVERRIDE_REPORTS=yes, screenshot.rel.path=/exports/reports/CucumberExtentReports/images/, SEND_REPORT_TO_TELEGRAM=no, SEND_EMAIL_TO_USERS=no, ZIP_FOLDER_NAME=CucumberExtentReports.zip, WAIT_DEFAULT=5, REMOTE_PORT=4444, screenshot.dir=exports/reports/CucumberExtentReports/images/, TELEGRAM_TOKEN=, extent.reporter.spark.prefix.author=@author_, extent.reporter.spark.enable.device=true, EXTENT_REPORT_PDF=PdfReport.pdf, VIDEO_RECORD=no, PASSWORD=T+wyT5u9cOelDJbBWNgxLw, SCREENSHOT_ALL_STEPS=no, EXTENT_REPORT_NAME=ExtentReport, extent.reporter.spark.start=true, EXPORT_VIDEO_PATH=exports/ExportData/Videos, EXPORT_CAPTURE_PATH=exports/ExportData/Images, WAIT_PAGE_LOADED=40, SCREENSHOT_PASSED_STEPS=no, EXTENT_REPORT_FOLDER=exports/reports/CucumberExtentReports, WAIT_EXPLICIT=10, BROWSER=chrome, REPORT_TITLE=Report | Automation Framework Cucumber TestNG | Anh Tester, AUTHOR=Anh Tester, EXCEL_DATA_FILE_PATH=src/test/resources/testdata/ClientsDataExcel.xlsx, WAIT_IMPLICIT=20, PROJECT_NAME=Automation Framework Cucumber TestNG | Siddharth Tester, extent.reporter.spark.out=exports/reports/CucumberExtentReports/CucumberExtentReports.html, extent.reporter.pdf.start=false, extent.reporter.excel.out=exports/reports/ExcelReport/ExtentExcel.xlsx, HEADLESS=false, REMOTE_URL=localhost, extent.reporter.spark.vieworder=dashboard,test,category,author,device,log,exception, extent.reporter.pdf.out=exports/reports/CucumberExtentReports/CucumberExtentPdfReport.pdf, SCREENSHOT_FAILED_STEPS=yes, SCREENSHOT_ALL_STEPS_DETAIL=no, TXT_FILE_PATH=src/test/resources/testdata/TxtFileData.txt, extent.reporter.excel.start=false, extent.reporter.spark.enable.author=true, JSON_DATA_FILE_PATH=src/test/resources/testdata/JsonData.json, ACTIVE_PAGE_LOADED=true, URL_CRM=https://rise.anhtester.com/signin, WAIT_SLEEP_STEP=0, OPEN_REPORTS_AFTER_EXECUTION=no, ZIP_FOLDER_PATH=exports/reports/CucumberExtentReports, extent.reporter.spark.base64imagesrc=true, LOCATE=en, ZIP_FOLDER=no}
[INFO] 14-06-2025 04:59:59 [main] [LogUtils] - Running Scenario Name: Login success
[INFO] 14-06-2025 05:00:04 [main] [LogUtils] - Open website with URL: https://cms.anhtester.com/login
[INFO] 14-06-2025 05:00:05 [main] [LogUtils] - Set text admin@example.com on By.xpath: //input[@id='email']
[INFO] 14-06-2025 05:00:06 [main] [LogUtils] - Set text 123456 on By.xpath: //input[@id='password']
[INFO] 14-06-2025 05:00:09 [main] [LogUtils] - Clicked on the element By.xpath: //button[normalize-space()='Login']
[INFO] 14-06-2025 05:00:09 [main] [LogUtils] - Get Current URL: https://cms.anhtester.com/admin
[INFO] 14-06-2025 05:00:09 [main] [LogUtils] - Verify Contains: https://cms.anhtester.com/admin CONTAINS /admin
[INFO] 14-06-2025 05:00:09 [main] [LogUtils] - Verify element present By.xpath: //span[normalize-space()='Products']
[INFO] 14-06-2025 05:00:11 [main] [LogUtils] - ================ AFTER ALL ================
[INFO] 14-06-2025 05:00:11 [main] [LogUtils] - Zipped C:\Users\hp\Desktop\AutomationFrameworkCucumberTestNG\target\allure-results successfully !!
[INFO] 14-06-2025 05:00:13 [main] [LogUtils] - count_totalTCs: 1
[INFO] 14-06-2025 05:00:13 [main] [LogUtils] - count_passedTCs: 1
[INFO] 14-06-2025 05:00:13 [main] [LogUtils] - count_failedTCs: 0
[INFO] 14-06-2025 05:00:13 [main] [LogUtils] - count_skippedTCs: 0
[INFO] 14-06-2025 05:00:13 [main] [LogUtils] - ********* RUN STARTED *********
[INFO] 14-06-2025 05:00:14 [main] [LogUtils] - ********* RUN FINISHED *********
[INFO] 14-06-2025 05:00:17 [main] [LogUtils] - ================ BEFORE ALL ================
[INFO] 14-06-2025 05:00:17 [main] [LogUtils] - Loaded all properties files.
[INFO] 14-06-2025 05:00:17 [main] [LogUtils] - {TARGET=local, extent.reporter.spark.prefix.device=@device_, DELETE_TEMP_FOLDER=no, TELEGRAM_CHATID=, OVERRIDE_REPORTS=yes, screenshot.rel.path=/exports/reports/CucumberExtentReports/images/, SEND_REPORT_TO_TELEGRAM=no, SEND_EMAIL_TO_USERS=no, ZIP_FOLDER_NAME=CucumberExtentReports.zip, WAIT_DEFAULT=5, REMOTE_PORT=4444, screenshot.dir=exports/reports/CucumberExtentReports/images/, TELEGRAM_TOKEN=, extent.reporter.spark.prefix.author=@author_, extent.reporter.spark.enable.device=true, EXTENT_REPORT_PDF=PdfReport.pdf, VIDEO_RECORD=no, PASSWORD=T+wyT5u9cOelDJbBWNgxLw, SCREENSHOT_ALL_STEPS=no, EXTENT_REPORT_NAME=ExtentReport, extent.reporter.spark.start=true, EXPORT_VIDEO_PATH=exports/ExportData/Videos, EXPORT_CAPTURE_PATH=exports/ExportData/Images, WAIT_PAGE_LOADED=40, SCREENSHOT_PASSED_STEPS=no, EXTENT_REPORT_FOLDER=exports/reports/CucumberExtentReports, WAIT_EXPLICIT=10, BROWSER=chrome, REPORT_TITLE=Report | Automation Framework Cucumber TestNG | Anh Tester, AUTHOR=Anh Tester, EXCEL_DATA_FILE_PATH=src/test/resources/testdata/ClientsDataExcel.xlsx, WAIT_IMPLICIT=20, PROJECT_NAME=Automation Framework Cucumber TestNG | Siddharth Tester, extent.reporter.spark.out=exports/reports/CucumberExtentReports/CucumberExtentReports.html, extent.reporter.pdf.start=false, extent.reporter.excel.out=exports/reports/ExcelReport/ExtentExcel.xlsx, HEADLESS=false, REMOTE_URL=localhost, extent.reporter.spark.vieworder=dashboard,test,category,author,device,log,exception, extent.reporter.pdf.out=exports/reports/CucumberExtentReports/CucumberExtentPdfReport.pdf, SCREENSHOT_FAILED_STEPS=yes, SCREENSHOT_ALL_STEPS_DETAIL=no, TXT_FILE_PATH=src/test/resources/testdata/TxtFileData.txt, extent.reporter.excel.start=false, extent.reporter.spark.enable.author=true, JSON_DATA_FILE_PATH=src/test/resources/testdata/JsonData.json, ACTIVE_PAGE_LOADED=true, URL_CRM=https://rise.anhtester.com/signin, WAIT_SLEEP_STEP=0, OPEN_REPORTS_AFTER_EXECUTION=no, ZIP_FOLDER_PATH=exports/reports/CucumberExtentReports, extent.reporter.spark.base64imagesrc=true, LOCATE=en, ZIP_FOLDER=no}
[INFO] 14-06-2025 05:00:23 [main] [LogUtils] - Running Scenario Name: Sign in CRM with an email valid
[INFO] 14-06-2025 05:00:27 [main] [LogUtils] - Open website with URL: https://rise.anhtester.com/signin
[INFO] 14-06-2025 05:00:27 [main] [LogUtils] - Get Current URL: https://rise.anhtester.com/signin
[INFO] 14-06-2025 05:00:27 [main] [LogUtils] - Verify Contains: https://rise.anhtester.com/signin CONTAINS /signin
[INFO] 14-06-2025 05:00:27 [main] [LogUtils] - Get Page Title: Sign in | RISE CRM | Anh Tester Demo
[INFO] 14-06-2025 05:00:27 [main] [LogUtils] - Verify Equals: Sign in | RISE CRM | Anh Tester Demo = Sign in | RISE CRM | Anh Tester Demo
[INFO] 14-06-2025 05:00:28 [main] [LogUtils] - Clear and Fill admin@example.com on By.xpath: //input[@id='email']
[INFO] 14-06-2025 05:00:31 [main] [LogUtils] - Clear and Fill 123456 on By.xpath: //input[@id='password']
[INFO] 14-06-2025 05:00:36 [main] [LogUtils] - Clicked on the element By.xpath: //button[normalize-space()='Sign in']
[INFO] 14-06-2025 05:00:38 [main] [LogUtils] - ✅ Element By.xpath: //span[normalize-space()='Dashboard'] existing.
[INFO] 14-06-2025 05:00:39 [main] [LogUtils] - Get Current URL: https://rise.anhtester.com/dashboard/index/1
[INFO] 14-06-2025 05:00:40 [main] [LogUtils] - Verify Contains: https://rise.anhtester.com/dashboard/index/1 CONTAINS /dashboard
[INFO] 14-06-2025 05:00:46 [main] [LogUtils] - Running Scenario Name: Sign in CRM with an email invalid
[INFO] 14-06-2025 05:00:49 [main] [LogUtils] - Open website with URL: https://rise.anhtester.com/signin
[INFO] 14-06-2025 05:00:49 [main] [LogUtils] - Get Current URL: https://rise.anhtester.com/signin
[INFO] 14-06-2025 05:00:49 [main] [LogUtils] - Verify Contains: https://rise.anhtester.com/signin CONTAINS /signin
[INFO] 14-06-2025 05:00:49 [main] [LogUtils] - Get Page Title: Sign in | RISE CRM | Anh Tester Demo
[INFO] 14-06-2025 05:00:49 [main] [LogUtils] - Verify Equals: Sign in | RISE CRM | Anh Tester Demo = Sign in | RISE CRM | Anh Tester Demo
[INFO] 14-06-2025 05:00:50 [main] [LogUtils] - Clear and Fill demo@example.com on By.xpath: //input[@id='email']
[INFO] 14-06-2025 05:00:52 [main] [LogUtils] - Clear and Fill 123456 on By.xpath: //input[@id='password']
[INFO] 14-06-2025 05:00:54 [main] [LogUtils] - Clicked on the element By.xpath: //button[normalize-space()='Sign in']
[ERROR] 14-06-2025 05:00:54 [main] [LogUtils] - ❌ Element By.xpath: //div[@role='alert'] NOT exists.
[INFO] 14-06-2025 05:00:56 [main] [LogUtils] - ================ AFTER ALL ================
[INFO] 14-06-2025 05:00:57 [main] [LogUtils] - Zipped C:\Users\hp\Desktop\AutomationFrameworkCucumberTestNG\target\allure-results successfully !!
[INFO] 14-06-2025 05:00:59 [main] [LogUtils] - count_totalTCs: 3
[INFO] 14-06-2025 05:00:59 [main] [LogUtils] - count_passedTCs: 2
[INFO] 14-06-2025 05:00:59 [main] [LogUtils] - count_failedTCs: 1
[INFO] 14-06-2025 05:00:59 [main] [LogUtils] - count_skippedTCs: 0
[INFO] 14-06-2025 05:00:59 [main] [LogUtils] - ********* RUN STARTED *********
[INFO] 14-06-2025 05:00:59 [main] [LogUtils] - ********* RUN FINISHED *********
[INFO] 14-06-2025 05:00:59 [main] [LogUtils] - ================ BEFORE ALL ================
[INFO] 14-06-2025 05:00:59 [main] [LogUtils] - Loaded all properties files.
[INFO] 14-06-2025 05:00:59 [main] [LogUtils] - {TARGET=local, extent.reporter.spark.prefix.device=@device_, DELETE_TEMP_FOLDER=no, TELEGRAM_CHATID=, OVERRIDE_REPORTS=yes, screenshot.rel.path=/exports/reports/CucumberExtentReports/images/, SEND_REPORT_TO_TELEGRAM=no, SEND_EMAIL_TO_USERS=no, ZIP_FOLDER_NAME=CucumberExtentReports.zip, WAIT_DEFAULT=5, REMOTE_PORT=4444, screenshot.dir=exports/reports/CucumberExtentReports/images/, TELEGRAM_TOKEN=, extent.reporter.spark.prefix.author=@author_, extent.reporter.spark.enable.device=true, EXTENT_REPORT_PDF=PdfReport.pdf, VIDEO_RECORD=no, PASSWORD=T+wyT5u9cOelDJbBWNgxLw, SCREENSHOT_ALL_STEPS=no, EXTENT_REPORT_NAME=ExtentReport, extent.reporter.spark.start=true, EXPORT_VIDEO_PATH=exports/ExportData/Videos, EXPORT_CAPTURE_PATH=exports/ExportData/Images, WAIT_PAGE_LOADED=40, SCREENSHOT_PASSED_STEPS=no, EXTENT_REPORT_FOLDER=exports/reports/CucumberExtentReports, WAIT_EXPLICIT=10, BROWSER=chrome, REPORT_TITLE=Report | Automation Framework Cucumber TestNG | Anh Tester, AUTHOR=Anh Tester, EXCEL_DATA_FILE_PATH=src/test/resources/testdata/ClientsDataExcel.xlsx, WAIT_IMPLICIT=20, PROJECT_NAME=Automation Framework Cucumber TestNG | Siddharth Tester, extent.reporter.spark.out=exports/reports/CucumberExtentReports/CucumberExtentReports.html, extent.reporter.pdf.start=false, extent.reporter.excel.out=exports/reports/ExcelReport/ExtentExcel.xlsx, HEADLESS=false, REMOTE_URL=localhost, extent.reporter.spark.vieworder=dashboard,test,category,author,device,log,exception, extent.reporter.pdf.out=exports/reports/CucumberExtentReports/CucumberExtentPdfReport.pdf, SCREENSHOT_FAILED_STEPS=yes, SCREENSHOT_ALL_STEPS_DETAIL=no, TXT_FILE_PATH=src/test/resources/testdata/TxtFileData.txt, extent.reporter.excel.start=false, extent.reporter.spark.enable.author=true, JSON_DATA_FILE_PATH=src/test/resources/testdata/JsonData.json, ACTIVE_PAGE_LOADED=true, URL_CRM=https://rise.anhtester.com/signin, WAIT_SLEEP_STEP=0, OPEN_REPORTS_AFTER_EXECUTION=no, ZIP_FOLDER_PATH=exports/reports/CucumberExtentReports, extent.reporter.spark.base64imagesrc=true, LOCATE=en, ZIP_FOLDER=no}
[INFO] 14-06-2025 05:01:03 [main] [LogUtils] - Running Scenario Name: Open menu
[INFO] 14-06-2025 05:01:07 [main] [LogUtils] - Open website with URL: https://hrm.anhtester.com/
[INFO] 14-06-2025 05:01:08 [main] [LogUtils] - Set text admin_example on By.xpath: //input[@id='iusername']
[INFO] 14-06-2025 05:01:08 [main] [LogUtils] - Scenario in ScenarioManager: io.cucumber.java.Scenario@4ecd395f
[INFO] 14-06-2025 05:01:08 [main] [LogUtils] - Set text 123456 on By.xpath: //input[@id='ipassword']
[INFO] 14-06-2025 05:01:09 [main] [LogUtils] - Clicked on the element By.xpath: //button[@type='submit']
[INFO] 14-06-2025 05:01:09 [main] [LogUtils] - Verify element visible By.xpath: //span[normalize-space()='Home']
[ERROR] 14-06-2025 05:01:29 [main] [LogUtils] - ❌ The element is NOT visible. By.xpath: //span[normalize-space()='Home']
[INFO] 14-06-2025 05:01:35 [main] [LogUtils] - Running Scenario Name: Open menu
[INFO] 14-06-2025 05:01:38 [main] [LogUtils] - Open website with URL: https://hrm.anhtester.com/
[INFO] 14-06-2025 05:01:39 [main] [LogUtils] - Set text admin_example on By.xpath: //input[@id='iusername']
[INFO] 14-06-2025 05:01:39 [main] [LogUtils] - Scenario in ScenarioManager: io.cucumber.java.Scenario@564c0e38
[INFO] 14-06-2025 05:01:39 [main] [LogUtils] - Set text 123456 on By.xpath: //input[@id='ipassword']
[INFO] 14-06-2025 05:01:40 [main] [LogUtils] - Clicked on the element By.xpath: //button[@type='submit']
[INFO] 14-06-2025 05:01:40 [main] [LogUtils] - Verify element visible By.xpath: //span[normalize-space()='Home']
[ERROR] 14-06-2025 05:02:00 [main] [LogUtils] - ❌ The element is NOT visible. By.xpath: //span[normalize-space()='Home']
[INFO] 14-06-2025 05:02:01 [main] [LogUtils] - ================ AFTER ALL ================
[INFO] 14-06-2025 05:02:02 [main] [LogUtils] - Zipped C:\Users\hp\Desktop\AutomationFrameworkCucumberTestNG\target\allure-results successfully !!
[INFO] 14-06-2025 05:02:04 [main] [LogUtils] - count_totalTCs: 5
[INFO] 14-06-2025 05:02:04 [main] [LogUtils] - count_passedTCs: 2
[INFO] 14-06-2025 05:02:04 [main] [LogUtils] - count_failedTCs: 3
[INFO] 14-06-2025 05:02:04 [main] [LogUtils] - count_skippedTCs: 0
[INFO] 14-06-2025 05:02:04 [main] [LogUtils] - ********* RUN STARTED *********
[INFO] 14-06-2025 05:02:04 [main] [LogUtils] - ********* RUN FINISHED *********
[INFO] 14-06-2025 07:39:36 [main] [LogUtils] - ================ BEFORE ALL ================
[INFO] 14-06-2025 07:39:36 [main] [LogUtils] - Loaded all properties files.
[INFO] 14-06-2025 07:39:36 [main] [LogUtils] - {TARGET=local, extent.reporter.spark.prefix.device=@device_, DELETE_TEMP_FOLDER=no, TELEGRAM_CHATID=, OVERRIDE_REPORTS=yes, screenshot.rel.path=/exports/reports/CucumberExtentReports/images/, SEND_REPORT_TO_TELEGRAM=no, SEND_EMAIL_TO_USERS=no, ZIP_FOLDER_NAME=CucumberExtentReports.zip, WAIT_DEFAULT=5, REMOTE_PORT=4444, screenshot.dir=exports/reports/CucumberExtentReports/images/, TELEGRAM_TOKEN=, extent.reporter.spark.prefix.author=@author_, extent.reporter.spark.enable.device=true, EXTENT_REPORT_PDF=PdfReport.pdf, VIDEO_RECORD=no, PASSWORD=T+wyT5u9cOelDJbBWNgxLw, SCREENSHOT_ALL_STEPS=no, EXTENT_REPORT_NAME=ExtentReport, extent.reporter.spark.start=true, EXPORT_VIDEO_PATH=exports/ExportData/Videos, EXPORT_CAPTURE_PATH=exports/ExportData/Images, WAIT_PAGE_LOADED=40, SCREENSHOT_PASSED_STEPS=no, EXTENT_REPORT_FOLDER=exports/reports/CucumberExtentReports, WAIT_EXPLICIT=10, BROWSER=chrome, REPORT_TITLE=Report | Automation Framework Cucumber TestNG | Anh Tester, AUTHOR=Anh Tester, EXCEL_DATA_FILE_PATH=src/test/resources/testdata/ClientsDataExcel.xlsx, WAIT_IMPLICIT=20, PROJECT_NAME=Automation Framework Cucumber TestNG | Siddharth Tester, extent.reporter.spark.out=exports/reports/CucumberExtentReports/CucumberExtentReports.html, extent.reporter.pdf.start=false, extent.reporter.excel.out=exports/reports/ExcelReport/ExtentExcel.xlsx, HEADLESS=false, REMOTE_URL=localhost, extent.reporter.spark.vieworder=dashboard,test,category,author,device,log,exception, extent.reporter.pdf.out=exports/reports/CucumberExtentReports/CucumberExtentPdfReport.pdf, SCREENSHOT_FAILED_STEPS=yes, SCREENSHOT_ALL_STEPS_DETAIL=no, TXT_FILE_PATH=src/test/resources/testdata/TxtFileData.txt, extent.reporter.excel.start=false, extent.reporter.spark.enable.author=true, JSON_DATA_FILE_PATH=src/test/resources/testdata/JsonData.json, ACTIVE_PAGE_LOADED=true, URL_CRM=https://rise.anhtester.com/signin, WAIT_SLEEP_STEP=0, OPEN_REPORTS_AFTER_EXECUTION=no, ZIP_FOLDER_PATH=exports/reports/CucumberExtentReports, extent.reporter.spark.base64imagesrc=true, LOCATE=en, ZIP_FOLDER=no}
[INFO] 14-06-2025 07:39:36 [main] [LogUtils] - Loaded all properties files.
[INFO] 14-06-2025 07:39:36 [main] [LogUtils] - {TARGET=local, extent.reporter.spark.prefix.device=@device_, DELETE_TEMP_FOLDER=no, TELEGRAM_CHATID=, OVERRIDE_REPORTS=yes, screenshot.rel.path=/exports/reports/CucumberExtentReports/images/, SEND_REPORT_TO_TELEGRAM=no, SEND_EMAIL_TO_USERS=no, ZIP_FOLDER_NAME=CucumberExtentReports.zip, WAIT_DEFAULT=5, REMOTE_PORT=4444, screenshot.dir=exports/reports/CucumberExtentReports/images/, TELEGRAM_TOKEN=, extent.reporter.spark.prefix.author=@author_, extent.reporter.spark.enable.device=true, EXTENT_REPORT_PDF=PdfReport.pdf, VIDEO_RECORD=no, PASSWORD=T+wyT5u9cOelDJbBWNgxLw, SCREENSHOT_ALL_STEPS=no, EXTENT_REPORT_NAME=ExtentReport, extent.reporter.spark.start=true, EXPORT_VIDEO_PATH=exports/ExportData/Videos, EXPORT_CAPTURE_PATH=exports/ExportData/Images, WAIT_PAGE_LOADED=40, SCREENSHOT_PASSED_STEPS=no, EXTENT_REPORT_FOLDER=exports/reports/CucumberExtentReports, WAIT_EXPLICIT=10, BROWSER=chrome, REPORT_TITLE=Report | Automation Framework Cucumber TestNG | Anh Tester, AUTHOR=Anh Tester, EXCEL_DATA_FILE_PATH=src/test/resources/testdata/ClientsDataExcel.xlsx, WAIT_IMPLICIT=20, PROJECT_NAME=Automation Framework Cucumber TestNG | Siddharth Tester, extent.reporter.spark.out=exports/reports/CucumberExtentReports/CucumberExtentReports.html, extent.reporter.pdf.start=false, extent.reporter.excel.out=exports/reports/ExcelReport/ExtentExcel.xlsx, HEADLESS=false, REMOTE_URL=localhost, extent.reporter.spark.vieworder=dashboard,test,category,author,device,log,exception, extent.reporter.pdf.out=exports/reports/CucumberExtentReports/CucumberExtentPdfReport.pdf, SCREENSHOT_FAILED_STEPS=yes, SCREENSHOT_ALL_STEPS_DETAIL=no, TXT_FILE_PATH=src/test/resources/testdata/TxtFileData.txt, extent.reporter.excel.start=false, extent.reporter.spark.enable.author=true, JSON_DATA_FILE_PATH=src/test/resources/testdata/JsonData.json, ACTIVE_PAGE_LOADED=true, URL_CRM=https://rise.anhtester.com/signin, WAIT_SLEEP_STEP=0, OPEN_REPORTS_AFTER_EXECUTION=no, ZIP_FOLDER_PATH=exports/reports/CucumberExtentReports, extent.reporter.spark.base64imagesrc=true, LOCATE=en, ZIP_FOLDER=no}
[INFO] 14-06-2025 07:39:50 [main] [LogUtils] - Running Scenario Name: Login success
[INFO] 14-06-2025 07:39:54 [main] [LogUtils] - Open website with URL: https://cms.anhtester.com/login
[INFO] 14-06-2025 07:39:54 [main] [LogUtils] - Set text admin@example.com on By.xpath: //input[@id='email']
[INFO] 14-06-2025 07:39:55 [main] [LogUtils] - Set text 123456 on By.xpath: //input[@id='password']
[INFO] 14-06-2025 07:39:58 [main] [LogUtils] - Clicked on the element By.xpath: //button[normalize-space()='Login']
[INFO] 14-06-2025 07:39:58 [main] [LogUtils] - Get Current URL: https://cms.anhtester.com/admin
[INFO] 14-06-2025 07:39:58 [main] [LogUtils] - Verify Contains: https://cms.anhtester.com/admin CONTAINS /admin
[INFO] 14-06-2025 07:39:58 [main] [LogUtils] - Verify element present By.xpath: //span[normalize-space()='Products']
[INFO] 14-06-2025 07:39:59 [main] [LogUtils] - ================ AFTER ALL ================
[INFO] 14-06-2025 07:40:01 [main] [LogUtils] - Zipped C:\Users\hp\Desktop\AutomationFrameworkCucumberTestNG\target\allure-results successfully !!
[INFO] 14-06-2025 07:40:03 [main] [LogUtils] - count_totalTCs: 1
[INFO] 14-06-2025 07:40:03 [main] [LogUtils] - count_passedTCs: 1
[INFO] 14-06-2025 07:40:03 [main] [LogUtils] - count_failedTCs: 0
[INFO] 14-06-2025 07:40:03 [main] [LogUtils] - count_skippedTCs: 0
[INFO] 14-06-2025 07:40:03 [main] [LogUtils] - ********* RUN STARTED *********
[INFO] 14-06-2025 07:40:03 [main] [LogUtils] - ********* RUN FINISHED *********
[INFO] 14-06-2025 08:08:06 [main] [LogUtils] - ================ BEFORE ALL ================
[INFO] 14-06-2025 08:08:06 [main] [LogUtils] - Loaded all properties files.
[INFO] 14-06-2025 08:08:06 [main] [LogUtils] - {TARGET=local, extent.reporter.spark.prefix.device=@device_, DELETE_TEMP_FOLDER=no, TELEGRAM_CHATID=, OVERRIDE_REPORTS=yes, screenshot.rel.path=/exports/reports/CucumberExtentReports/images/, SEND_REPORT_TO_TELEGRAM=no, SEND_EMAIL_TO_USERS=no, ZIP_FOLDER_NAME=CucumberExtentReports.zip, WAIT_DEFAULT=5, REMOTE_PORT=4444, screenshot.dir=exports/reports/CucumberExtentReports/images/, TELEGRAM_TOKEN=, extent.reporter.spark.prefix.author=@author_, extent.reporter.spark.enable.device=true, EXTENT_REPORT_PDF=PdfReport.pdf, VIDEO_RECORD=no, PASSWORD=T+wyT5u9cOelDJbBWNgxLw, SCREENSHOT_ALL_STEPS=no, EXTENT_REPORT_NAME=ExtentReport, extent.reporter.spark.start=true, EXPORT_VIDEO_PATH=exports/ExportData/Videos, EXPORT_CAPTURE_PATH=exports/ExportData/Images, WAIT_PAGE_LOADED=40, SCREENSHOT_PASSED_STEPS=no, EXTENT_REPORT_FOLDER=exports/reports/CucumberExtentReports, WAIT_EXPLICIT=10, BROWSER=chrome, REPORT_TITLE=Report | Automation Framework Cucumber TestNG | Anh Tester, AUTHOR=Anh Tester, EXCEL_DATA_FILE_PATH=src/test/resources/testdata/ClientsDataExcel.xlsx, WAIT_IMPLICIT=20, PROJECT_NAME=Automation Framework Cucumber TestNG | Siddharth Tester, extent.reporter.spark.out=exports/reports/CucumberExtentReports/CucumberExtentReports.html, extent.reporter.pdf.start=false, extent.reporter.excel.out=exports/reports/ExcelReport/ExtentExcel.xlsx, HEADLESS=false, REMOTE_URL=localhost, extent.reporter.spark.vieworder=dashboard,test,category,author,device,log,exception, extent.reporter.pdf.out=exports/reports/CucumberExtentReports/CucumberExtentPdfReport.pdf, SCREENSHOT_FAILED_STEPS=yes, SCREENSHOT_ALL_STEPS_DETAIL=no, TXT_FILE_PATH=src/test/resources/testdata/TxtFileData.txt, extent.reporter.excel.start=false, extent.reporter.spark.enable.author=true, JSON_DATA_FILE_PATH=src/test/resources/testdata/JsonData.json, ACTIVE_PAGE_LOADED=true, URL_CRM=https://rise.anhtester.com/signin, WAIT_SLEEP_STEP=0, OPEN_REPORTS_AFTER_EXECUTION=no, ZIP_FOLDER_PATH=exports/reports/CucumberExtentReports, extent.reporter.spark.base64imagesrc=true, LOCATE=en, ZIP_FOLDER=no}
[INFO] 14-06-2025 08:08:06 [main] [LogUtils] - Loaded all properties files.
[INFO] 14-06-2025 08:08:06 [main] [LogUtils] - {TARGET=local, extent.reporter.spark.prefix.device=@device_, DELETE_TEMP_FOLDER=no, TELEGRAM_CHATID=, OVERRIDE_REPORTS=yes, screenshot.rel.path=/exports/reports/CucumberExtentReports/images/, SEND_REPORT_TO_TELEGRAM=no, SEND_EMAIL_TO_USERS=no, ZIP_FOLDER_NAME=CucumberExtentReports.zip, WAIT_DEFAULT=5, REMOTE_PORT=4444, screenshot.dir=exports/reports/CucumberExtentReports/images/, TELEGRAM_TOKEN=, extent.reporter.spark.prefix.author=@author_, extent.reporter.spark.enable.device=true, EXTENT_REPORT_PDF=PdfReport.pdf, VIDEO_RECORD=no, PASSWORD=T+wyT5u9cOelDJbBWNgxLw, SCREENSHOT_ALL_STEPS=no, EXTENT_REPORT_NAME=ExtentReport, extent.reporter.spark.start=true, EXPORT_VIDEO_PATH=exports/ExportData/Videos, EXPORT_CAPTURE_PATH=exports/ExportData/Images, WAIT_PAGE_LOADED=40, SCREENSHOT_PASSED_STEPS=no, EXTENT_REPORT_FOLDER=exports/reports/CucumberExtentReports, WAIT_EXPLICIT=10, BROWSER=chrome, REPORT_TITLE=Report | Automation Framework Cucumber TestNG | Anh Tester, AUTHOR=Anh Tester, EXCEL_DATA_FILE_PATH=src/test/resources/testdata/ClientsDataExcel.xlsx, WAIT_IMPLICIT=20, PROJECT_NAME=Automation Framework Cucumber TestNG | Siddharth Tester, extent.reporter.spark.out=exports/reports/CucumberExtentReports/CucumberExtentReports.html, extent.reporter.pdf.start=false, extent.reporter.excel.out=exports/reports/ExcelReport/ExtentExcel.xlsx, HEADLESS=false, REMOTE_URL=localhost, extent.reporter.spark.vieworder=dashboard,test,category,author,device,log,exception, extent.reporter.pdf.out=exports/reports/CucumberExtentReports/CucumberExtentPdfReport.pdf, SCREENSHOT_FAILED_STEPS=yes, SCREENSHOT_ALL_STEPS_DETAIL=no, TXT_FILE_PATH=src/test/resources/testdata/TxtFileData.txt, extent.reporter.excel.start=false, extent.reporter.spark.enable.author=true, JSON_DATA_FILE_PATH=src/test/resources/testdata/JsonData.json, ACTIVE_PAGE_LOADED=true, URL_CRM=https://rise.anhtester.com/signin, WAIT_SLEEP_STEP=0, OPEN_REPORTS_AFTER_EXECUTION=no, ZIP_FOLDER_PATH=exports/reports/CucumberExtentReports, extent.reporter.spark.base64imagesrc=true, LOCATE=en, ZIP_FOLDER=no}
[INFO] 14-06-2025 08:08:17 [main] [LogUtils] - Running Scenario Name: Login success
[INFO] 14-06-2025 08:08:21 [main] [LogUtils] - Open website with URL: https://cms.anhtester.com/login
[INFO] 14-06-2025 08:08:22 [main] [LogUtils] - Set text admin@example.com on By.xpath: //input[@id='email']
[INFO] 14-06-2025 08:08:22 [main] [LogUtils] - Set text 123456 on By.xpath: //input[@id='password']
[INFO] 14-06-2025 08:08:25 [main] [LogUtils] - Clicked on the element By.xpath: //button[normalize-space()='Login']
[INFO] 14-06-2025 08:08:25 [main] [LogUtils] - Get Current URL: https://cms.anhtester.com/admin
[INFO] 14-06-2025 08:08:25 [main] [LogUtils] - Verify Contains: https://cms.anhtester.com/admin CONTAINS /admin
[INFO] 14-06-2025 08:08:26 [main] [LogUtils] - Verify element present By.xpath: //span[normalize-space()='Products']
[INFO] 14-06-2025 08:08:27 [main] [LogUtils] - ================ AFTER ALL ================
[INFO] 14-06-2025 08:08:27 [main] [LogUtils] - Zipped C:\Users\hp\Desktop\AutomationFrameworkCucumberTestNG\target\allure-results successfully !!
[INFO] 14-06-2025 08:08:30 [main] [LogUtils] - count_totalTCs: 1
[INFO] 14-06-2025 08:08:30 [main] [LogUtils] - count_passedTCs: 1
[INFO] 14-06-2025 08:08:30 [main] [LogUtils] - count_failedTCs: 0
[INFO] 14-06-2025 08:08:30 [main] [LogUtils] - count_skippedTCs: 0
[INFO] 14-06-2025 08:08:30 [main] [LogUtils] - ********* RUN STARTED *********
[INFO] 14-06-2025 08:08:30 [main] [LogUtils] - ********* RUN FINISHED *********
[INFO] 14-06-2025 08:41:54 [main] [LogUtils] - ================ BEFORE ALL ================
[INFO] 14-06-2025 08:41:54 [main] [LogUtils] - Loaded all properties files.
[INFO] 14-06-2025 08:41:54 [main] [LogUtils] - {TARGET=local, extent.reporter.spark.prefix.device=@device_, DELETE_TEMP_FOLDER=no, TELEGRAM_CHATID=, OVERRIDE_REPORTS=yes, screenshot.rel.path=/exports/reports/CucumberExtentReports/images/, SEND_REPORT_TO_TELEGRAM=no, SEND_EMAIL_TO_USERS=yes, ZIP_FOLDER_NAME=CucumberExtentReports.zip, WAIT_DEFAULT=5, REMOTE_PORT=4444, screenshot.dir=exports/reports/CucumberExtentReports/images/, TELEGRAM_TOKEN=, extent.reporter.spark.prefix.author=@author_, extent.reporter.spark.enable.device=true, EXTENT_REPORT_PDF=PdfReport.pdf, VIDEO_RECORD=no, PASSWORD=T+wyT5u9cOelDJbBWNgxLw, SCREENSHOT_ALL_STEPS=no, EXTENT_REPORT_NAME=ExtentReport, extent.reporter.spark.start=true, EXPORT_VIDEO_PATH=exports/ExportData/Videos, EXPORT_CAPTURE_PATH=exports/ExportData/Images, WAIT_PAGE_LOADED=40, SCREENSHOT_PASSED_STEPS=no, EXTENT_REPORT_FOLDER=exports/reports/CucumberExtentReports, WAIT_EXPLICIT=10, BROWSER=chrome, REPORT_TITLE=Report | Automation Framework Cucumber TestNG | Anh Tester, AUTHOR=Anh Tester, EXCEL_DATA_FILE_PATH=src/test/resources/testdata/ClientsDataExcel.xlsx, WAIT_IMPLICIT=20, PROJECT_NAME=Automation Framework Cucumber TestNG | Siddharth Tester, extent.reporter.spark.out=exports/reports/CucumberExtentReports/CucumberExtentReports.html, extent.reporter.pdf.start=false, extent.reporter.excel.out=exports/reports/ExcelReport/ExtentExcel.xlsx, HEADLESS=false, REMOTE_URL=localhost, extent.reporter.spark.vieworder=dashboard,test,category,author,device,log,exception, extent.reporter.pdf.out=exports/reports/CucumberExtentReports/CucumberExtentPdfReport.pdf, SCREENSHOT_FAILED_STEPS=yes, SCREENSHOT_ALL_STEPS_DETAIL=no, TXT_FILE_PATH=src/test/resources/testdata/TxtFileData.txt, extent.reporter.excel.start=false, extent.reporter.spark.enable.author=true, JSON_DATA_FILE_PATH=src/test/resources/testdata/JsonData.json, ACTIVE_PAGE_LOADED=true, URL_CRM=https://rise.anhtester.com/signin, WAIT_SLEEP_STEP=0, OPEN_REPORTS_AFTER_EXECUTION=no, ZIP_FOLDER_PATH=exports/reports/CucumberExtentReports, extent.reporter.spark.base64imagesrc=true, LOCATE=en, ZIP_FOLDER=no}
[INFO] 14-06-2025 08:41:55 [main] [LogUtils] - Loaded all properties files.
[INFO] 14-06-2025 08:41:55 [main] [LogUtils] - {TARGET=local, extent.reporter.spark.prefix.device=@device_, DELETE_TEMP_FOLDER=no, TELEGRAM_CHATID=, OVERRIDE_REPORTS=yes, screenshot.rel.path=/exports/reports/CucumberExtentReports/images/, SEND_REPORT_TO_TELEGRAM=no, SEND_EMAIL_TO_USERS=yes, ZIP_FOLDER_NAME=CucumberExtentReports.zip, WAIT_DEFAULT=5, REMOTE_PORT=4444, screenshot.dir=exports/reports/CucumberExtentReports/images/, TELEGRAM_TOKEN=, extent.reporter.spark.prefix.author=@author_, extent.reporter.spark.enable.device=true, EXTENT_REPORT_PDF=PdfReport.pdf, VIDEO_RECORD=no, PASSWORD=T+wyT5u9cOelDJbBWNgxLw, SCREENSHOT_ALL_STEPS=no, EXTENT_REPORT_NAME=ExtentReport, extent.reporter.spark.start=true, EXPORT_VIDEO_PATH=exports/ExportData/Videos, EXPORT_CAPTURE_PATH=exports/ExportData/Images, WAIT_PAGE_LOADED=40, SCREENSHOT_PASSED_STEPS=no, EXTENT_REPORT_FOLDER=exports/reports/CucumberExtentReports, WAIT_EXPLICIT=10, BROWSER=chrome, REPORT_TITLE=Report | Automation Framework Cucumber TestNG | Anh Tester, AUTHOR=Anh Tester, EXCEL_DATA_FILE_PATH=src/test/resources/testdata/ClientsDataExcel.xlsx, WAIT_IMPLICIT=20, PROJECT_NAME=Automation Framework Cucumber TestNG | Siddharth Tester, extent.reporter.spark.out=exports/reports/CucumberExtentReports/CucumberExtentReports.html, extent.reporter.pdf.start=false, extent.reporter.excel.out=exports/reports/ExcelReport/ExtentExcel.xlsx, HEADLESS=false, REMOTE_URL=localhost, extent.reporter.spark.vieworder=dashboard,test,category,author,device,log,exception, extent.reporter.pdf.out=exports/reports/CucumberExtentReports/CucumberExtentPdfReport.pdf, SCREENSHOT_FAILED_STEPS=yes, SCREENSHOT_ALL_STEPS_DETAIL=no, TXT_FILE_PATH=src/test/resources/testdata/TxtFileData.txt, extent.reporter.excel.start=false, extent.reporter.spark.enable.author=true, JSON_DATA_FILE_PATH=src/test/resources/testdata/JsonData.json, ACTIVE_PAGE_LOADED=true, URL_CRM=https://rise.anhtester.com/signin, WAIT_SLEEP_STEP=0, OPEN_REPORTS_AFTER_EXECUTION=no, ZIP_FOLDER_PATH=exports/reports/CucumberExtentReports, extent.reporter.spark.base64imagesrc=true, LOCATE=en, ZIP_FOLDER=no}
[INFO] 14-06-2025 08:42:15 [main] [LogUtils] - Running Scenario Name: Login success
[INFO] 14-06-2025 08:42:21 [main] [LogUtils] - Open website with URL: https://cms.anhtester.com/login
[INFO] 14-06-2025 08:42:22 [main] [LogUtils] - Set text admin@example.com on By.xpath: //input[@id='email']
[INFO] 14-06-2025 08:42:23 [main] [LogUtils] - Set text 123456 on By.xpath: //input[@id='password']
[INFO] 14-06-2025 08:42:27 [main] [LogUtils] - Clicked on the element By.xpath: //button[normalize-space()='Login']
[INFO] 14-06-2025 08:42:27 [main] [LogUtils] - Get Current URL: https://cms.anhtester.com/admin
[INFO] 14-06-2025 08:42:27 [main] [LogUtils] - Verify Contains: https://cms.anhtester.com/admin CONTAINS /admin
[INFO] 14-06-2025 08:42:28 [main] [LogUtils] - Verify element present By.xpath: //span[normalize-space()='Products']
[INFO] 14-06-2025 08:42:31 [main] [LogUtils] - ================ AFTER ALL ================
[INFO] 14-06-2025 08:42:32 [main] [LogUtils] - Zipped C:\Users\hp\Desktop\AutomationFrameworkCucumberTestNG\target\allure-results successfully !!
[INFO] 14-06-2025 08:42:34 [main] [LogUtils] - ****************************************
[INFO] 14-06-2025 08:42:34 [main] [LogUtils] - Send Email - START
[INFO] 14-06-2025 08:42:34 [main] [LogUtils] - ****************************************
[INFO] 14-06-2025 08:42:34 [main] [LogUtils] - File name: C:\Users\hp\Desktop\AutomationFrameworkCucumberTestNG\exports/reports/CucumberExtentReports\ExtentReport.html
[INFO] 14-06-2025 08:42:34 [main] [LogUtils] - count_totalTCs: 1
[INFO] 14-06-2025 08:42:34 [main] [LogUtils] - count_passedTCs: 1
[INFO] 14-06-2025 08:42:34 [main] [LogUtils] - count_failedTCs: 0
[INFO] 14-06-2025 08:42:34 [main] [LogUtils] - count_skippedTCs: 0
[INFO] 14-06-2025 08:42:49 [main] [LogUtils] - count_totalTCs: 1
[INFO] 14-06-2025 08:42:49 [main] [LogUtils] - count_passedTCs: 1
[INFO] 14-06-2025 08:42:49 [main] [LogUtils] - count_failedTCs: 0
[INFO] 14-06-2025 08:42:49 [main] [LogUtils] - count_skippedTCs: 0
[INFO] 14-06-2025 08:42:49 [main] [LogUtils] - ********* RUN STARTED *********
[INFO] 14-06-2025 08:42:49 [main] [LogUtils] - ********* RUN FINISHED *********
[INFO] 14-06-2025 23:24:48 [main] [LogUtils] - ================ BEFORE ALL ================
[INFO] 14-06-2025 23:24:48 [main] [LogUtils] - Loaded all properties files.
[INFO] 14-06-2025 23:24:48 [main] [LogUtils] - {TARGET=local, extent.reporter.spark.prefix.device=@device_, DELETE_TEMP_FOLDER=no, TELEGRAM_CHATID=, OVERRIDE_REPORTS=yes, screenshot.rel.path=/exports/reports/CucumberExtentReports/images/, SEND_REPORT_TO_TELEGRAM=no, SEND_EMAIL_TO_USERS=yes, ZIP_FOLDER_NAME=CucumberExtentReports.zip, WAIT_DEFAULT=5, REMOTE_PORT=4444, screenshot.dir=exports/reports/CucumberExtentReports/images/, TELEGRAM_TOKEN=, extent.reporter.spark.prefix.author=@author_, extent.reporter.spark.enable.device=true, EXTENT_REPORT_PDF=PdfReport.pdf, VIDEO_RECORD=no, PASSWORD=T+wyT5u9cOelDJbBWNgxLw, SCREENSHOT_ALL_STEPS=no, EXTENT_REPORT_NAME=ExtentReport, extent.reporter.spark.start=true, EXPORT_VIDEO_PATH=exports/ExportData/Videos, EXPORT_CAPTURE_PATH=exports/ExportData/Images, WAIT_PAGE_LOADED=40, SCREENSHOT_PASSED_STEPS=no, EXTENT_REPORT_FOLDER=exports/reports/CucumberExtentReports, WAIT_EXPLICIT=10, BROWSER=chrome, REPORT_TITLE=Report | Automation Framework Cucumber TestNG | siddharth Tester, AUTHOR=siddharth Tester, EXCEL_DATA_FILE_PATH=src/test/resources/testdata/ClientsDataExcel.xlsx, WAIT_IMPLICIT=20, PROJECT_NAME=Automation Framework Cucumber TestNG | Siddharth Tester, extent.reporter.spark.out=exports/reports/CucumberExtentReports/CucumberExtentReports.html, extent.reporter.pdf.start=false, extent.reporter.excel.out=exports/reports/ExcelReport/ExtentExcel.xlsx, HEADLESS=false, REMOTE_URL=localhost, extent.reporter.spark.vieworder=dashboard,test,category,author,device,log,exception, extent.reporter.pdf.out=exports/reports/CucumberExtentReports/CucumberExtentPdfReport.pdf, SCREENSHOT_FAILED_STEPS=yes, SCREENSHOT_ALL_STEPS_DETAIL=no, TXT_FILE_PATH=src/test/resources/testdata/TxtFileData.txt, extent.reporter.excel.start=false, extent.reporter.spark.enable.author=true, JSON_DATA_FILE_PATH=src/test/resources/testdata/JsonData.json, ACTIVE_PAGE_LOADED=true, URL_CRM=https://rise.anhtester.com/signin, WAIT_SLEEP_STEP=0, OPEN_REPORTS_AFTER_EXECUTION=no, ZIP_FOLDER_PATH=exports/reports/CucumberExtentReports, extent.reporter.spark.base64imagesrc=true, LOCATE=en, ZIP_FOLDER=no}
[INFO] 14-06-2025 23:24:49 [main] [LogUtils] - Loaded all properties files.
[INFO] 14-06-2025 23:24:49 [main] [LogUtils] - {TARGET=local, extent.reporter.spark.prefix.device=@device_, DELETE_TEMP_FOLDER=no, TELEGRAM_CHATID=, OVERRIDE_REPORTS=yes, screenshot.rel.path=/exports/reports/CucumberExtentReports/images/, SEND_REPORT_TO_TELEGRAM=no, SEND_EMAIL_TO_USERS=yes, ZIP_FOLDER_NAME=CucumberExtentReports.zip, WAIT_DEFAULT=5, REMOTE_PORT=4444, screenshot.dir=exports/reports/CucumberExtentReports/images/, TELEGRAM_TOKEN=, extent.reporter.spark.prefix.author=@author_, extent.reporter.spark.enable.device=true, EXTENT_REPORT_PDF=PdfReport.pdf, VIDEO_RECORD=no, PASSWORD=T+wyT5u9cOelDJbBWNgxLw, SCREENSHOT_ALL_STEPS=no, EXTENT_REPORT_NAME=ExtentReport, extent.reporter.spark.start=true, EXPORT_VIDEO_PATH=exports/ExportData/Videos, EXPORT_CAPTURE_PATH=exports/ExportData/Images, WAIT_PAGE_LOADED=40, SCREENSHOT_PASSED_STEPS=no, EXTENT_REPORT_FOLDER=exports/reports/CucumberExtentReports, WAIT_EXPLICIT=10, BROWSER=chrome, REPORT_TITLE=Report | Automation Framework Cucumber TestNG | siddharth Tester, AUTHOR=siddharth Tester, EXCEL_DATA_FILE_PATH=src/test/resources/testdata/ClientsDataExcel.xlsx, WAIT_IMPLICIT=20, PROJECT_NAME=Automation Framework Cucumber TestNG | Siddharth Tester, extent.reporter.spark.out=exports/reports/CucumberExtentReports/CucumberExtentReports.html, extent.reporter.pdf.start=false, extent.reporter.excel.out=exports/reports/ExcelReport/ExtentExcel.xlsx, HEADLESS=false, REMOTE_URL=localhost, extent.reporter.spark.vieworder=dashboard,test,category,author,device,log,exception, extent.reporter.pdf.out=exports/reports/CucumberExtentReports/CucumberExtentPdfReport.pdf, SCREENSHOT_FAILED_STEPS=yes, SCREENSHOT_ALL_STEPS_DETAIL=no, TXT_FILE_PATH=src/test/resources/testdata/TxtFileData.txt, extent.reporter.excel.start=false, extent.reporter.spark.enable.author=true, JSON_DATA_FILE_PATH=src/test/resources/testdata/JsonData.json, ACTIVE_PAGE_LOADED=true, URL_CRM=https://rise.anhtester.com/signin, WAIT_SLEEP_STEP=0, OPEN_REPORTS_AFTER_EXECUTION=no, ZIP_FOLDER_PATH=exports/reports/CucumberExtentReports, extent.reporter.spark.base64imagesrc=true, LOCATE=en, ZIP_FOLDER=no}
[INFO] 14-06-2025 23:25:04 [main] [LogUtils] - Running Scenario Name: Login success
[INFO] 14-06-2025 23:25:09 [main] [LogUtils] - Open website with URL: https://cms.anhtester.com/login
[INFO] 14-06-2025 23:25:10 [main] [LogUtils] - Set text admin@example.com on By.xpath: //input[@id='email']
[INFO] 14-06-2025 23:25:10 [main] [LogUtils] - Set text 123456 on By.xpath: //input[@id='password']
[INFO] 14-06-2025 23:25:13 [main] [LogUtils] - Clicked on the element By.xpath: //button[normalize-space()='Login']
[INFO] 14-06-2025 23:25:13 [main] [LogUtils] - Get Current URL: https://cms.anhtester.com/admin
[INFO] 14-06-2025 23:25:13 [main] [LogUtils] - Verify Contains: https://cms.anhtester.com/admin CONTAINS /admin
[INFO] 14-06-2025 23:25:14 [main] [LogUtils] - Verify element present By.xpath: //span[normalize-space()='Products']
[INFO] 14-06-2025 23:25:15 [main] [LogUtils] - ================ AFTER ALL ================
[INFO] 14-06-2025 23:25:15 [main] [LogUtils] - Zipped C:\Users\hp\Desktop\AutomationFrameworkCucumberTestNG\target\allure-results successfully !!
[INFO] 14-06-2025 23:25:17 [main] [LogUtils] - ****************************************
[INFO] 14-06-2025 23:25:17 [main] [LogUtils] - Send Email - START
[INFO] 14-06-2025 23:25:17 [main] [LogUtils] - ****************************************
[INFO] 14-06-2025 23:25:17 [main] [LogUtils] - File name: C:\Users\hp\Desktop\AutomationFrameworkCucumberTestNG\exports/reports/CucumberExtentReports\ExtentReport.html
[INFO] 14-06-2025 23:25:17 [main] [LogUtils] - count_totalTCs: 1
[INFO] 14-06-2025 23:25:17 [main] [LogUtils] - count_passedTCs: 1
[INFO] 14-06-2025 23:25:17 [main] [LogUtils] - count_failedTCs: 0
[INFO] 14-06-2025 23:25:17 [main] [LogUtils] - count_skippedTCs: 0
[INFO] 14-06-2025 23:25:31 [main] [LogUtils] - count_totalTCs: 1
[INFO] 14-06-2025 23:25:31 [main] [LogUtils] - count_passedTCs: 1
[INFO] 14-06-2025 23:25:31 [main] [LogUtils] - count_failedTCs: 0
[INFO] 14-06-2025 23:25:31 [main] [LogUtils] - count_skippedTCs: 0
[INFO] 14-06-2025 23:25:31 [main] [LogUtils] - ********* RUN STARTED *********
[INFO] 14-06-2025 23:25:31 [main] [LogUtils] - ********* RUN FINISHED *********
[INFO] 14-06-2025 23:35:12 [main] [LogUtils] - ================ BEFORE ALL ================
[INFO] 14-06-2025 23:35:12 [main] [LogUtils] - Loaded all properties files.
[INFO] 14-06-2025 23:35:12 [main] [LogUtils] - {TARGET=local, extent.reporter.spark.prefix.device=@device_, DELETE_TEMP_FOLDER=no, TELEGRAM_CHATID=, OVERRIDE_REPORTS=yes, screenshot.rel.path=/exports/reports/CucumberExtentReports/images/, SEND_REPORT_TO_TELEGRAM=no, SEND_EMAIL_TO_USERS=yes, ZIP_FOLDER_NAME=CucumberExtentReports.zip, WAIT_DEFAULT=5, REMOTE_PORT=4444, screenshot.dir=exports/reports/CucumberExtentReports/images/, TELEGRAM_TOKEN=, extent.reporter.spark.prefix.author=@author_, extent.reporter.spark.enable.device=true, EXTENT_REPORT_PDF=PdfReport.pdf, VIDEO_RECORD=no, PASSWORD=T+wyT5u9cOelDJbBWNgxLw, SCREENSHOT_ALL_STEPS=no, EXTENT_REPORT_NAME=CucumberExtentReport, extent.reporter.spark.start=true, EXPORT_VIDEO_PATH=exports/ExportData/Videos, EXPORT_CAPTURE_PATH=exports/ExportData/Images, WAIT_PAGE_LOADED=40, SCREENSHOT_PASSED_STEPS=no, EXTENT_REPORT_FOLDER=exports/reports/CucumberExtentReports, WAIT_EXPLICIT=10, BROWSER=chrome, REPORT_TITLE=Report | Automation Framework Cucumber TestNG | siddharth Tester, AUTHOR=siddharth Tester, EXCEL_DATA_FILE_PATH=src/test/resources/testdata/ClientsDataExcel.xlsx, WAIT_IMPLICIT=20, PROJECT_NAME=Automation Framework Cucumber TestNG | Siddharth Tester, extent.reporter.spark.out=exports/reports/CucumberExtentReports/CucumberExtentReports.html, extent.reporter.pdf.start=false, extent.reporter.excel.out=exports/reports/ExcelReport/ExtentExcel.xlsx, HEADLESS=false, REMOTE_URL=localhost, extent.reporter.spark.vieworder=dashboard,test,category,author,device,log,exception, extent.reporter.pdf.out=exports/reports/CucumberExtentReports/CucumberExtentPdfReport.pdf, SCREENSHOT_FAILED_STEPS=yes, SCREENSHOT_ALL_STEPS_DETAIL=no, TXT_FILE_PATH=src/test/resources/testdata/TxtFileData.txt, extent.reporter.excel.start=false, extent.reporter.spark.enable.author=true, JSON_DATA_FILE_PATH=src/test/resources/testdata/JsonData.json, ACTIVE_PAGE_LOADED=true, URL_CRM=https://rise.anhtester.com/signin, WAIT_SLEEP_STEP=0, OPEN_REPORTS_AFTER_EXECUTION=no, ZIP_FOLDER_PATH=exports/reports/CucumberExtentReports, extent.reporter.spark.base64imagesrc=true, LOCATE=en, ZIP_FOLDER=no}
[INFO] 14-06-2025 23:35:13 [main] [LogUtils] - Loaded all properties files.
[INFO] 14-06-2025 23:35:13 [main] [LogUtils] - {TARGET=local, extent.reporter.spark.prefix.device=@device_, DELETE_TEMP_FOLDER=no, TELEGRAM_CHATID=, OVERRIDE_REPORTS=yes, screenshot.rel.path=/exports/reports/CucumberExtentReports/images/, SEND_REPORT_TO_TELEGRAM=no, SEND_EMAIL_TO_USERS=yes, ZIP_FOLDER_NAME=CucumberExtentReports.zip, WAIT_DEFAULT=5, REMOTE_PORT=4444, screenshot.dir=exports/reports/CucumberExtentReports/images/, TELEGRAM_TOKEN=, extent.reporter.spark.prefix.author=@author_, extent.reporter.spark.enable.device=true, EXTENT_REPORT_PDF=PdfReport.pdf, VIDEO_RECORD=no, PASSWORD=T+wyT5u9cOelDJbBWNgxLw, SCREENSHOT_ALL_STEPS=no, EXTENT_REPORT_NAME=CucumberExtentReport, extent.reporter.spark.start=true, EXPORT_VIDEO_PATH=exports/ExportData/Videos, EXPORT_CAPTURE_PATH=exports/ExportData/Images, WAIT_PAGE_LOADED=40, SCREENSHOT_PASSED_STEPS=no, EXTENT_REPORT_FOLDER=exports/reports/CucumberExtentReports, WAIT_EXPLICIT=10, BROWSER=chrome, REPORT_TITLE=Report | Automation Framework Cucumber TestNG | siddharth Tester, AUTHOR=siddharth Tester, EXCEL_DATA_FILE_PATH=src/test/resources/testdata/ClientsDataExcel.xlsx, WAIT_IMPLICIT=20, PROJECT_NAME=Automation Framework Cucumber TestNG | Siddharth Tester, extent.reporter.spark.out=exports/reports/CucumberExtentReports/CucumberExtentReports.html, extent.reporter.pdf.start=false, extent.reporter.excel.out=exports/reports/ExcelReport/ExtentExcel.xlsx, HEADLESS=false, REMOTE_URL=localhost, extent.reporter.spark.vieworder=dashboard,test,category,author,device,log,exception, extent.reporter.pdf.out=exports/reports/CucumberExtentReports/CucumberExtentPdfReport.pdf, SCREENSHOT_FAILED_STEPS=yes, SCREENSHOT_ALL_STEPS_DETAIL=no, TXT_FILE_PATH=src/test/resources/testdata/TxtFileData.txt, extent.reporter.excel.start=false, extent.reporter.spark.enable.author=true, JSON_DATA_FILE_PATH=src/test/resources/testdata/JsonData.json, ACTIVE_PAGE_LOADED=true, URL_CRM=https://rise.anhtester.com/signin, WAIT_SLEEP_STEP=0, OPEN_REPORTS_AFTER_EXECUTION=no, ZIP_FOLDER_PATH=exports/reports/CucumberExtentReports, extent.reporter.spark.base64imagesrc=true, LOCATE=en, ZIP_FOLDER=no}
[INFO] 14-06-2025 23:35:24 [main] [LogUtils] - Running Scenario Name: Login success
[INFO] 14-06-2025 23:35:30 [main] [LogUtils] - Open website with URL: https://cms.anhtester.com/login
[INFO] 14-06-2025 23:35:31 [main] [LogUtils] - Set text admin@example.com on By.xpath: //input[@id='email']
[INFO] 14-06-2025 23:35:31 [main] [LogUtils] - Set text 123456 on By.xpath: //input[@id='password']
[INFO] 14-06-2025 23:35:34 [main] [LogUtils] - Clicked on the element By.xpath: //button[normalize-space()='Login']
[INFO] 14-06-2025 23:35:34 [main] [LogUtils] - Get Current URL: https://cms.anhtester.com/admin
[INFO] 14-06-2025 23:35:34 [main] [LogUtils] - Verify Contains: https://cms.anhtester.com/admin CONTAINS /admin
[INFO] 14-06-2025 23:35:34 [main] [LogUtils] - Verify element present By.xpath: //span[normalize-space()='Products']
[INFO] 14-06-2025 23:35:36 [main] [LogUtils] - ================ AFTER ALL ================
[INFO] 14-06-2025 23:35:36 [main] [LogUtils] - Zipped C:\Users\hp\Desktop\AutomationFrameworkCucumberTestNG\target\allure-results successfully !!
[INFO] 14-06-2025 23:35:38 [main] [LogUtils] - ****************************************
[INFO] 14-06-2025 23:35:38 [main] [LogUtils] - Send Email - START
[INFO] 14-06-2025 23:35:38 [main] [LogUtils] - ****************************************
[INFO] 14-06-2025 23:35:38 [main] [LogUtils] - File name: C:\Users\hp\Desktop\AutomationFrameworkCucumberTestNG\exports/reports/CucumberExtentReports\CucumberExtentReport.html
[INFO] 14-06-2025 23:35:38 [main] [LogUtils] - count_totalTCs: 1
[INFO] 14-06-2025 23:35:38 [main] [LogUtils] - count_passedTCs: 1
[INFO] 14-06-2025 23:35:38 [main] [LogUtils] - count_failedTCs: 0
[INFO] 14-06-2025 23:35:38 [main] [LogUtils] - count_skippedTCs: 0
[INFO] 14-06-2025 23:35:51 [main] [LogUtils] - count_totalTCs: 1
[INFO] 14-06-2025 23:35:51 [main] [LogUtils] - count_passedTCs: 1
[INFO] 14-06-2025 23:35:51 [main] [LogUtils] - count_failedTCs: 0
[INFO] 14-06-2025 23:35:51 [main] [LogUtils] - count_skippedTCs: 0
[INFO] 14-06-2025 23:35:51 [main] [LogUtils] - ********* RUN STARTED *********
[INFO] 14-06-2025 23:35:51 [main] [LogUtils] - ********* RUN FINISHED *********
[INFO] 14-06-2025 23:37:26 [main] [LogUtils] - ================ BEFORE ALL ================
[INFO] 14-06-2025 23:37:26 [main] [LogUtils] - Loaded all properties files.
[INFO] 14-06-2025 23:37:26 [main] [LogUtils] - {TARGET=local, extent.reporter.spark.prefix.device=@device_, DELETE_TEMP_FOLDER=no, TELEGRAM_CHATID=, OVERRIDE_REPORTS=yes, screenshot.rel.path=/exports/reports/CucumberExtentReports/images/, SEND_REPORT_TO_TELEGRAM=no, SEND_EMAIL_TO_USERS=yes, ZIP_FOLDER_NAME=CucumberExtentReports.zip, WAIT_DEFAULT=5, REMOTE_PORT=4444, screenshot.dir=exports/reports/CucumberExtentReports/images/, TELEGRAM_TOKEN=, extent.reporter.spark.prefix.author=@author_, extent.reporter.spark.enable.device=true, EXTENT_REPORT_PDF=PdfReport.pdf, VIDEO_RECORD=no, PASSWORD=T+wyT5u9cOelDJbBWNgxLw, SCREENSHOT_ALL_STEPS=no, EXTENT_REPORT_NAME=CucumberExtentReports, extent.reporter.spark.start=true, EXPORT_VIDEO_PATH=exports/ExportData/Videos, EXPORT_CAPTURE_PATH=exports/ExportData/Images, WAIT_PAGE_LOADED=40, SCREENSHOT_PASSED_STEPS=no, EXTENT_REPORT_FOLDER=exports/reports/CucumberExtentReports, WAIT_EXPLICIT=10, BROWSER=chrome, REPORT_TITLE=Report | Automation Framework Cucumber TestNG | siddharth Tester, AUTHOR=siddharth Tester, EXCEL_DATA_FILE_PATH=src/test/resources/testdata/ClientsDataExcel.xlsx, WAIT_IMPLICIT=20, PROJECT_NAME=Automation Framework Cucumber TestNG | Siddharth Tester, extent.reporter.spark.out=exports/reports/CucumberExtentReports/CucumberExtentReports.html, extent.reporter.pdf.start=false, extent.reporter.excel.out=exports/reports/ExcelReport/ExtentExcel.xlsx, HEADLESS=false, REMOTE_URL=localhost, extent.reporter.spark.vieworder=dashboard,test,category,author,device,log,exception, extent.reporter.pdf.out=exports/reports/CucumberExtentReports/CucumberExtentPdfReport.pdf, SCREENSHOT_FAILED_STEPS=yes, SCREENSHOT_ALL_STEPS_DETAIL=no, TXT_FILE_PATH=src/test/resources/testdata/TxtFileData.txt, extent.reporter.excel.start=false, extent.reporter.spark.enable.author=true, JSON_DATA_FILE_PATH=src/test/resources/testdata/JsonData.json, ACTIVE_PAGE_LOADED=true, URL_CRM=https://rise.anhtester.com/signin, WAIT_SLEEP_STEP=0, OPEN_REPORTS_AFTER_EXECUTION=no, ZIP_FOLDER_PATH=exports/reports/CucumberExtentReports, extent.reporter.spark.base64imagesrc=true, LOCATE=en, ZIP_FOLDER=no}
[INFO] 14-06-2025 23:37:27 [main] [LogUtils] - Loaded all properties files.
[INFO] 14-06-2025 23:37:27 [main] [LogUtils] - {TARGET=local, extent.reporter.spark.prefix.device=@device_, DELETE_TEMP_FOLDER=no, TELEGRAM_CHATID=, OVERRIDE_REPORTS=yes, screenshot.rel.path=/exports/reports/CucumberExtentReports/images/, SEND_REPORT_TO_TELEGRAM=no, SEND_EMAIL_TO_USERS=yes, ZIP_FOLDER_NAME=CucumberExtentReports.zip, WAIT_DEFAULT=5, REMOTE_PORT=4444, screenshot.dir=exports/reports/CucumberExtentReports/images/, TELEGRAM_TOKEN=, extent.reporter.spark.prefix.author=@author_, extent.reporter.spark.enable.device=true, EXTENT_REPORT_PDF=PdfReport.pdf, VIDEO_RECORD=no, PASSWORD=T+wyT5u9cOelDJbBWNgxLw, SCREENSHOT_ALL_STEPS=no, EXTENT_REPORT_NAME=CucumberExtentReports, extent.reporter.spark.start=true, EXPORT_VIDEO_PATH=exports/ExportData/Videos, EXPORT_CAPTURE_PATH=exports/ExportData/Images, WAIT_PAGE_LOADED=40, SCREENSHOT_PASSED_STEPS=no, EXTENT_REPORT_FOLDER=exports/reports/CucumberExtentReports, WAIT_EXPLICIT=10, BROWSER=chrome, REPORT_TITLE=Report | Automation Framework Cucumber TestNG | siddharth Tester, AUTHOR=siddharth Tester, EXCEL_DATA_FILE_PATH=src/test/resources/testdata/ClientsDataExcel.xlsx, WAIT_IMPLICIT=20, PROJECT_NAME=Automation Framework Cucumber TestNG | Siddharth Tester, extent.reporter.spark.out=exports/reports/CucumberExtentReports/CucumberExtentReports.html, extent.reporter.pdf.start=false, extent.reporter.excel.out=exports/reports/ExcelReport/ExtentExcel.xlsx, HEADLESS=false, REMOTE_URL=localhost, extent.reporter.spark.vieworder=dashboard,test,category,author,device,log,exception, extent.reporter.pdf.out=exports/reports/CucumberExtentReports/CucumberExtentPdfReport.pdf, SCREENSHOT_FAILED_STEPS=yes, SCREENSHOT_ALL_STEPS_DETAIL=no, TXT_FILE_PATH=src/test/resources/testdata/TxtFileData.txt, extent.reporter.excel.start=false, extent.reporter.spark.enable.author=true, JSON_DATA_FILE_PATH=src/test/resources/testdata/JsonData.json, ACTIVE_PAGE_LOADED=true, URL_CRM=https://rise.anhtester.com/signin, WAIT_SLEEP_STEP=0, OPEN_REPORTS_AFTER_EXECUTION=no, ZIP_FOLDER_PATH=exports/reports/CucumberExtentReports, extent.reporter.spark.base64imagesrc=true, LOCATE=en, ZIP_FOLDER=no}
[INFO] 14-06-2025 23:37:39 [main] [LogUtils] - Running Scenario Name: Login success
[INFO] 14-06-2025 23:37:44 [main] [LogUtils] - Open website with URL: https://cms.anhtester.com/login
[INFO] 14-06-2025 23:37:45 [main] [LogUtils] - Set text admin@example.com on By.xpath: //input[@id='email']
[INFO] 14-06-2025 23:37:45 [main] [LogUtils] - Set text 123456 on By.xpath: //input[@id='password']
[INFO] 14-06-2025 23:37:48 [main] [LogUtils] - Clicked on the element By.xpath: //button[normalize-space()='Login']
[INFO] 14-06-2025 23:37:48 [main] [LogUtils] - Get Current URL: https://cms.anhtester.com/admin
[INFO] 14-06-2025 23:37:48 [main] [LogUtils] - Verify Contains: https://cms.anhtester.com/admin CONTAINS /admin
[INFO] 14-06-2025 23:37:49 [main] [LogUtils] - Verify element present By.xpath: //span[normalize-space()='Products']
[INFO] 14-06-2025 23:37:51 [main] [LogUtils] - ================ AFTER ALL ================
[INFO] 14-06-2025 23:37:51 [main] [LogUtils] - Zipped C:\Users\hp\Desktop\AutomationFrameworkCucumberTestNG\target\allure-results successfully !!
[INFO] 14-06-2025 23:37:53 [main] [LogUtils] - ****************************************
[INFO] 14-06-2025 23:37:53 [main] [LogUtils] - Send Email - START
[INFO] 14-06-2025 23:37:53 [main] [LogUtils] - ****************************************
[INFO] 14-06-2025 23:37:53 [main] [LogUtils] - File name: C:\Users\hp\Desktop\AutomationFrameworkCucumberTestNG\exports/reports/CucumberExtentReports\CucumberExtentReports.html
[INFO] 14-06-2025 23:37:53 [main] [LogUtils] - count_totalTCs: 1
[INFO] 14-06-2025 23:37:53 [main] [LogUtils] - count_passedTCs: 1
[INFO] 14-06-2025 23:37:53 [main] [LogUtils] - count_failedTCs: 0
[INFO] 14-06-2025 23:37:53 [main] [LogUtils] - count_skippedTCs: 0
[INFO] 14-06-2025 23:38:08 [main] [LogUtils] - ****************************************
[INFO] 14-06-2025 23:38:08 [main] [LogUtils] - Email sent successfully.
[INFO] 14-06-2025 23:38:08 [main] [LogUtils] - Send Email - END
[INFO] 14-06-2025 23:38:08 [main] [LogUtils] - ****************************************
[INFO] 14-06-2025 23:38:08 [main] [LogUtils] - count_totalTCs: 1
[INFO] 14-06-2025 23:38:08 [main] [LogUtils] - count_passedTCs: 1
[INFO] 14-06-2025 23:38:08 [main] [LogUtils] - count_failedTCs: 0
[INFO] 14-06-2025 23:38:08 [main] [LogUtils] - count_skippedTCs: 0
[INFO] 14-06-2025 23:38:08 [main] [LogUtils] - ********* RUN STARTED *********
[INFO] 14-06-2025 23:38:08 [main] [LogUtils] - ********* RUN FINISHED *********
