[INFO] 15-06-2025 00:20:27 [main] [LogUtils] - ================ BEFORE ALL ================
[INFO] 15-06-2025 00:20:28 [main] [LogUtils] - Loaded all properties files.
[INFO] 15-06-2025 00:20:28 [main] [LogUtils] - {TARGET=local, extent.reporter.spark.prefix.device=@device_, DELETE_TEMP_FOLDER=no, TELEGRAM_CHATID=, OVERRIDE_REPORTS=yes, screenshot.rel.path=/exports/reports/CucumberExtentReports/images/, SEND_REPORT_TO_TELEGRAM=no, SEND_EMAIL_TO_USERS=yes, ZIP_FOLDER_NAME=CucumberExtentReports.zip, WAIT_DEFAULT=5, REMOTE_PORT=4444, screenshot.dir=exports/reports/CucumberExtentReports/images/, TELEGRAM_TOKEN=, extent.reporter.spark.prefix.author=@author_, extent.reporter.spark.enable.device=true, EXTENT_REPORT_PDF=PdfReport.pdf, VIDEO_RECORD=no, PASSWORD=T+wyT5u9cOelDJbBWNgxLw, SCREENSHOT_ALL_STEPS=no, EXTENT_REPORT_NAME=CucumberExtentReports, extent.reporter.spark.start=true, EXPORT_VIDEO_PATH=exports/ExportData/Videos, EXPORT_CAPTURE_PATH=exports/ExportData/Images, WAIT_PAGE_LOADED=40, SCREENSHOT_PASSED_STEPS=no, EXTENT_REPORT_FOLDER=exports/reports/CucumberExtentReports, WAIT_EXPLICIT=10, BROWSER=chrome, REPORT_TITLE=Report | Automation Framework Cucumber TestNG | siddharth Tester, AUTHOR=siddharth Tester, EXCEL_DATA_FILE_PATH=src/test/resources/testdata/ClientsDataExcel.xlsx, WAIT_IMPLICIT=20, PROJECT_NAME=Automation Framework Cucumber TestNG | Siddharth Tester, extent.reporter.spark.out=exports/reports/CucumberExtentReports/CucumberExtentReports.html, extent.reporter.pdf.start=false, extent.reporter.excel.out=exports/reports/ExcelReport/ExtentExcel.xlsx, HEADLESS=false, REMOTE_URL=localhost, extent.reporter.spark.vieworder=dashboard,test,category,author,device,log,exception, extent.reporter.pdf.out=exports/reports/CucumberExtentReports/CucumberExtentPdfReport.pdf, SCREENSHOT_FAILED_STEPS=yes, SCREENSHOT_ALL_STEPS_DETAIL=no, TXT_FILE_PATH=src/test/resources/testdata/TxtFileData.txt, extent.reporter.excel.start=false, extent.reporter.spark.enable.author=true, JSON_DATA_FILE_PATH=src/test/resources/testdata/JsonData.json, ACTIVE_PAGE_LOADED=true, URL_CRM=https://rise.anhtester.com/signin, WAIT_SLEEP_STEP=0, OPEN_REPORTS_AFTER_EXECUTION=no, ZIP_FOLDER_PATH=exports/reports/CucumberExtentReports, extent.reporter.spark.base64imagesrc=true, LOCATE=en, ZIP_FOLDER=no}
[INFO] 15-06-2025 00:20:28 [main] [LogUtils] - Loaded all properties files.
[INFO] 15-06-2025 00:20:28 [main] [LogUtils] - {TARGET=local, extent.reporter.spark.prefix.device=@device_, DELETE_TEMP_FOLDER=no, TELEGRAM_CHATID=, OVERRIDE_REPORTS=yes, screenshot.rel.path=/exports/reports/CucumberExtentReports/images/, SEND_REPORT_TO_TELEGRAM=no, SEND_EMAIL_TO_USERS=yes, ZIP_FOLDER_NAME=CucumberExtentReports.zip, WAIT_DEFAULT=5, REMOTE_PORT=4444, screenshot.dir=exports/reports/CucumberExtentReports/images/, TELEGRAM_TOKEN=, extent.reporter.spark.prefix.author=@author_, extent.reporter.spark.enable.device=true, EXTENT_REPORT_PDF=PdfReport.pdf, VIDEO_RECORD=no, PASSWORD=T+wyT5u9cOelDJbBWNgxLw, SCREENSHOT_ALL_STEPS=no, EXTENT_REPORT_NAME=CucumberExtentReports, extent.reporter.spark.start=true, EXPORT_VIDEO_PATH=exports/ExportData/Videos, EXPORT_CAPTURE_PATH=exports/ExportData/Images, WAIT_PAGE_LOADED=40, SCREENSHOT_PASSED_STEPS=no, EXTENT_REPORT_FOLDER=exports/reports/CucumberExtentReports, WAIT_EXPLICIT=10, BROWSER=chrome, REPORT_TITLE=Report | Automation Framework Cucumber TestNG | siddharth Tester, AUTHOR=siddharth Tester, EXCEL_DATA_FILE_PATH=src/test/resources/testdata/ClientsDataExcel.xlsx, WAIT_IMPLICIT=20, PROJECT_NAME=Automation Framework Cucumber TestNG | Siddharth Tester, extent.reporter.spark.out=exports/reports/CucumberExtentReports/CucumberExtentReports.html, extent.reporter.pdf.start=false, extent.reporter.excel.out=exports/reports/ExcelReport/ExtentExcel.xlsx, HEADLESS=false, REMOTE_URL=localhost, extent.reporter.spark.vieworder=dashboard,test,category,author,device,log,exception, extent.reporter.pdf.out=exports/reports/CucumberExtentReports/CucumberExtentPdfReport.pdf, SCREENSHOT_FAILED_STEPS=yes, SCREENSHOT_ALL_STEPS_DETAIL=no, TXT_FILE_PATH=src/test/resources/testdata/TxtFileData.txt, extent.reporter.excel.start=false, extent.reporter.spark.enable.author=true, JSON_DATA_FILE_PATH=src/test/resources/testdata/JsonData.json, ACTIVE_PAGE_LOADED=true, URL_CRM=https://rise.anhtester.com/signin, WAIT_SLEEP_STEP=0, OPEN_REPORTS_AFTER_EXECUTION=no, ZIP_FOLDER_PATH=exports/reports/CucumberExtentReports, extent.reporter.spark.base64imagesrc=true, LOCATE=en, ZIP_FOLDER=no}
[INFO] 15-06-2025 00:20:41 [main] [LogUtils] - Running Scenario Name: Login success
[INFO] 15-06-2025 00:20:45 [main] [LogUtils] - Open website with URL: https://cms.anhtester.com/login
[INFO] 15-06-2025 00:20:46 [main] [LogUtils] - Set text admin@example.com on By.xpath: //input[@id='email']
[INFO] 15-06-2025 00:20:47 [main] [LogUtils] - Set text 123456 on By.xpath: //input[@id='password']
[INFO] 15-06-2025 00:20:49 [main] [LogUtils] - Clicked on the element By.xpath: //button[normalize-space()='Login']
[INFO] 15-06-2025 00:20:49 [main] [LogUtils] - Get Current URL: https://cms.anhtester.com/admin
[INFO] 15-06-2025 00:20:49 [main] [LogUtils] - Verify Contains: https://cms.anhtester.com/admin CONTAINS /admin
[INFO] 15-06-2025 00:20:49 [main] [LogUtils] - Verify element present By.xpath: //span[normalize-space()='Products']
[INFO] 15-06-2025 00:20:51 [main] [LogUtils] - ================ AFTER ALL ================
[INFO] 15-06-2025 00:20:51 [main] [LogUtils] - Zipped C:\Users\hp\Desktop\AutomationFrameworkCucumberTestNG\target\allure-results successfully !!
[INFO] 15-06-2025 00:20:53 [main] [LogUtils] - ****************************************
[INFO] 15-06-2025 00:20:53 [main] [LogUtils] - Send Email - START
[INFO] 15-06-2025 00:20:53 [main] [LogUtils] - ****************************************
[INFO] 15-06-2025 00:20:53 [main] [LogUtils] - File name: C:\Users\hp\Desktop\AutomationFrameworkCucumberTestNG\exports/reports/CucumberExtentReports\CucumberExtentReports.html
[INFO] 15-06-2025 00:20:53 [main] [LogUtils] - count_totalTCs: 1
[INFO] 15-06-2025 00:20:53 [main] [LogUtils] - count_passedTCs: 1
[INFO] 15-06-2025 00:20:53 [main] [LogUtils] - count_failedTCs: 0
[INFO] 15-06-2025 00:20:53 [main] [LogUtils] - count_skippedTCs: 0
[INFO] 15-06-2025 00:21:08 [main] [LogUtils] - ****************************************
[INFO] 15-06-2025 00:21:08 [main] [LogUtils] - Email sent successfully.
[INFO] 15-06-2025 00:21:08 [main] [LogUtils] - Send Email - END
[INFO] 15-06-2025 00:21:08 [main] [LogUtils] - ****************************************
[INFO] 15-06-2025 00:21:08 [main] [LogUtils] - count_totalTCs: 1
[INFO] 15-06-2025 00:21:08 [main] [LogUtils] - count_passedTCs: 1
[INFO] 15-06-2025 00:21:08 [main] [LogUtils] - count_failedTCs: 0
[INFO] 15-06-2025 00:21:08 [main] [LogUtils] - count_skippedTCs: 0
[INFO] 15-06-2025 00:21:08 [main] [LogUtils] - ********* RUN STARTED *********
[INFO] 15-06-2025 00:21:08 [main] [LogUtils] - ********* RUN FINISHED *********
[INFO] 15-06-2025 00:21:10 [main] [LogUtils] - ================ BEFORE ALL ================
[INFO] 15-06-2025 00:21:10 [main] [LogUtils] - Loaded all properties files.
[INFO] 15-06-2025 00:21:10 [main] [LogUtils] - {TARGET=local, extent.reporter.spark.prefix.device=@device_, DELETE_TEMP_FOLDER=no, TELEGRAM_CHATID=, OVERRIDE_REPORTS=yes, screenshot.rel.path=/exports/reports/CucumberExtentReports/images/, SEND_REPORT_TO_TELEGRAM=no, SEND_EMAIL_TO_USERS=yes, ZIP_FOLDER_NAME=CucumberExtentReports.zip, WAIT_DEFAULT=5, REMOTE_PORT=4444, screenshot.dir=exports/reports/CucumberExtentReports/images/, TELEGRAM_TOKEN=, extent.reporter.spark.prefix.author=@author_, extent.reporter.spark.enable.device=true, EXTENT_REPORT_PDF=PdfReport.pdf, VIDEO_RECORD=no, PASSWORD=T+wyT5u9cOelDJbBWNgxLw, SCREENSHOT_ALL_STEPS=no, EXTENT_REPORT_NAME=CucumberExtentReports, extent.reporter.spark.start=true, EXPORT_VIDEO_PATH=exports/ExportData/Videos, EXPORT_CAPTURE_PATH=exports/ExportData/Images, WAIT_PAGE_LOADED=40, SCREENSHOT_PASSED_STEPS=no, EXTENT_REPORT_FOLDER=exports/reports/CucumberExtentReports, WAIT_EXPLICIT=10, BROWSER=chrome, REPORT_TITLE=Report | Automation Framework Cucumber TestNG | siddharth Tester, AUTHOR=siddharth Tester, EXCEL_DATA_FILE_PATH=src/test/resources/testdata/ClientsDataExcel.xlsx, WAIT_IMPLICIT=20, PROJECT_NAME=Automation Framework Cucumber TestNG | Siddharth Tester, extent.reporter.spark.out=exports/reports/CucumberExtentReports/CucumberExtentReports.html, extent.reporter.pdf.start=false, extent.reporter.excel.out=exports/reports/ExcelReport/ExtentExcel.xlsx, HEADLESS=false, REMOTE_URL=localhost, extent.reporter.spark.vieworder=dashboard,test,category,author,device,log,exception, extent.reporter.pdf.out=exports/reports/CucumberExtentReports/CucumberExtentPdfReport.pdf, SCREENSHOT_FAILED_STEPS=yes, SCREENSHOT_ALL_STEPS_DETAIL=no, TXT_FILE_PATH=src/test/resources/testdata/TxtFileData.txt, extent.reporter.excel.start=false, extent.reporter.spark.enable.author=true, JSON_DATA_FILE_PATH=src/test/resources/testdata/JsonData.json, ACTIVE_PAGE_LOADED=true, URL_CRM=https://rise.anhtester.com/signin, WAIT_SLEEP_STEP=0, OPEN_REPORTS_AFTER_EXECUTION=no, ZIP_FOLDER_PATH=exports/reports/CucumberExtentReports, extent.reporter.spark.base64imagesrc=true, LOCATE=en, ZIP_FOLDER=no}
[INFO] 15-06-2025 00:21:14 [main] [LogUtils] - Running Scenario Name: Sign in CRM with an email valid
[INFO] 15-06-2025 00:21:16 [main] [LogUtils] - Open website with URL: https://rise.anhtester.com/signin
[INFO] 15-06-2025 00:21:17 [main] [LogUtils] - Get Current URL: https://rise.anhtester.com/signin
[INFO] 15-06-2025 00:21:17 [main] [LogUtils] - Verify Contains: https://rise.anhtester.com/signin CONTAINS /signin
[INFO] 15-06-2025 00:21:17 [main] [LogUtils] - Get Page Title: Sign in | RISE CRM | Anh Tester Demo
[INFO] 15-06-2025 00:21:17 [main] [LogUtils] - Verify Equals: Sign in | RISE CRM | Anh Tester Demo = Sign in | RISE CRM | Anh Tester Demo
[INFO] 15-06-2025 00:21:17 [main] [LogUtils] - Clear and Fill admin@example.com on By.xpath: //input[@id='email']
[INFO] 15-06-2025 00:21:18 [main] [LogUtils] - Clear and Fill 123456 on By.xpath: //input[@id='password']
[INFO] 15-06-2025 00:21:22 [main] [LogUtils] - Clicked on the element By.xpath: //button[normalize-space()='Sign in']
[INFO] 15-06-2025 00:21:22 [main] [LogUtils] - ✅ Element By.xpath: //span[normalize-space()='Dashboard'] existing.
[INFO] 15-06-2025 00:21:22 [main] [LogUtils] - Get Current URL: https://rise.anhtester.com/dashboard/index/1
[INFO] 15-06-2025 00:21:22 [main] [LogUtils] - Verify Contains: https://rise.anhtester.com/dashboard/index/1 CONTAINS /dashboard
[INFO] 15-06-2025 00:21:28 [main] [LogUtils] - Running Scenario Name: Sign in CRM with an email invalid
[INFO] 15-06-2025 00:21:30 [main] [LogUtils] - Open website with URL: https://rise.anhtester.com/signin
[INFO] 15-06-2025 00:21:30 [main] [LogUtils] - Get Current URL: https://rise.anhtester.com/signin
[INFO] 15-06-2025 00:21:30 [main] [LogUtils] - Verify Contains: https://rise.anhtester.com/signin CONTAINS /signin
[INFO] 15-06-2025 00:21:30 [main] [LogUtils] - Get Page Title: Sign in | RISE CRM | Anh Tester Demo
[INFO] 15-06-2025 00:21:31 [main] [LogUtils] - Verify Equals: Sign in | RISE CRM | Anh Tester Demo = Sign in | RISE CRM | Anh Tester Demo
[INFO] 15-06-2025 00:21:31 [main] [LogUtils] - Clear and Fill demo@example.com on By.xpath: //input[@id='email']
[INFO] 15-06-2025 00:21:32 [main] [LogUtils] - Clear and Fill 123456 on By.xpath: //input[@id='password']
[INFO] 15-06-2025 00:21:34 [main] [LogUtils] - Clicked on the element By.xpath: //button[normalize-space()='Sign in']
[ERROR] 15-06-2025 00:21:34 [main] [LogUtils] - ❌ Element By.xpath: //div[@role='alert'] NOT exists.
[INFO] 15-06-2025 00:21:36 [main] [LogUtils] - ================ AFTER ALL ================
[INFO] 15-06-2025 00:21:37 [main] [LogUtils] - Zipped C:\Users\hp\Desktop\AutomationFrameworkCucumberTestNG\target\allure-results successfully !!
[INFO] 15-06-2025 00:21:39 [main] [LogUtils] - ****************************************
[INFO] 15-06-2025 00:21:39 [main] [LogUtils] - Send Email - START
[INFO] 15-06-2025 00:21:39 [main] [LogUtils] - ****************************************
[INFO] 15-06-2025 00:21:39 [main] [LogUtils] - File name: C:\Users\hp\Desktop\AutomationFrameworkCucumberTestNG\exports/reports/CucumberExtentReports\CucumberExtentReports.html
[INFO] 15-06-2025 00:21:39 [main] [LogUtils] - count_totalTCs: 3
[INFO] 15-06-2025 00:21:39 [main] [LogUtils] - count_passedTCs: 2
[INFO] 15-06-2025 00:21:39 [main] [LogUtils] - count_failedTCs: 1
[INFO] 15-06-2025 00:21:39 [main] [LogUtils] - count_skippedTCs: 0
[INFO] 15-06-2025 00:21:47 [main] [LogUtils] - ****************************************
[INFO] 15-06-2025 00:21:47 [main] [LogUtils] - Email sent successfully.
[INFO] 15-06-2025 00:21:47 [main] [LogUtils] - Send Email - END
[INFO] 15-06-2025 00:21:47 [main] [LogUtils] - ****************************************
[INFO] 15-06-2025 00:21:47 [main] [LogUtils] - count_totalTCs: 3
[INFO] 15-06-2025 00:21:47 [main] [LogUtils] - count_passedTCs: 2
[INFO] 15-06-2025 00:21:47 [main] [LogUtils] - count_failedTCs: 1
[INFO] 15-06-2025 00:21:47 [main] [LogUtils] - count_skippedTCs: 0
[INFO] 15-06-2025 00:21:47 [main] [LogUtils] - ********* RUN STARTED *********
[INFO] 15-06-2025 00:21:47 [main] [LogUtils] - ********* RUN FINISHED *********
[INFO] 15-06-2025 00:21:48 [main] [LogUtils] - ================ BEFORE ALL ================
[INFO] 15-06-2025 00:21:48 [main] [LogUtils] - Loaded all properties files.
[INFO] 15-06-2025 00:21:48 [main] [LogUtils] - {TARGET=local, extent.reporter.spark.prefix.device=@device_, DELETE_TEMP_FOLDER=no, TELEGRAM_CHATID=, OVERRIDE_REPORTS=yes, screenshot.rel.path=/exports/reports/CucumberExtentReports/images/, SEND_REPORT_TO_TELEGRAM=no, SEND_EMAIL_TO_USERS=yes, ZIP_FOLDER_NAME=CucumberExtentReports.zip, WAIT_DEFAULT=5, REMOTE_PORT=4444, screenshot.dir=exports/reports/CucumberExtentReports/images/, TELEGRAM_TOKEN=, extent.reporter.spark.prefix.author=@author_, extent.reporter.spark.enable.device=true, EXTENT_REPORT_PDF=PdfReport.pdf, VIDEO_RECORD=no, PASSWORD=T+wyT5u9cOelDJbBWNgxLw, SCREENSHOT_ALL_STEPS=no, EXTENT_REPORT_NAME=CucumberExtentReports, extent.reporter.spark.start=true, EXPORT_VIDEO_PATH=exports/ExportData/Videos, EXPORT_CAPTURE_PATH=exports/ExportData/Images, WAIT_PAGE_LOADED=40, SCREENSHOT_PASSED_STEPS=no, EXTENT_REPORT_FOLDER=exports/reports/CucumberExtentReports, WAIT_EXPLICIT=10, BROWSER=chrome, REPORT_TITLE=Report | Automation Framework Cucumber TestNG | siddharth Tester, AUTHOR=siddharth Tester, EXCEL_DATA_FILE_PATH=src/test/resources/testdata/ClientsDataExcel.xlsx, WAIT_IMPLICIT=20, PROJECT_NAME=Automation Framework Cucumber TestNG | Siddharth Tester, extent.reporter.spark.out=exports/reports/CucumberExtentReports/CucumberExtentReports.html, extent.reporter.pdf.start=false, extent.reporter.excel.out=exports/reports/ExcelReport/ExtentExcel.xlsx, HEADLESS=false, REMOTE_URL=localhost, extent.reporter.spark.vieworder=dashboard,test,category,author,device,log,exception, extent.reporter.pdf.out=exports/reports/CucumberExtentReports/CucumberExtentPdfReport.pdf, SCREENSHOT_FAILED_STEPS=yes, SCREENSHOT_ALL_STEPS_DETAIL=no, TXT_FILE_PATH=src/test/resources/testdata/TxtFileData.txt, extent.reporter.excel.start=false, extent.reporter.spark.enable.author=true, JSON_DATA_FILE_PATH=src/test/resources/testdata/JsonData.json, ACTIVE_PAGE_LOADED=true, URL_CRM=https://rise.anhtester.com/signin, WAIT_SLEEP_STEP=0, OPEN_REPORTS_AFTER_EXECUTION=no, ZIP_FOLDER_PATH=exports/reports/CucumberExtentReports, extent.reporter.spark.base64imagesrc=true, LOCATE=en, ZIP_FOLDER=no}
[INFO] 15-06-2025 00:21:51 [main] [LogUtils] - Running Scenario Name: Open menu
[INFO] 15-06-2025 00:21:54 [main] [LogUtils] - Open website with URL: https://hrm.anhtester.com/
[INFO] 15-06-2025 00:21:55 [main] [LogUtils] - Set text admin_example on By.xpath: //input[@id='iusername']
[INFO] 15-06-2025 00:21:55 [main] [LogUtils] - Scenario in ScenarioManager: io.cucumber.java.Scenario@3bd8032e
[INFO] 15-06-2025 00:21:55 [main] [LogUtils] - Set text 123456 on By.xpath: //input[@id='ipassword']
[INFO] 15-06-2025 00:21:55 [main] [LogUtils] - Clicked on the element By.xpath: //button[@type='submit']
[INFO] 15-06-2025 00:21:56 [main] [LogUtils] - Verify element visible By.xpath: //span[normalize-space()='Home']
[ERROR] 15-06-2025 00:22:16 [main] [LogUtils] - ❌ The element is NOT visible. By.xpath: //span[normalize-space()='Home']
[INFO] 15-06-2025 00:22:20 [main] [LogUtils] - Running Scenario Name: Open menu
[INFO] 15-06-2025 00:22:24 [main] [LogUtils] - Open website with URL: https://hrm.anhtester.com/
[INFO] 15-06-2025 00:22:24 [main] [LogUtils] - Set text admin_example on By.xpath: //input[@id='iusername']
[INFO] 15-06-2025 00:22:24 [main] [LogUtils] - Scenario in ScenarioManager: io.cucumber.java.Scenario@3b4d78a4
[INFO] 15-06-2025 00:22:25 [main] [LogUtils] - Set text 123456 on By.xpath: //input[@id='ipassword']
[INFO] 15-06-2025 00:22:25 [main] [LogUtils] - Clicked on the element By.xpath: //button[@type='submit']
[INFO] 15-06-2025 00:22:25 [main] [LogUtils] - Verify element visible By.xpath: //span[normalize-space()='Home']
[ERROR] 15-06-2025 00:22:45 [main] [LogUtils] - ❌ The element is NOT visible. By.xpath: //span[normalize-space()='Home']
[INFO] 15-06-2025 00:22:46 [main] [LogUtils] - ================ AFTER ALL ================
[INFO] 15-06-2025 00:22:47 [main] [LogUtils] - Zipped C:\Users\hp\Desktop\AutomationFrameworkCucumberTestNG\target\allure-results successfully !!
[INFO] 15-06-2025 00:22:49 [main] [LogUtils] - ****************************************
[INFO] 15-06-2025 00:22:49 [main] [LogUtils] - Send Email - START
[INFO] 15-06-2025 00:22:49 [main] [LogUtils] - ****************************************
[INFO] 15-06-2025 00:22:49 [main] [LogUtils] - File name: C:\Users\hp\Desktop\AutomationFrameworkCucumberTestNG\exports/reports/CucumberExtentReports\CucumberExtentReports.html
[INFO] 15-06-2025 00:22:49 [main] [LogUtils] - count_totalTCs: 5
[INFO] 15-06-2025 00:22:49 [main] [LogUtils] - count_passedTCs: 2
[INFO] 15-06-2025 00:22:49 [main] [LogUtils] - count_failedTCs: 3
[INFO] 15-06-2025 00:22:49 [main] [LogUtils] - count_skippedTCs: 0
[INFO] 15-06-2025 00:22:58 [main] [LogUtils] - ****************************************
[INFO] 15-06-2025 00:22:58 [main] [LogUtils] - Email sent successfully.
[INFO] 15-06-2025 00:22:58 [main] [LogUtils] - Send Email - END
[INFO] 15-06-2025 00:22:58 [main] [LogUtils] - ****************************************
[INFO] 15-06-2025 00:22:58 [main] [LogUtils] - count_totalTCs: 5
[INFO] 15-06-2025 00:22:58 [main] [LogUtils] - count_passedTCs: 2
[INFO] 15-06-2025 00:22:58 [main] [LogUtils] - count_failedTCs: 3
[INFO] 15-06-2025 00:22:58 [main] [LogUtils] - count_skippedTCs: 0
[INFO] 15-06-2025 00:22:58 [main] [LogUtils] - ********* RUN STARTED *********
[INFO] 15-06-2025 00:22:58 [main] [LogUtils] - ********* RUN FINISHED *********
[INFO] 15-06-2025 00:49:01 [main] [LogUtils] - ================ BEFORE ALL ================
[INFO] 15-06-2025 00:49:02 [main] [LogUtils] - Loaded all properties files.
[INFO] 15-06-2025 00:49:02 [main] [LogUtils] - {TARGET=local, extent.reporter.spark.prefix.device=@device_, DELETE_TEMP_FOLDER=no, TELEGRAM_CHATID=, OVERRIDE_REPORTS=yes, screenshot.rel.path=/exports/reports/CucumberExtentReports/images/, SEND_REPORT_TO_TELEGRAM=no, SEND_EMAIL_TO_USERS=yes, ZIP_FOLDER_NAME=CucumberExtentReports.zip, WAIT_DEFAULT=5, REMOTE_PORT=4444, screenshot.dir=exports/reports/CucumberExtentReports/images/, TELEGRAM_TOKEN=, extent.reporter.spark.prefix.author=@author_, extent.reporter.spark.enable.device=true, EXTENT_REPORT_PDF=PdfReport.pdf, VIDEO_RECORD=no, PASSWORD=T+wyT5u9cOelDJbBWNgxLw, SCREENSHOT_ALL_STEPS=no, EXTENT_REPORT_NAME=CucumberExtentReports, extent.reporter.spark.start=true, EXPORT_VIDEO_PATH=exports/ExportData/Videos, EXPORT_CAPTURE_PATH=exports/ExportData/Images, WAIT_PAGE_LOADED=40, SCREENSHOT_PASSED_STEPS=no, EXTENT_REPORT_FOLDER=exports/reports/CucumberExtentReports, WAIT_EXPLICIT=10, BROWSER=chrome, REPORT_TITLE=Report | Automation Framework Cucumber TestNG | siddharth Tester, AUTHOR=siddharth Tester, EXCEL_DATA_FILE_PATH=src/test/resources/testdata/ClientsDataExcel.xlsx, WAIT_IMPLICIT=20, PROJECT_NAME=Automation Framework Cucumber TestNG | Siddharth Tester, extent.reporter.spark.out=exports/reports/CucumberExtentReports/CucumberExtentReports.html, extent.reporter.pdf.start=false, extent.reporter.excel.out=exports/reports/ExcelReport/ExtentExcel.xlsx, HEADLESS=false, REMOTE_URL=localhost, extent.reporter.spark.vieworder=dashboard,test,category,author,device,log,exception, extent.reporter.pdf.out=exports/reports/CucumberExtentReports/CucumberExtentPdfReport.pdf, SCREENSHOT_FAILED_STEPS=yes, SCREENSHOT_ALL_STEPS_DETAIL=no, TXT_FILE_PATH=src/test/resources/testdata/TxtFileData.txt, extent.reporter.excel.start=false, extent.reporter.spark.enable.author=true, JSON_DATA_FILE_PATH=src/test/resources/testdata/JsonData.json, ACTIVE_PAGE_LOADED=true, URL_CRM=https://rise.anhtester.com/signin, WAIT_SLEEP_STEP=0, OPEN_REPORTS_AFTER_EXECUTION=no, ZIP_FOLDER_PATH=exports/reports/CucumberExtentReports, extent.reporter.spark.base64imagesrc=true, LOCATE=en, ZIP_FOLDER=no}
[INFO] 15-06-2025 00:49:02 [main] [LogUtils] - Loaded all properties files.
[INFO] 15-06-2025 00:49:02 [main] [LogUtils] - {TARGET=local, extent.reporter.spark.prefix.device=@device_, DELETE_TEMP_FOLDER=no, TELEGRAM_CHATID=, OVERRIDE_REPORTS=yes, screenshot.rel.path=/exports/reports/CucumberExtentReports/images/, SEND_REPORT_TO_TELEGRAM=no, SEND_EMAIL_TO_USERS=yes, ZIP_FOLDER_NAME=CucumberExtentReports.zip, WAIT_DEFAULT=5, REMOTE_PORT=4444, screenshot.dir=exports/reports/CucumberExtentReports/images/, TELEGRAM_TOKEN=, extent.reporter.spark.prefix.author=@author_, extent.reporter.spark.enable.device=true, EXTENT_REPORT_PDF=PdfReport.pdf, VIDEO_RECORD=no, PASSWORD=T+wyT5u9cOelDJbBWNgxLw, SCREENSHOT_ALL_STEPS=no, EXTENT_REPORT_NAME=CucumberExtentReports, extent.reporter.spark.start=true, EXPORT_VIDEO_PATH=exports/ExportData/Videos, EXPORT_CAPTURE_PATH=exports/ExportData/Images, WAIT_PAGE_LOADED=40, SCREENSHOT_PASSED_STEPS=no, EXTENT_REPORT_FOLDER=exports/reports/CucumberExtentReports, WAIT_EXPLICIT=10, BROWSER=chrome, REPORT_TITLE=Report | Automation Framework Cucumber TestNG | siddharth Tester, AUTHOR=siddharth Tester, EXCEL_DATA_FILE_PATH=src/test/resources/testdata/ClientsDataExcel.xlsx, WAIT_IMPLICIT=20, PROJECT_NAME=Automation Framework Cucumber TestNG | Siddharth Tester, extent.reporter.spark.out=exports/reports/CucumberExtentReports/CucumberExtentReports.html, extent.reporter.pdf.start=false, extent.reporter.excel.out=exports/reports/ExcelReport/ExtentExcel.xlsx, HEADLESS=false, REMOTE_URL=localhost, extent.reporter.spark.vieworder=dashboard,test,category,author,device,log,exception, extent.reporter.pdf.out=exports/reports/CucumberExtentReports/CucumberExtentPdfReport.pdf, SCREENSHOT_FAILED_STEPS=yes, SCREENSHOT_ALL_STEPS_DETAIL=no, TXT_FILE_PATH=src/test/resources/testdata/TxtFileData.txt, extent.reporter.excel.start=false, extent.reporter.spark.enable.author=true, JSON_DATA_FILE_PATH=src/test/resources/testdata/JsonData.json, ACTIVE_PAGE_LOADED=true, URL_CRM=https://rise.anhtester.com/signin, WAIT_SLEEP_STEP=0, OPEN_REPORTS_AFTER_EXECUTION=no, ZIP_FOLDER_PATH=exports/reports/CucumberExtentReports, extent.reporter.spark.base64imagesrc=true, LOCATE=en, ZIP_FOLDER=no}
[INFO] 15-06-2025 00:49:13 [main] [LogUtils] - Running Scenario Name: Login success
[INFO] 15-06-2025 00:49:18 [main] [LogUtils] - Open website with URL: https://cms.anhtester.com/login
[INFO] 15-06-2025 00:49:19 [main] [LogUtils] - Set text admin@example.com on By.xpath: //input[@id='email']
[INFO] 15-06-2025 00:49:19 [main] [LogUtils] - Set text 123456 on By.xpath: //input[@id='password']
[INFO] 15-06-2025 00:49:22 [main] [LogUtils] - Clicked on the element By.xpath: //button[normalize-space()='Login']
[INFO] 15-06-2025 00:49:22 [main] [LogUtils] - Get Current URL: https://cms.anhtester.com/admin
[INFO] 15-06-2025 00:49:23 [main] [LogUtils] - Verify Contains: https://cms.anhtester.com/admin CONTAINS /admin
[INFO] 15-06-2025 00:49:23 [main] [LogUtils] - Verify element present By.xpath: //span[normalize-space()='Products']
[INFO] 15-06-2025 00:49:25 [main] [LogUtils] - ================ AFTER ALL ================
[INFO] 15-06-2025 00:49:25 [main] [LogUtils] - Zipped C:\Users\hp\Desktop\AutomationFrameworkCucumberTestNG\target\allure-results successfully !!
[INFO] 15-06-2025 00:49:27 [main] [LogUtils] - ********* RUN STARTED *********
[INFO] 15-06-2025 00:49:27 [main] [LogUtils] - ********* RUN FINISHED *********
[INFO] 15-06-2025 00:49:30 [main] [LogUtils] - ================ BEFORE ALL ================
[INFO] 15-06-2025 00:49:30 [main] [LogUtils] - Loaded all properties files.
[INFO] 15-06-2025 00:49:30 [main] [LogUtils] - {TARGET=local, extent.reporter.spark.prefix.device=@device_, DELETE_TEMP_FOLDER=no, TELEGRAM_CHATID=, OVERRIDE_REPORTS=yes, screenshot.rel.path=/exports/reports/CucumberExtentReports/images/, SEND_REPORT_TO_TELEGRAM=no, SEND_EMAIL_TO_USERS=yes, ZIP_FOLDER_NAME=CucumberExtentReports.zip, WAIT_DEFAULT=5, REMOTE_PORT=4444, screenshot.dir=exports/reports/CucumberExtentReports/images/, TELEGRAM_TOKEN=, extent.reporter.spark.prefix.author=@author_, extent.reporter.spark.enable.device=true, EXTENT_REPORT_PDF=PdfReport.pdf, VIDEO_RECORD=no, PASSWORD=T+wyT5u9cOelDJbBWNgxLw, SCREENSHOT_ALL_STEPS=no, EXTENT_REPORT_NAME=CucumberExtentReports, extent.reporter.spark.start=true, EXPORT_VIDEO_PATH=exports/ExportData/Videos, EXPORT_CAPTURE_PATH=exports/ExportData/Images, WAIT_PAGE_LOADED=40, SCREENSHOT_PASSED_STEPS=no, EXTENT_REPORT_FOLDER=exports/reports/CucumberExtentReports, WAIT_EXPLICIT=10, BROWSER=chrome, REPORT_TITLE=Report | Automation Framework Cucumber TestNG | siddharth Tester, AUTHOR=siddharth Tester, EXCEL_DATA_FILE_PATH=src/test/resources/testdata/ClientsDataExcel.xlsx, WAIT_IMPLICIT=20, PROJECT_NAME=Automation Framework Cucumber TestNG | Siddharth Tester, extent.reporter.spark.out=exports/reports/CucumberExtentReports/CucumberExtentReports.html, extent.reporter.pdf.start=false, extent.reporter.excel.out=exports/reports/ExcelReport/ExtentExcel.xlsx, HEADLESS=false, REMOTE_URL=localhost, extent.reporter.spark.vieworder=dashboard,test,category,author,device,log,exception, extent.reporter.pdf.out=exports/reports/CucumberExtentReports/CucumberExtentPdfReport.pdf, SCREENSHOT_FAILED_STEPS=yes, SCREENSHOT_ALL_STEPS_DETAIL=no, TXT_FILE_PATH=src/test/resources/testdata/TxtFileData.txt, extent.reporter.excel.start=false, extent.reporter.spark.enable.author=true, JSON_DATA_FILE_PATH=src/test/resources/testdata/JsonData.json, ACTIVE_PAGE_LOADED=true, URL_CRM=https://rise.anhtester.com/signin, WAIT_SLEEP_STEP=0, OPEN_REPORTS_AFTER_EXECUTION=no, ZIP_FOLDER_PATH=exports/reports/CucumberExtentReports, extent.reporter.spark.base64imagesrc=true, LOCATE=en, ZIP_FOLDER=no}
[INFO] 15-06-2025 00:49:34 [main] [LogUtils] - Running Scenario Name: Sign in CRM with an email valid
[INFO] 15-06-2025 00:49:36 [main] [LogUtils] - Open website with URL: https://rise.anhtester.com/signin
[INFO] 15-06-2025 00:49:36 [main] [LogUtils] - Get Current URL: https://rise.anhtester.com/signin
[INFO] 15-06-2025 00:49:36 [main] [LogUtils] - Verify Contains: https://rise.anhtester.com/signin CONTAINS /signin
[INFO] 15-06-2025 00:49:37 [main] [LogUtils] - Get Page Title: Sign in | RISE CRM | Anh Tester Demo
[INFO] 15-06-2025 00:49:37 [main] [LogUtils] - Verify Equals: Sign in | RISE CRM | Anh Tester Demo = Sign in | RISE CRM | Anh Tester Demo
[INFO] 15-06-2025 00:49:37 [main] [LogUtils] - Clear and Fill admin@example.com on By.xpath: //input[@id='email']
[INFO] 15-06-2025 00:49:39 [main] [LogUtils] - Clear and Fill 123456 on By.xpath: //input[@id='password']
[INFO] 15-06-2025 00:49:44 [main] [LogUtils] - Clicked on the element By.xpath: //button[normalize-space()='Sign in']
[INFO] 15-06-2025 00:49:45 [main] [LogUtils] - ✅ Element By.xpath: //span[normalize-space()='Dashboard'] existing.
[INFO] 15-06-2025 00:49:45 [main] [LogUtils] - Get Current URL: https://rise.anhtester.com/dashboard/index/1
[INFO] 15-06-2025 00:49:45 [main] [LogUtils] - Verify Contains: https://rise.anhtester.com/dashboard/index/1 CONTAINS /dashboard
[INFO] 15-06-2025 00:49:52 [main] [LogUtils] - Running Scenario Name: Sign in CRM with an email invalid
[INFO] 15-06-2025 00:49:56 [main] [LogUtils] - Open website with URL: https://rise.anhtester.com/signin
[INFO] 15-06-2025 00:49:56 [main] [LogUtils] - Get Current URL: https://rise.anhtester.com/signin
[INFO] 15-06-2025 00:49:56 [main] [LogUtils] - Verify Contains: https://rise.anhtester.com/signin CONTAINS /signin
[INFO] 15-06-2025 00:49:56 [main] [LogUtils] - Get Page Title: Sign in | RISE CRM | Anh Tester Demo
[INFO] 15-06-2025 00:49:56 [main] [LogUtils] - Verify Equals: Sign in | RISE CRM | Anh Tester Demo = Sign in | RISE CRM | Anh Tester Demo
[INFO] 15-06-2025 00:49:57 [main] [LogUtils] - Clear and Fill demo@example.com on By.xpath: //input[@id='email']
[INFO] 15-06-2025 00:50:00 [main] [LogUtils] - Clear and Fill 123456 on By.xpath: //input[@id='password']
[INFO] 15-06-2025 00:50:02 [main] [LogUtils] - Clicked on the element By.xpath: //button[normalize-space()='Sign in']
[ERROR] 15-06-2025 00:50:02 [main] [LogUtils] - ❌ Element By.xpath: //div[@role='alert'] NOT exists.
[INFO] 15-06-2025 00:50:05 [main] [LogUtils] - ================ AFTER ALL ================
[INFO] 15-06-2025 00:50:05 [main] [LogUtils] - Zipped C:\Users\hp\Desktop\AutomationFrameworkCucumberTestNG\target\allure-results successfully !!
[INFO] 15-06-2025 00:50:07 [main] [LogUtils] - ********* RUN STARTED *********
[INFO] 15-06-2025 00:50:07 [main] [LogUtils] - ********* RUN FINISHED *********
[INFO] 15-06-2025 00:50:08 [main] [LogUtils] - ================ BEFORE ALL ================
[INFO] 15-06-2025 00:50:08 [main] [LogUtils] - Loaded all properties files.
[INFO] 15-06-2025 00:50:08 [main] [LogUtils] - {TARGET=local, extent.reporter.spark.prefix.device=@device_, DELETE_TEMP_FOLDER=no, TELEGRAM_CHATID=, OVERRIDE_REPORTS=yes, screenshot.rel.path=/exports/reports/CucumberExtentReports/images/, SEND_REPORT_TO_TELEGRAM=no, SEND_EMAIL_TO_USERS=yes, ZIP_FOLDER_NAME=CucumberExtentReports.zip, WAIT_DEFAULT=5, REMOTE_PORT=4444, screenshot.dir=exports/reports/CucumberExtentReports/images/, TELEGRAM_TOKEN=, extent.reporter.spark.prefix.author=@author_, extent.reporter.spark.enable.device=true, EXTENT_REPORT_PDF=PdfReport.pdf, VIDEO_RECORD=no, PASSWORD=T+wyT5u9cOelDJbBWNgxLw, SCREENSHOT_ALL_STEPS=no, EXTENT_REPORT_NAME=CucumberExtentReports, extent.reporter.spark.start=true, EXPORT_VIDEO_PATH=exports/ExportData/Videos, EXPORT_CAPTURE_PATH=exports/ExportData/Images, WAIT_PAGE_LOADED=40, SCREENSHOT_PASSED_STEPS=no, EXTENT_REPORT_FOLDER=exports/reports/CucumberExtentReports, WAIT_EXPLICIT=10, BROWSER=chrome, REPORT_TITLE=Report | Automation Framework Cucumber TestNG | siddharth Tester, AUTHOR=siddharth Tester, EXCEL_DATA_FILE_PATH=src/test/resources/testdata/ClientsDataExcel.xlsx, WAIT_IMPLICIT=20, PROJECT_NAME=Automation Framework Cucumber TestNG | Siddharth Tester, extent.reporter.spark.out=exports/reports/CucumberExtentReports/CucumberExtentReports.html, extent.reporter.pdf.start=false, extent.reporter.excel.out=exports/reports/ExcelReport/ExtentExcel.xlsx, HEADLESS=false, REMOTE_URL=localhost, extent.reporter.spark.vieworder=dashboard,test,category,author,device,log,exception, extent.reporter.pdf.out=exports/reports/CucumberExtentReports/CucumberExtentPdfReport.pdf, SCREENSHOT_FAILED_STEPS=yes, SCREENSHOT_ALL_STEPS_DETAIL=no, TXT_FILE_PATH=src/test/resources/testdata/TxtFileData.txt, extent.reporter.excel.start=false, extent.reporter.spark.enable.author=true, JSON_DATA_FILE_PATH=src/test/resources/testdata/JsonData.json, ACTIVE_PAGE_LOADED=true, URL_CRM=https://rise.anhtester.com/signin, WAIT_SLEEP_STEP=0, OPEN_REPORTS_AFTER_EXECUTION=no, ZIP_FOLDER_PATH=exports/reports/CucumberExtentReports, extent.reporter.spark.base64imagesrc=true, LOCATE=en, ZIP_FOLDER=no}
[INFO] 15-06-2025 00:50:11 [main] [LogUtils] - Running Scenario Name: Open menu
[INFO] 15-06-2025 00:50:17 [main] [LogUtils] - Open website with URL: https://hrm.anhtester.com/
[INFO] 15-06-2025 00:50:17 [main] [LogUtils] - Set text admin_example on By.xpath: //input[@id='iusername']
[INFO] 15-06-2025 00:50:17 [main] [LogUtils] - Scenario in ScenarioManager: io.cucumber.java.Scenario@21ec86e6
[INFO] 15-06-2025 00:50:18 [main] [LogUtils] - Set text 123456 on By.xpath: //input[@id='ipassword']
[INFO] 15-06-2025 00:50:18 [main] [LogUtils] - Clicked on the element By.xpath: //button[@type='submit']
[INFO] 15-06-2025 00:50:18 [main] [LogUtils] - Verify element visible By.xpath: //span[normalize-space()='Home']
[ERROR] 15-06-2025 00:50:39 [main] [LogUtils] - ❌ The element is NOT visible. By.xpath: //span[normalize-space()='Home']
[INFO] 15-06-2025 00:50:43 [main] [LogUtils] - Running Scenario Name: Open menu
[INFO] 15-06-2025 00:50:46 [main] [LogUtils] - Open website with URL: https://hrm.anhtester.com/
[INFO] 15-06-2025 00:50:47 [main] [LogUtils] - Set text admin_example on By.xpath: //input[@id='iusername']
[INFO] 15-06-2025 00:50:47 [main] [LogUtils] - Scenario in ScenarioManager: io.cucumber.java.Scenario@5d5f010a
[INFO] 15-06-2025 00:50:47 [main] [LogUtils] - Set text 123456 on By.xpath: //input[@id='ipassword']
[INFO] 15-06-2025 00:50:47 [main] [LogUtils] - Clicked on the element By.xpath: //button[@type='submit']
[INFO] 15-06-2025 00:50:47 [main] [LogUtils] - Verify element visible By.xpath: //span[normalize-space()='Home']
[ERROR] 15-06-2025 00:51:08 [main] [LogUtils] - ❌ The element is NOT visible. By.xpath: //span[normalize-space()='Home']
[INFO] 15-06-2025 00:51:09 [main] [LogUtils] - ================ AFTER ALL ================
[INFO] 15-06-2025 00:51:09 [main] [LogUtils] - Zipped C:\Users\hp\Desktop\AutomationFrameworkCucumberTestNG\target\allure-results successfully !!
[INFO] 15-06-2025 00:51:11 [main] [LogUtils] - ********* RUN STARTED *********
[INFO] 15-06-2025 00:51:11 [main] [LogUtils] - ********* RUN FINISHED *********
[INFO] 15-06-2025 00:51:12 [main] [LogUtils] - =============== AFTER SUITE ===============
[INFO] 15-06-2025 00:51:12 [main] [LogUtils] - ****************************************
[INFO] 15-06-2025 00:51:12 [main] [LogUtils] - Send Email - START
[INFO] 15-06-2025 00:51:12 [main] [LogUtils] - ****************************************
[INFO] 15-06-2025 00:51:12 [main] [LogUtils] - File name: C:\Users\hp\Desktop\AutomationFrameworkCucumberTestNG\exports/reports/CucumberExtentReports\CucumberExtentReports.html
[INFO] 15-06-2025 00:51:12 [main] [LogUtils] - count_totalTCs: 5
[INFO] 15-06-2025 00:51:12 [main] [LogUtils] - count_passedTCs: 2
[INFO] 15-06-2025 00:51:12 [main] [LogUtils] - count_failedTCs: 3
[INFO] 15-06-2025 00:51:12 [main] [LogUtils] - count_skippedTCs: 0
[INFO] 15-06-2025 00:51:29 [main] [LogUtils] - ****************************************
[INFO] 15-06-2025 00:51:29 [main] [LogUtils] - Email sent successfully.
[INFO] 15-06-2025 00:51:29 [main] [LogUtils] - Send Email - END
[INFO] 15-06-2025 00:51:29 [main] [LogUtils] - ****************************************
[INFO] 15-06-2025 00:51:29 [main] [LogUtils] - count_totalTCs: 5
[INFO] 15-06-2025 00:51:29 [main] [LogUtils] - count_passedTCs: 2
[INFO] 15-06-2025 00:51:29 [main] [LogUtils] - count_failedTCs: 3
[INFO] 15-06-2025 00:51:29 [main] [LogUtils] - count_skippedTCs: 0
[INFO] 15-06-2025 00:51:29 [main] [LogUtils] - Summary mail dispatched once after entire suite.
[INFO] 15-06-2025 01:06:18 [main] [LogUtils] - ================ BEFORE ALL ================
[INFO] 15-06-2025 01:06:18 [main] [LogUtils] - Loaded all properties files.
[INFO] 15-06-2025 01:06:18 [main] [LogUtils] - {TARGET=local, extent.reporter.spark.prefix.device=@device_, DELETE_TEMP_FOLDER=no, TELEGRAM_CHATID=, OVERRIDE_REPORTS=yes, screenshot.rel.path=/exports/reports/CucumberExtentReports/images/, SEND_REPORT_TO_TELEGRAM=no, SEND_EMAIL_TO_USERS=yes, ZIP_FOLDER_NAME=CucumberExtentReports.zip, WAIT_DEFAULT=5, REMOTE_PORT=4444, screenshot.dir=exports/reports/CucumberExtentReports/images/, TELEGRAM_TOKEN=, extent.reporter.spark.prefix.author=@author_, extent.reporter.spark.enable.device=true, EXTENT_REPORT_PDF=PdfReport.pdf, VIDEO_RECORD=no, PASSWORD=T+wyT5u9cOelDJbBWNgxLw, SCREENSHOT_ALL_STEPS=no, EXTENT_REPORT_NAME=CucumberExtentReports, extent.reporter.spark.start=true, EXPORT_VIDEO_PATH=exports/ExportData/Videos, EXPORT_CAPTURE_PATH=exports/ExportData/Images, WAIT_PAGE_LOADED=40, SCREENSHOT_PASSED_STEPS=no, EXTENT_REPORT_FOLDER=exports/reports/CucumberExtentReports, WAIT_EXPLICIT=10, BROWSER=chrome, REPORT_TITLE=Report | Automation Framework Cucumber TestNG | siddharth Tester, AUTHOR=siddharth Tester, EXCEL_DATA_FILE_PATH=src/test/resources/testdata/ClientsDataExcel.xlsx, WAIT_IMPLICIT=20, PROJECT_NAME=Automation Framework Cucumber TestNG | Siddharth Tester, extent.reporter.spark.out=exports/reports/CucumberExtentReports/CucumberExtentReports.html, extent.reporter.pdf.start=false, extent.reporter.excel.out=exports/reports/ExcelReport/ExtentExcel.xlsx, HEADLESS=false, REMOTE_URL=localhost, extent.reporter.spark.vieworder=dashboard,test,category,author,device,log,exception, extent.reporter.pdf.out=exports/reports/CucumberExtentReports/CucumberExtentPdfReport.pdf, SCREENSHOT_FAILED_STEPS=yes, SCREENSHOT_ALL_STEPS_DETAIL=no, TXT_FILE_PATH=src/test/resources/testdata/TxtFileData.txt, extent.reporter.excel.start=false, extent.reporter.spark.enable.author=true, JSON_DATA_FILE_PATH=src/test/resources/testdata/JsonData.json, ACTIVE_PAGE_LOADED=true, URL_CRM=https://rise.anhtester.com/signin, WAIT_SLEEP_STEP=0, OPEN_REPORTS_AFTER_EXECUTION=no, ZIP_FOLDER_PATH=exports/reports/CucumberExtentReports, extent.reporter.spark.base64imagesrc=true, LOCATE=en, ZIP_FOLDER=no}
[INFO] 15-06-2025 01:06:18 [main] [LogUtils] - Loaded all properties files.
[INFO] 15-06-2025 01:06:18 [main] [LogUtils] - {TARGET=local, extent.reporter.spark.prefix.device=@device_, DELETE_TEMP_FOLDER=no, TELEGRAM_CHATID=, OVERRIDE_REPORTS=yes, screenshot.rel.path=/exports/reports/CucumberExtentReports/images/, SEND_REPORT_TO_TELEGRAM=no, SEND_EMAIL_TO_USERS=yes, ZIP_FOLDER_NAME=CucumberExtentReports.zip, WAIT_DEFAULT=5, REMOTE_PORT=4444, screenshot.dir=exports/reports/CucumberExtentReports/images/, TELEGRAM_TOKEN=, extent.reporter.spark.prefix.author=@author_, extent.reporter.spark.enable.device=true, EXTENT_REPORT_PDF=PdfReport.pdf, VIDEO_RECORD=no, PASSWORD=T+wyT5u9cOelDJbBWNgxLw, SCREENSHOT_ALL_STEPS=no, EXTENT_REPORT_NAME=CucumberExtentReports, extent.reporter.spark.start=true, EXPORT_VIDEO_PATH=exports/ExportData/Videos, EXPORT_CAPTURE_PATH=exports/ExportData/Images, WAIT_PAGE_LOADED=40, SCREENSHOT_PASSED_STEPS=no, EXTENT_REPORT_FOLDER=exports/reports/CucumberExtentReports, WAIT_EXPLICIT=10, BROWSER=chrome, REPORT_TITLE=Report | Automation Framework Cucumber TestNG | siddharth Tester, AUTHOR=siddharth Tester, EXCEL_DATA_FILE_PATH=src/test/resources/testdata/ClientsDataExcel.xlsx, WAIT_IMPLICIT=20, PROJECT_NAME=Automation Framework Cucumber TestNG | Siddharth Tester, extent.reporter.spark.out=exports/reports/CucumberExtentReports/CucumberExtentReports.html, extent.reporter.pdf.start=false, extent.reporter.excel.out=exports/reports/ExcelReport/ExtentExcel.xlsx, HEADLESS=false, REMOTE_URL=localhost, extent.reporter.spark.vieworder=dashboard,test,category,author,device,log,exception, extent.reporter.pdf.out=exports/reports/CucumberExtentReports/CucumberExtentPdfReport.pdf, SCREENSHOT_FAILED_STEPS=yes, SCREENSHOT_ALL_STEPS_DETAIL=no, TXT_FILE_PATH=src/test/resources/testdata/TxtFileData.txt, extent.reporter.excel.start=false, extent.reporter.spark.enable.author=true, JSON_DATA_FILE_PATH=src/test/resources/testdata/JsonData.json, ACTIVE_PAGE_LOADED=true, URL_CRM=https://rise.anhtester.com/signin, WAIT_SLEEP_STEP=0, OPEN_REPORTS_AFTER_EXECUTION=no, ZIP_FOLDER_PATH=exports/reports/CucumberExtentReports, extent.reporter.spark.base64imagesrc=true, LOCATE=en, ZIP_FOLDER=no}
[INFO] 15-06-2025 01:06:29 [main] [LogUtils] - Running Scenario Name: Login success
[INFO] 15-06-2025 01:06:35 [main] [LogUtils] - Open website with URL: https://cms.anhtester.com/login
[INFO] 15-06-2025 01:06:35 [main] [LogUtils] - Set text admin@example.com on By.xpath: //input[@id='email']
[INFO] 15-06-2025 01:06:36 [main] [LogUtils] - Set text 123456 on By.xpath: //input[@id='password']
[INFO] 15-06-2025 01:06:36 [main] [LogUtils] - Clicked on the element By.xpath: //button[normalize-space()='Login']
[INFO] 15-06-2025 01:06:38 [main] [LogUtils] - Get Current URL: https://cms.anhtester.com/admin
[INFO] 15-06-2025 01:06:39 [main] [LogUtils] - Verify Contains: https://cms.anhtester.com/admin CONTAINS /admin
[INFO] 15-06-2025 01:06:39 [main] [LogUtils] - Verify element present By.xpath: //span[normalize-space()='Products']
[INFO] 15-06-2025 01:06:41 [main] [LogUtils] - ================ AFTER ALL ================
[INFO] 15-06-2025 01:06:42 [main] [LogUtils] - Zipped C:\Users\hp\Desktop\AutomationFrameworkCucumberTestNG\target\allure-results successfully !!
[INFO] 15-06-2025 01:06:44 [main] [LogUtils] - ********* RUN STARTED *********
[INFO] 15-06-2025 01:06:44 [main] [LogUtils] - ********* RUN FINISHED *********
[INFO] 15-06-2025 01:06:46 [main] [LogUtils] - ================ BEFORE ALL ================
[INFO] 15-06-2025 01:06:46 [main] [LogUtils] - Loaded all properties files.
[INFO] 15-06-2025 01:06:46 [main] [LogUtils] - {TARGET=local, extent.reporter.spark.prefix.device=@device_, DELETE_TEMP_FOLDER=no, TELEGRAM_CHATID=, OVERRIDE_REPORTS=yes, screenshot.rel.path=/exports/reports/CucumberExtentReports/images/, SEND_REPORT_TO_TELEGRAM=no, SEND_EMAIL_TO_USERS=yes, ZIP_FOLDER_NAME=CucumberExtentReports.zip, WAIT_DEFAULT=5, REMOTE_PORT=4444, screenshot.dir=exports/reports/CucumberExtentReports/images/, TELEGRAM_TOKEN=, extent.reporter.spark.prefix.author=@author_, extent.reporter.spark.enable.device=true, EXTENT_REPORT_PDF=PdfReport.pdf, VIDEO_RECORD=no, PASSWORD=T+wyT5u9cOelDJbBWNgxLw, SCREENSHOT_ALL_STEPS=no, EXTENT_REPORT_NAME=CucumberExtentReports, extent.reporter.spark.start=true, EXPORT_VIDEO_PATH=exports/ExportData/Videos, EXPORT_CAPTURE_PATH=exports/ExportData/Images, WAIT_PAGE_LOADED=40, SCREENSHOT_PASSED_STEPS=no, EXTENT_REPORT_FOLDER=exports/reports/CucumberExtentReports, WAIT_EXPLICIT=10, BROWSER=chrome, REPORT_TITLE=Report | Automation Framework Cucumber TestNG | siddharth Tester, AUTHOR=siddharth Tester, EXCEL_DATA_FILE_PATH=src/test/resources/testdata/ClientsDataExcel.xlsx, WAIT_IMPLICIT=20, PROJECT_NAME=Automation Framework Cucumber TestNG | Siddharth Tester, extent.reporter.spark.out=exports/reports/CucumberExtentReports/CucumberExtentReports.html, extent.reporter.pdf.start=false, extent.reporter.excel.out=exports/reports/ExcelReport/ExtentExcel.xlsx, HEADLESS=false, REMOTE_URL=localhost, extent.reporter.spark.vieworder=dashboard,test,category,author,device,log,exception, extent.reporter.pdf.out=exports/reports/CucumberExtentReports/CucumberExtentPdfReport.pdf, SCREENSHOT_FAILED_STEPS=yes, SCREENSHOT_ALL_STEPS_DETAIL=no, TXT_FILE_PATH=src/test/resources/testdata/TxtFileData.txt, extent.reporter.excel.start=false, extent.reporter.spark.enable.author=true, JSON_DATA_FILE_PATH=src/test/resources/testdata/JsonData.json, ACTIVE_PAGE_LOADED=true, URL_CRM=https://rise.anhtester.com/signin, WAIT_SLEEP_STEP=0, OPEN_REPORTS_AFTER_EXECUTION=no, ZIP_FOLDER_PATH=exports/reports/CucumberExtentReports, extent.reporter.spark.base64imagesrc=true, LOCATE=en, ZIP_FOLDER=no}
[INFO] 15-06-2025 01:06:50 [main] [LogUtils] - Running Scenario Name: Sign in CRM with an email valid
[INFO] 15-06-2025 01:06:53 [main] [LogUtils] - Open website with URL: https://rise.anhtester.com/signin
[INFO] 15-06-2025 01:06:53 [main] [LogUtils] - Get Current URL: https://rise.anhtester.com/signin
[INFO] 15-06-2025 01:06:53 [main] [LogUtils] - Verify Contains: https://rise.anhtester.com/signin CONTAINS /signin
[INFO] 15-06-2025 01:06:53 [main] [LogUtils] - Get Page Title: Sign in | RISE CRM | Anh Tester Demo
[INFO] 15-06-2025 01:06:53 [main] [LogUtils] - Verify Equals: Sign in | RISE CRM | Anh Tester Demo = Sign in | RISE CRM | Anh Tester Demo
[INFO] 15-06-2025 01:06:54 [main] [LogUtils] - Clear and Fill admin@example.com on By.xpath: //input[@id='email']
[INFO] 15-06-2025 01:06:56 [main] [LogUtils] - Clear and Fill 123456 on By.xpath: //input[@id='password']
[INFO] 15-06-2025 01:06:59 [main] [LogUtils] - Clicked on the element By.xpath: //button[normalize-space()='Sign in']
[INFO] 15-06-2025 01:07:00 [main] [LogUtils] - ✅ Element By.xpath: //span[normalize-space()='Dashboard'] existing.
[INFO] 15-06-2025 01:07:00 [main] [LogUtils] - Get Current URL: https://rise.anhtester.com/dashboard/index/1
[INFO] 15-06-2025 01:07:00 [main] [LogUtils] - Verify Contains: https://rise.anhtester.com/dashboard/index/1 CONTAINS /dashboard
[INFO] 15-06-2025 01:07:06 [main] [LogUtils] - Running Scenario Name: Sign in CRM with an email invalid
[INFO] 15-06-2025 01:07:09 [main] [LogUtils] - Open website with URL: https://rise.anhtester.com/signin
[INFO] 15-06-2025 01:07:09 [main] [LogUtils] - Get Current URL: https://rise.anhtester.com/signin
[INFO] 15-06-2025 01:07:10 [main] [LogUtils] - Verify Contains: https://rise.anhtester.com/signin CONTAINS /signin
[INFO] 15-06-2025 01:07:10 [main] [LogUtils] - Get Page Title: Sign in | RISE CRM | Anh Tester Demo
[INFO] 15-06-2025 01:07:10 [main] [LogUtils] - Verify Equals: Sign in | RISE CRM | Anh Tester Demo = Sign in | RISE CRM | Anh Tester Demo
[INFO] 15-06-2025 01:07:10 [main] [LogUtils] - Clear and Fill demo@example.com on By.xpath: //input[@id='email']
[INFO] 15-06-2025 01:07:12 [main] [LogUtils] - Clear and Fill 123456 on By.xpath: //input[@id='password']
[INFO] 15-06-2025 01:07:14 [main] [LogUtils] - Clicked on the element By.xpath: //button[normalize-space()='Sign in']
[ERROR] 15-06-2025 01:07:14 [main] [LogUtils] - ❌ Element By.xpath: //div[@role='alert'] NOT exists.
[INFO] 15-06-2025 01:07:16 [main] [LogUtils] - ================ AFTER ALL ================
[INFO] 15-06-2025 01:07:16 [main] [LogUtils] - Zipped C:\Users\hp\Desktop\AutomationFrameworkCucumberTestNG\target\allure-results successfully !!
[INFO] 15-06-2025 01:07:18 [main] [LogUtils] - ********* RUN STARTED *********
[INFO] 15-06-2025 01:07:18 [main] [LogUtils] - ********* RUN FINISHED *********
[INFO] 15-06-2025 01:07:18 [main] [LogUtils] - ================ BEFORE ALL ================
[INFO] 15-06-2025 01:07:18 [main] [LogUtils] - Loaded all properties files.
[INFO] 15-06-2025 01:07:19 [main] [LogUtils] - {TARGET=local, extent.reporter.spark.prefix.device=@device_, DELETE_TEMP_FOLDER=no, TELEGRAM_CHATID=, OVERRIDE_REPORTS=yes, screenshot.rel.path=/exports/reports/CucumberExtentReports/images/, SEND_REPORT_TO_TELEGRAM=no, SEND_EMAIL_TO_USERS=yes, ZIP_FOLDER_NAME=CucumberExtentReports.zip, WAIT_DEFAULT=5, REMOTE_PORT=4444, screenshot.dir=exports/reports/CucumberExtentReports/images/, TELEGRAM_TOKEN=, extent.reporter.spark.prefix.author=@author_, extent.reporter.spark.enable.device=true, EXTENT_REPORT_PDF=PdfReport.pdf, VIDEO_RECORD=no, PASSWORD=T+wyT5u9cOelDJbBWNgxLw, SCREENSHOT_ALL_STEPS=no, EXTENT_REPORT_NAME=CucumberExtentReports, extent.reporter.spark.start=true, EXPORT_VIDEO_PATH=exports/ExportData/Videos, EXPORT_CAPTURE_PATH=exports/ExportData/Images, WAIT_PAGE_LOADED=40, SCREENSHOT_PASSED_STEPS=no, EXTENT_REPORT_FOLDER=exports/reports/CucumberExtentReports, WAIT_EXPLICIT=10, BROWSER=chrome, REPORT_TITLE=Report | Automation Framework Cucumber TestNG | siddharth Tester, AUTHOR=siddharth Tester, EXCEL_DATA_FILE_PATH=src/test/resources/testdata/ClientsDataExcel.xlsx, WAIT_IMPLICIT=20, PROJECT_NAME=Automation Framework Cucumber TestNG | Siddharth Tester, extent.reporter.spark.out=exports/reports/CucumberExtentReports/CucumberExtentReports.html, extent.reporter.pdf.start=false, extent.reporter.excel.out=exports/reports/ExcelReport/ExtentExcel.xlsx, HEADLESS=false, REMOTE_URL=localhost, extent.reporter.spark.vieworder=dashboard,test,category,author,device,log,exception, extent.reporter.pdf.out=exports/reports/CucumberExtentReports/CucumberExtentPdfReport.pdf, SCREENSHOT_FAILED_STEPS=yes, SCREENSHOT_ALL_STEPS_DETAIL=no, TXT_FILE_PATH=src/test/resources/testdata/TxtFileData.txt, extent.reporter.excel.start=false, extent.reporter.spark.enable.author=true, JSON_DATA_FILE_PATH=src/test/resources/testdata/JsonData.json, ACTIVE_PAGE_LOADED=true, URL_CRM=https://rise.anhtester.com/signin, WAIT_SLEEP_STEP=0, OPEN_REPORTS_AFTER_EXECUTION=no, ZIP_FOLDER_PATH=exports/reports/CucumberExtentReports, extent.reporter.spark.base64imagesrc=true, LOCATE=en, ZIP_FOLDER=no}
[INFO] 15-06-2025 01:07:22 [main] [LogUtils] - Running Scenario Name: Open menu
[INFO] 15-06-2025 01:07:25 [main] [LogUtils] - Open website with URL: https://hrm.anhtester.com/
[INFO] 15-06-2025 01:07:26 [main] [LogUtils] - Set text admin_example on By.xpath: //input[@id='iusername']
[INFO] 15-06-2025 01:07:26 [main] [LogUtils] - Scenario in ScenarioManager: io.cucumber.java.Scenario@773e4573
[INFO] 15-06-2025 01:07:27 [main] [LogUtils] - Set text 123456 on By.xpath: //input[@id='ipassword']
[INFO] 15-06-2025 01:07:27 [main] [LogUtils] - Clicked on the element By.xpath: //button[@type='submit']
[INFO] 15-06-2025 01:07:27 [main] [LogUtils] - Verify element visible By.xpath: //span[normalize-space()='Home']
[ERROR] 15-06-2025 01:07:48 [main] [LogUtils] - ❌ The element is NOT visible. By.xpath: //span[normalize-space()='Home']
[INFO] 15-06-2025 01:07:52 [main] [LogUtils] - Running Scenario Name: Open menu
[INFO] 15-06-2025 01:07:54 [main] [LogUtils] - Open website with URL: https://hrm.anhtester.com/
[INFO] 15-06-2025 01:07:55 [main] [LogUtils] - Set text admin_example on By.xpath: //input[@id='iusername']
[INFO] 15-06-2025 01:07:55 [main] [LogUtils] - Scenario in ScenarioManager: io.cucumber.java.Scenario@6587f977
[INFO] 15-06-2025 01:07:55 [main] [LogUtils] - Set text 123456 on By.xpath: //input[@id='ipassword']
[INFO] 15-06-2025 01:07:56 [main] [LogUtils] - Clicked on the element By.xpath: //button[@type='submit']
[INFO] 15-06-2025 01:07:56 [main] [LogUtils] - Verify element visible By.xpath: //span[normalize-space()='Home']
[ERROR] 15-06-2025 01:08:16 [main] [LogUtils] - ❌ The element is NOT visible. By.xpath: //span[normalize-space()='Home']
[INFO] 15-06-2025 01:08:17 [main] [LogUtils] - ================ AFTER ALL ================
[INFO] 15-06-2025 01:08:18 [main] [LogUtils] - Zipped C:\Users\hp\Desktop\AutomationFrameworkCucumberTestNG\target\allure-results successfully !!
[INFO] 15-06-2025 01:08:20 [main] [LogUtils] - ********* RUN STARTED *********
[INFO] 15-06-2025 01:08:20 [main] [LogUtils] - ********* RUN FINISHED *********
[INFO] 15-06-2025 01:08:20 [main] [LogUtils] - =============== AFTER SUITE ===============
[INFO] 15-06-2025 01:08:20 [main] [LogUtils] - ****************************************
[INFO] 15-06-2025 01:08:20 [main] [LogUtils] - Send Email - START
[INFO] 15-06-2025 01:08:20 [main] [LogUtils] - ****************************************
[INFO] 15-06-2025 01:08:20 [main] [LogUtils] - File name: C:\Users\hp\Desktop\AutomationFrameworkCucumberTestNG\exports/reports/CucumberExtentReports\CucumberExtentReports.html
[INFO] 15-06-2025 01:08:20 [main] [LogUtils] - count_totalTCs: 5
[INFO] 15-06-2025 01:08:20 [main] [LogUtils] - count_passedTCs: 2
[INFO] 15-06-2025 01:08:20 [main] [LogUtils] - count_failedTCs: 3
[INFO] 15-06-2025 01:08:20 [main] [LogUtils] - count_skippedTCs: 0
[INFO] 15-06-2025 01:08:37 [main] [LogUtils] - ****************************************
[INFO] 15-06-2025 01:08:37 [main] [LogUtils] - Email sent successfully.
[INFO] 15-06-2025 01:08:37 [main] [LogUtils] - Send Email - END
[INFO] 15-06-2025 01:08:37 [main] [LogUtils] - ****************************************
[INFO] 15-06-2025 01:08:37 [main] [LogUtils] - Summary mail dispatched once after entire suite.
[INFO] 15-06-2025 01:15:06 [main] [LogUtils] - ================ BEFORE ALL ================
[INFO] 15-06-2025 01:15:06 [main] [LogUtils] - Loaded all properties files.
[INFO] 15-06-2025 01:15:06 [main] [LogUtils] - {TARGET=local, extent.reporter.spark.prefix.device=@device_, DELETE_TEMP_FOLDER=no, TELEGRAM_CHATID=, OVERRIDE_REPORTS=yes, screenshot.rel.path=/exports/reports/CucumberExtentReports/images/, SEND_REPORT_TO_TELEGRAM=no, SEND_EMAIL_TO_USERS=yes, ZIP_FOLDER_NAME=CucumberExtentReports.zip, WAIT_DEFAULT=5, REMOTE_PORT=4444, screenshot.dir=exports/reports/CucumberExtentReports/images/, TELEGRAM_TOKEN=, extent.reporter.spark.prefix.author=@author_, extent.reporter.spark.enable.device=true, EXTENT_REPORT_PDF=PdfReport.pdf, VIDEO_RECORD=no, PASSWORD=T+wyT5u9cOelDJbBWNgxLw, SCREENSHOT_ALL_STEPS=no, EXTENT_REPORT_NAME=CucumberExtentReports, extent.reporter.spark.start=true, EXPORT_VIDEO_PATH=exports/ExportData/Videos, EXPORT_CAPTURE_PATH=exports/ExportData/Images, WAIT_PAGE_LOADED=40, SCREENSHOT_PASSED_STEPS=no, EXTENT_REPORT_FOLDER=exports/reports/CucumberExtentReports, WAIT_EXPLICIT=10, BROWSER=chrome, REPORT_TITLE=Report | Automation Framework Cucumber TestNG | siddharth Tester, AUTHOR=siddharth Tester, EXCEL_DATA_FILE_PATH=src/test/resources/testdata/ClientsDataExcel.xlsx, WAIT_IMPLICIT=20, PROJECT_NAME=Automation Framework Cucumber TestNG | Siddharth Tester, extent.reporter.spark.out=exports/reports/CucumberExtentReports/CucumberExtentReports.html, extent.reporter.pdf.start=false, extent.reporter.excel.out=exports/reports/ExcelReport/ExtentExcel.xlsx, HEADLESS=false, REMOTE_URL=localhost, extent.reporter.spark.vieworder=dashboard,test,category,author,device,log,exception, extent.reporter.pdf.out=exports/reports/CucumberExtentReports/CucumberExtentPdfReport.pdf, SCREENSHOT_FAILED_STEPS=yes, SCREENSHOT_ALL_STEPS_DETAIL=no, TXT_FILE_PATH=src/test/resources/testdata/TxtFileData.txt, extent.reporter.excel.start=false, extent.reporter.spark.enable.author=true, JSON_DATA_FILE_PATH=src/test/resources/testdata/JsonData.json, ACTIVE_PAGE_LOADED=true, URL_CRM=https://rise.anhtester.com/signin, WAIT_SLEEP_STEP=0, OPEN_REPORTS_AFTER_EXECUTION=no, ZIP_FOLDER_PATH=exports/reports/CucumberExtentReports, extent.reporter.spark.base64imagesrc=true, LOCATE=en, ZIP_FOLDER=no}
[INFO] 15-06-2025 01:15:06 [main] [LogUtils] - Loaded all properties files.
[INFO] 15-06-2025 01:15:06 [main] [LogUtils] - {TARGET=local, extent.reporter.spark.prefix.device=@device_, DELETE_TEMP_FOLDER=no, TELEGRAM_CHATID=, OVERRIDE_REPORTS=yes, screenshot.rel.path=/exports/reports/CucumberExtentReports/images/, SEND_REPORT_TO_TELEGRAM=no, SEND_EMAIL_TO_USERS=yes, ZIP_FOLDER_NAME=CucumberExtentReports.zip, WAIT_DEFAULT=5, REMOTE_PORT=4444, screenshot.dir=exports/reports/CucumberExtentReports/images/, TELEGRAM_TOKEN=, extent.reporter.spark.prefix.author=@author_, extent.reporter.spark.enable.device=true, EXTENT_REPORT_PDF=PdfReport.pdf, VIDEO_RECORD=no, PASSWORD=T+wyT5u9cOelDJbBWNgxLw, SCREENSHOT_ALL_STEPS=no, EXTENT_REPORT_NAME=CucumberExtentReports, extent.reporter.spark.start=true, EXPORT_VIDEO_PATH=exports/ExportData/Videos, EXPORT_CAPTURE_PATH=exports/ExportData/Images, WAIT_PAGE_LOADED=40, SCREENSHOT_PASSED_STEPS=no, EXTENT_REPORT_FOLDER=exports/reports/CucumberExtentReports, WAIT_EXPLICIT=10, BROWSER=chrome, REPORT_TITLE=Report | Automation Framework Cucumber TestNG | siddharth Tester, AUTHOR=siddharth Tester, EXCEL_DATA_FILE_PATH=src/test/resources/testdata/ClientsDataExcel.xlsx, WAIT_IMPLICIT=20, PROJECT_NAME=Automation Framework Cucumber TestNG | Siddharth Tester, extent.reporter.spark.out=exports/reports/CucumberExtentReports/CucumberExtentReports.html, extent.reporter.pdf.start=false, extent.reporter.excel.out=exports/reports/ExcelReport/ExtentExcel.xlsx, HEADLESS=false, REMOTE_URL=localhost, extent.reporter.spark.vieworder=dashboard,test,category,author,device,log,exception, extent.reporter.pdf.out=exports/reports/CucumberExtentReports/CucumberExtentPdfReport.pdf, SCREENSHOT_FAILED_STEPS=yes, SCREENSHOT_ALL_STEPS_DETAIL=no, TXT_FILE_PATH=src/test/resources/testdata/TxtFileData.txt, extent.reporter.excel.start=false, extent.reporter.spark.enable.author=true, JSON_DATA_FILE_PATH=src/test/resources/testdata/JsonData.json, ACTIVE_PAGE_LOADED=true, URL_CRM=https://rise.anhtester.com/signin, WAIT_SLEEP_STEP=0, OPEN_REPORTS_AFTER_EXECUTION=no, ZIP_FOLDER_PATH=exports/reports/CucumberExtentReports, extent.reporter.spark.base64imagesrc=true, LOCATE=en, ZIP_FOLDER=no}
[INFO] 15-06-2025 01:15:16 [main] [LogUtils] - Running Scenario Name: Login success
[INFO] 15-06-2025 01:15:21 [main] [LogUtils] - Open website with URL: https://cms.anhtester.com/login
[INFO] 15-06-2025 01:15:22 [main] [LogUtils] - Set text admin@example.com on By.xpath: //input[@id='email']
[INFO] 15-06-2025 01:15:22 [main] [LogUtils] - Set text 123456 on By.xpath: //input[@id='password']
[INFO] 15-06-2025 01:15:25 [main] [LogUtils] - Clicked on the element By.xpath: //button[normalize-space()='Login']
[INFO] 15-06-2025 01:15:25 [main] [LogUtils] - Get Current URL: https://cms.anhtester.com/admin
[INFO] 15-06-2025 01:15:25 [main] [LogUtils] - Verify Contains: https://cms.anhtester.com/admin CONTAINS /admin
[INFO] 15-06-2025 01:15:25 [main] [LogUtils] - Verify element present By.xpath: //span[normalize-space()='Products']
[INFO] 15-06-2025 01:15:27 [main] [LogUtils] - ================ AFTER ALL ================
[INFO] 15-06-2025 01:15:27 [main] [LogUtils] - Zipped C:\Users\hp\Desktop\AutomationFrameworkCucumberTestNG\target\allure-results successfully !!
[INFO] 15-06-2025 01:15:29 [main] [LogUtils] - ********* RUN STARTED *********
[INFO] 15-06-2025 01:15:29 [main] [LogUtils] - ********* RUN FINISHED *********
[INFO] 15-06-2025 01:15:32 [main] [LogUtils] - ================ BEFORE ALL ================
[INFO] 15-06-2025 01:15:32 [main] [LogUtils] - Loaded all properties files.
[INFO] 15-06-2025 01:15:32 [main] [LogUtils] - {TARGET=local, extent.reporter.spark.prefix.device=@device_, DELETE_TEMP_FOLDER=no, TELEGRAM_CHATID=, OVERRIDE_REPORTS=yes, screenshot.rel.path=/exports/reports/CucumberExtentReports/images/, SEND_REPORT_TO_TELEGRAM=no, SEND_EMAIL_TO_USERS=yes, ZIP_FOLDER_NAME=CucumberExtentReports.zip, WAIT_DEFAULT=5, REMOTE_PORT=4444, screenshot.dir=exports/reports/CucumberExtentReports/images/, TELEGRAM_TOKEN=, extent.reporter.spark.prefix.author=@author_, extent.reporter.spark.enable.device=true, EXTENT_REPORT_PDF=PdfReport.pdf, VIDEO_RECORD=no, PASSWORD=T+wyT5u9cOelDJbBWNgxLw, SCREENSHOT_ALL_STEPS=no, EXTENT_REPORT_NAME=CucumberExtentReports, extent.reporter.spark.start=true, EXPORT_VIDEO_PATH=exports/ExportData/Videos, EXPORT_CAPTURE_PATH=exports/ExportData/Images, WAIT_PAGE_LOADED=40, SCREENSHOT_PASSED_STEPS=no, EXTENT_REPORT_FOLDER=exports/reports/CucumberExtentReports, WAIT_EXPLICIT=10, BROWSER=chrome, REPORT_TITLE=Report | Automation Framework Cucumber TestNG | siddharth Tester, AUTHOR=siddharth Tester, EXCEL_DATA_FILE_PATH=src/test/resources/testdata/ClientsDataExcel.xlsx, WAIT_IMPLICIT=20, PROJECT_NAME=Automation Framework Cucumber TestNG | Siddharth Tester, extent.reporter.spark.out=exports/reports/CucumberExtentReports/CucumberExtentReports.html, extent.reporter.pdf.start=false, extent.reporter.excel.out=exports/reports/ExcelReport/ExtentExcel.xlsx, HEADLESS=false, REMOTE_URL=localhost, extent.reporter.spark.vieworder=dashboard,test,category,author,device,log,exception, extent.reporter.pdf.out=exports/reports/CucumberExtentReports/CucumberExtentPdfReport.pdf, SCREENSHOT_FAILED_STEPS=yes, SCREENSHOT_ALL_STEPS_DETAIL=no, TXT_FILE_PATH=src/test/resources/testdata/TxtFileData.txt, extent.reporter.excel.start=false, extent.reporter.spark.enable.author=true, JSON_DATA_FILE_PATH=src/test/resources/testdata/JsonData.json, ACTIVE_PAGE_LOADED=true, URL_CRM=https://rise.anhtester.com/signin, WAIT_SLEEP_STEP=0, OPEN_REPORTS_AFTER_EXECUTION=no, ZIP_FOLDER_PATH=exports/reports/CucumberExtentReports, extent.reporter.spark.base64imagesrc=true, LOCATE=en, ZIP_FOLDER=no}
[INFO] 15-06-2025 01:15:35 [main] [LogUtils] - Running Scenario Name: Sign in CRM with an email valid
[INFO] 15-06-2025 01:15:39 [main] [LogUtils] - Open website with URL: https://rise.anhtester.com/signin
[INFO] 15-06-2025 01:15:39 [main] [LogUtils] - Get Current URL: https://rise.anhtester.com/signin
[INFO] 15-06-2025 01:15:39 [main] [LogUtils] - Verify Contains: https://rise.anhtester.com/signin CONTAINS /signin
[INFO] 15-06-2025 01:15:39 [main] [LogUtils] - Get Page Title: Sign in | RISE CRM | Anh Tester Demo
[INFO] 15-06-2025 01:15:39 [main] [LogUtils] - Verify Equals: Sign in | RISE CRM | Anh Tester Demo = Sign in | RISE CRM | Anh Tester Demo
[INFO] 15-06-2025 01:15:40 [main] [LogUtils] - Clear and Fill admin@example.com on By.xpath: //input[@id='email']
[INFO] 15-06-2025 01:15:41 [main] [LogUtils] - Clear and Fill 123456 on By.xpath: //input[@id='password']
[INFO] 15-06-2025 01:15:45 [main] [LogUtils] - Clicked on the element By.xpath: //button[normalize-space()='Sign in']
[INFO] 15-06-2025 01:15:46 [main] [LogUtils] - ✅ Element By.xpath: //span[normalize-space()='Dashboard'] existing.
[INFO] 15-06-2025 01:15:46 [main] [LogUtils] - Get Current URL: https://rise.anhtester.com/dashboard/index/1
[INFO] 15-06-2025 01:15:46 [main] [LogUtils] - Verify Contains: https://rise.anhtester.com/dashboard/index/1 CONTAINS /dashboard
[INFO] 15-06-2025 01:15:52 [main] [LogUtils] - Running Scenario Name: Sign in CRM with an email invalid
[INFO] 15-06-2025 01:15:56 [main] [LogUtils] - Open website with URL: https://rise.anhtester.com/signin
[INFO] 15-06-2025 01:15:56 [main] [LogUtils] - Get Current URL: https://rise.anhtester.com/signin
[INFO] 15-06-2025 01:15:56 [main] [LogUtils] - Verify Contains: https://rise.anhtester.com/signin CONTAINS /signin
[INFO] 15-06-2025 01:15:56 [main] [LogUtils] - Get Page Title: Sign in | RISE CRM | Anh Tester Demo
[INFO] 15-06-2025 01:15:56 [main] [LogUtils] - Verify Equals: Sign in | RISE CRM | Anh Tester Demo = Sign in | RISE CRM | Anh Tester Demo
[INFO] 15-06-2025 01:15:57 [main] [LogUtils] - Clear and Fill demo@example.com on By.xpath: //input[@id='email']
[INFO] 15-06-2025 01:15:58 [main] [LogUtils] - Clear and Fill 123456 on By.xpath: //input[@id='password']
[INFO] 15-06-2025 01:16:00 [main] [LogUtils] - Clicked on the element By.xpath: //button[normalize-space()='Sign in']
[ERROR] 15-06-2025 01:16:00 [main] [LogUtils] - ❌ Element By.xpath: //div[@role='alert'] NOT exists.
[INFO] 15-06-2025 01:16:02 [main] [LogUtils] - ================ AFTER ALL ================
[INFO] 15-06-2025 01:16:03 [main] [LogUtils] - Zipped C:\Users\hp\Desktop\AutomationFrameworkCucumberTestNG\target\allure-results successfully !!
[INFO] 15-06-2025 01:16:05 [main] [LogUtils] - ********* RUN STARTED *********
[INFO] 15-06-2025 01:16:05 [main] [LogUtils] - ********* RUN FINISHED *********
[INFO] 15-06-2025 01:16:05 [main] [LogUtils] - ================ BEFORE ALL ================
[INFO] 15-06-2025 01:16:05 [main] [LogUtils] - Loaded all properties files.
[INFO] 15-06-2025 01:16:05 [main] [LogUtils] - {TARGET=local, extent.reporter.spark.prefix.device=@device_, DELETE_TEMP_FOLDER=no, TELEGRAM_CHATID=, OVERRIDE_REPORTS=yes, screenshot.rel.path=/exports/reports/CucumberExtentReports/images/, SEND_REPORT_TO_TELEGRAM=no, SEND_EMAIL_TO_USERS=yes, ZIP_FOLDER_NAME=CucumberExtentReports.zip, WAIT_DEFAULT=5, REMOTE_PORT=4444, screenshot.dir=exports/reports/CucumberExtentReports/images/, TELEGRAM_TOKEN=, extent.reporter.spark.prefix.author=@author_, extent.reporter.spark.enable.device=true, EXTENT_REPORT_PDF=PdfReport.pdf, VIDEO_RECORD=no, PASSWORD=T+wyT5u9cOelDJbBWNgxLw, SCREENSHOT_ALL_STEPS=no, EXTENT_REPORT_NAME=CucumberExtentReports, extent.reporter.spark.start=true, EXPORT_VIDEO_PATH=exports/ExportData/Videos, EXPORT_CAPTURE_PATH=exports/ExportData/Images, WAIT_PAGE_LOADED=40, SCREENSHOT_PASSED_STEPS=no, EXTENT_REPORT_FOLDER=exports/reports/CucumberExtentReports, WAIT_EXPLICIT=10, BROWSER=chrome, REPORT_TITLE=Report | Automation Framework Cucumber TestNG | siddharth Tester, AUTHOR=siddharth Tester, EXCEL_DATA_FILE_PATH=src/test/resources/testdata/ClientsDataExcel.xlsx, WAIT_IMPLICIT=20, PROJECT_NAME=Automation Framework Cucumber TestNG | Siddharth Tester, extent.reporter.spark.out=exports/reports/CucumberExtentReports/CucumberExtentReports.html, extent.reporter.pdf.start=false, extent.reporter.excel.out=exports/reports/ExcelReport/ExtentExcel.xlsx, HEADLESS=false, REMOTE_URL=localhost, extent.reporter.spark.vieworder=dashboard,test,category,author,device,log,exception, extent.reporter.pdf.out=exports/reports/CucumberExtentReports/CucumberExtentPdfReport.pdf, SCREENSHOT_FAILED_STEPS=yes, SCREENSHOT_ALL_STEPS_DETAIL=no, TXT_FILE_PATH=src/test/resources/testdata/TxtFileData.txt, extent.reporter.excel.start=false, extent.reporter.spark.enable.author=true, JSON_DATA_FILE_PATH=src/test/resources/testdata/JsonData.json, ACTIVE_PAGE_LOADED=true, URL_CRM=https://rise.anhtester.com/signin, WAIT_SLEEP_STEP=0, OPEN_REPORTS_AFTER_EXECUTION=no, ZIP_FOLDER_PATH=exports/reports/CucumberExtentReports, extent.reporter.spark.base64imagesrc=true, LOCATE=en, ZIP_FOLDER=no}
[INFO] 15-06-2025 01:16:08 [main] [LogUtils] - Running Scenario Name: Open menu
[INFO] 15-06-2025 01:16:11 [main] [LogUtils] - Open website with URL: https://hrm.anhtester.com/
[INFO] 15-06-2025 01:16:12 [main] [LogUtils] - Set text admin_example on By.xpath: //input[@id='iusername']
[INFO] 15-06-2025 01:16:12 [main] [LogUtils] - Scenario in ScenarioManager: io.cucumber.java.Scenario@2d579733
[INFO] 15-06-2025 01:16:12 [main] [LogUtils] - Set text 123456 on By.xpath: //input[@id='ipassword']
[INFO] 15-06-2025 01:16:13 [main] [LogUtils] - Clicked on the element By.xpath: //button[@type='submit']
[INFO] 15-06-2025 01:16:13 [main] [LogUtils] - Verify element visible By.xpath: //span[normalize-space()='Home']
[ERROR] 15-06-2025 01:16:33 [main] [LogUtils] - ❌ The element is NOT visible. By.xpath: //span[normalize-space()='Home']
[INFO] 15-06-2025 01:16:37 [main] [LogUtils] - Running Scenario Name: Open menu
[INFO] 15-06-2025 01:16:40 [main] [LogUtils] - Open website with URL: https://hrm.anhtester.com/
[INFO] 15-06-2025 01:16:41 [main] [LogUtils] - Set text admin_example on By.xpath: //input[@id='iusername']
[INFO] 15-06-2025 01:16:41 [main] [LogUtils] - Scenario in ScenarioManager: io.cucumber.java.Scenario@1435103b
[INFO] 15-06-2025 01:16:41 [main] [LogUtils] - Set text 123456 on By.xpath: //input[@id='ipassword']
[INFO] 15-06-2025 01:16:42 [main] [LogUtils] - Clicked on the element By.xpath: //button[@type='submit']
[INFO] 15-06-2025 01:16:42 [main] [LogUtils] - Verify element visible By.xpath: //span[normalize-space()='Home']
[ERROR] 15-06-2025 01:17:02 [main] [LogUtils] - ❌ The element is NOT visible. By.xpath: //span[normalize-space()='Home']
[INFO] 15-06-2025 01:17:03 [main] [LogUtils] - ================ AFTER ALL ================
[INFO] 15-06-2025 01:17:05 [main] [LogUtils] - Zipped C:\Users\hp\Desktop\AutomationFrameworkCucumberTestNG\target\allure-results successfully !!
[INFO] 15-06-2025 01:17:07 [main] [LogUtils] - ********* RUN STARTED *********
[INFO] 15-06-2025 01:17:07 [main] [LogUtils] - ********* RUN FINISHED *********
[INFO] 15-06-2025 01:17:07 [main] [LogUtils] - =============== AFTER SUITE ===============
[INFO] 15-06-2025 01:17:07 [main] [LogUtils] - ****************************************
[INFO] 15-06-2025 01:17:07 [main] [LogUtils] - Send Email - START
[INFO] 15-06-2025 01:17:07 [main] [LogUtils] - ****************************************
[INFO] 15-06-2025 01:17:07 [main] [LogUtils] - File name: C:\Users\hp\Desktop\AutomationFrameworkCucumberTestNG\exports/reports/CucumberExtentReports\CucumberExtentReports.html
[INFO] 15-06-2025 01:17:07 [main] [LogUtils] - count_totalTCs: 5
[INFO] 15-06-2025 01:17:07 [main] [LogUtils] - count_passedTCs: 2
[INFO] 15-06-2025 01:17:07 [main] [LogUtils] - count_failedTCs: 3
[INFO] 15-06-2025 01:17:07 [main] [LogUtils] - count_skippedTCs: 0
[INFO] 15-06-2025 01:17:25 [main] [LogUtils] - ****************************************
[INFO] 15-06-2025 01:17:25 [main] [LogUtils] - Email sent successfully.
[INFO] 15-06-2025 01:17:25 [main] [LogUtils] - Send Email - END
[INFO] 15-06-2025 01:17:25 [main] [LogUtils] - ****************************************
[INFO] 15-06-2025 01:17:25 [main] [LogUtils] - Summary mail dispatched once after entire suite.
[INFO] 15-06-2025 01:50:08 [main] [LogUtils] - ================ BEFORE ALL ================
[INFO] 15-06-2025 01:50:08 [main] [LogUtils] - Loaded all properties files.
[INFO] 15-06-2025 01:50:08 [main] [LogUtils] - {TARGET=remote, extent.reporter.spark.prefix.device=@device_, DELETE_TEMP_FOLDER=no, TELEGRAM_CHATID=, OVERRIDE_REPORTS=yes, screenshot.rel.path=/exports/reports/CucumberExtentReports/images/, SEND_REPORT_TO_TELEGRAM=no, SEND_EMAIL_TO_USERS=yes, ZIP_FOLDER_NAME=CucumberExtentReports.zip, WAIT_DEFAULT=5, REMOTE_PORT=4444, screenshot.dir=exports/reports/CucumberExtentReports/images/, TELEGRAM_TOKEN=, extent.reporter.spark.prefix.author=@author_, extent.reporter.spark.enable.device=true, EXTENT_REPORT_PDF=PdfReport.pdf, VIDEO_RECORD=no, PASSWORD=T+wyT5u9cOelDJbBWNgxLw, SCREENSHOT_ALL_STEPS=no, EXTENT_REPORT_NAME=CucumberExtentReports, extent.reporter.spark.start=true, EXPORT_VIDEO_PATH=exports/ExportData/Videos, EXPORT_CAPTURE_PATH=exports/ExportData/Images, WAIT_PAGE_LOADED=40, SCREENSHOT_PASSED_STEPS=no, EXTENT_REPORT_FOLDER=exports/reports/CucumberExtentReports, WAIT_EXPLICIT=10, BROWSER=chrome, REPORT_TITLE=Report | Automation Framework Cucumber TestNG | siddharth Tester, AUTHOR=siddharth Tester, EXCEL_DATA_FILE_PATH=src/test/resources/testdata/ClientsDataExcel.xlsx, WAIT_IMPLICIT=20, PROJECT_NAME=Automation Framework Cucumber TestNG | Siddharth Tester, extent.reporter.spark.out=exports/reports/CucumberExtentReports/CucumberExtentReports.html, extent.reporter.pdf.start=false, extent.reporter.excel.out=exports/reports/ExcelReport/ExtentExcel.xlsx, HEADLESS=false, REMOTE_URL=localhost, extent.reporter.spark.vieworder=dashboard,test,category,author,device,log,exception, extent.reporter.pdf.out=exports/reports/CucumberExtentReports/CucumberExtentPdfReport.pdf, SCREENSHOT_FAILED_STEPS=yes, SCREENSHOT_ALL_STEPS_DETAIL=no, TXT_FILE_PATH=src/test/resources/testdata/TxtFileData.txt, extent.reporter.excel.start=false, extent.reporter.spark.enable.author=true, JSON_DATA_FILE_PATH=src/test/resources/testdata/JsonData.json, ACTIVE_PAGE_LOADED=true, URL_CRM=https://rise.anhtester.com/signin, WAIT_SLEEP_STEP=0, OPEN_REPORTS_AFTER_EXECUTION=no, ZIP_FOLDER_PATH=exports/reports/CucumberExtentReports, extent.reporter.spark.base64imagesrc=true, LOCATE=en, ZIP_FOLDER=no}
[INFO] 15-06-2025 01:50:08 [main] [LogUtils] - Loaded all properties files.
[INFO] 15-06-2025 01:50:08 [main] [LogUtils] - {TARGET=remote, extent.reporter.spark.prefix.device=@device_, DELETE_TEMP_FOLDER=no, TELEGRAM_CHATID=, OVERRIDE_REPORTS=yes, screenshot.rel.path=/exports/reports/CucumberExtentReports/images/, SEND_REPORT_TO_TELEGRAM=no, SEND_EMAIL_TO_USERS=yes, ZIP_FOLDER_NAME=CucumberExtentReports.zip, WAIT_DEFAULT=5, REMOTE_PORT=4444, screenshot.dir=exports/reports/CucumberExtentReports/images/, TELEGRAM_TOKEN=, extent.reporter.spark.prefix.author=@author_, extent.reporter.spark.enable.device=true, EXTENT_REPORT_PDF=PdfReport.pdf, VIDEO_RECORD=no, PASSWORD=T+wyT5u9cOelDJbBWNgxLw, SCREENSHOT_ALL_STEPS=no, EXTENT_REPORT_NAME=CucumberExtentReports, extent.reporter.spark.start=true, EXPORT_VIDEO_PATH=exports/ExportData/Videos, EXPORT_CAPTURE_PATH=exports/ExportData/Images, WAIT_PAGE_LOADED=40, SCREENSHOT_PASSED_STEPS=no, EXTENT_REPORT_FOLDER=exports/reports/CucumberExtentReports, WAIT_EXPLICIT=10, BROWSER=chrome, REPORT_TITLE=Report | Automation Framework Cucumber TestNG | siddharth Tester, AUTHOR=siddharth Tester, EXCEL_DATA_FILE_PATH=src/test/resources/testdata/ClientsDataExcel.xlsx, WAIT_IMPLICIT=20, PROJECT_NAME=Automation Framework Cucumber TestNG | Siddharth Tester, extent.reporter.spark.out=exports/reports/CucumberExtentReports/CucumberExtentReports.html, extent.reporter.pdf.start=false, extent.reporter.excel.out=exports/reports/ExcelReport/ExtentExcel.xlsx, HEADLESS=false, REMOTE_URL=localhost, extent.reporter.spark.vieworder=dashboard,test,category,author,device,log,exception, extent.reporter.pdf.out=exports/reports/CucumberExtentReports/CucumberExtentPdfReport.pdf, SCREENSHOT_FAILED_STEPS=yes, SCREENSHOT_ALL_STEPS_DETAIL=no, TXT_FILE_PATH=src/test/resources/testdata/TxtFileData.txt, extent.reporter.excel.start=false, extent.reporter.spark.enable.author=true, JSON_DATA_FILE_PATH=src/test/resources/testdata/JsonData.json, ACTIVE_PAGE_LOADED=true, URL_CRM=https://rise.anhtester.com/signin, WAIT_SLEEP_STEP=0, OPEN_REPORTS_AFTER_EXECUTION=no, ZIP_FOLDER_PATH=exports/reports/CucumberExtentReports, extent.reporter.spark.base64imagesrc=true, LOCATE=en, ZIP_FOLDER=no}
[INFO] 15-06-2025 01:50:15 [main] [LogUtils] - ================ AFTER ALL ================
[INFO] 15-06-2025 01:50:18 [main] [LogUtils] - Zipped C:\Users\hp\Desktop\AutomationFrameworkCucumberTestNG\target\allure-results successfully !!
[INFO] 15-06-2025 01:50:21 [main] [LogUtils] - ********* RUN STARTED *********
[INFO] 15-06-2025 01:50:21 [main] [LogUtils] - ********* RUN FINISHED *********
[INFO] 15-06-2025 01:50:24 [main] [LogUtils] - =============== AFTER SUITE ===============
[INFO] 15-06-2025 01:50:24 [main] [LogUtils] - ****************************************
[INFO] 15-06-2025 01:50:24 [main] [LogUtils] - Send Email - START
[INFO] 15-06-2025 01:50:24 [main] [LogUtils] - ****************************************
[INFO] 15-06-2025 01:50:24 [main] [LogUtils] - File name: C:\Users\hp\Desktop\AutomationFrameworkCucumberTestNG\exports/reports/CucumberExtentReports\CucumberExtentReports.html
[INFO] 15-06-2025 01:50:24 [main] [LogUtils] - count_totalTCs: 0
[INFO] 15-06-2025 01:50:24 [main] [LogUtils] - count_passedTCs: 0
[INFO] 15-06-2025 01:50:24 [main] [LogUtils] - count_failedTCs: 0
[INFO] 15-06-2025 01:50:24 [main] [LogUtils] - count_skippedTCs: 0
[INFO] 15-06-2025 01:50:42 [main] [LogUtils] - ****************************************
[INFO] 15-06-2025 01:50:42 [main] [LogUtils] - Email sent successfully.
[INFO] 15-06-2025 01:50:42 [main] [LogUtils] - Send Email - END
[INFO] 15-06-2025 01:50:42 [main] [LogUtils] - ****************************************
[INFO] 15-06-2025 01:50:42 [main] [LogUtils] - Summary mail dispatched once after entire suite.
[INFO] 15-06-2025 06:19:59 [main] [LogUtils] - ================ BEFORE ALL ================
[INFO] 15-06-2025 06:19:59 [main] [LogUtils] - Loaded all properties files.
[INFO] 15-06-2025 06:19:59 [main] [LogUtils] - {TARGET=local, extent.reporter.spark.prefix.device=@device_, DELETE_TEMP_FOLDER=no, TELEGRAM_CHATID=, OVERRIDE_REPORTS=yes, screenshot.rel.path=/exports/reports/CucumberExtentReports/images/, SEND_REPORT_TO_TELEGRAM=no, SEND_EMAIL_TO_USERS=yes, ZIP_FOLDER_NAME=CucumberExtentReports.zip, WAIT_DEFAULT=5, REMOTE_PORT=4444, screenshot.dir=exports/reports/CucumberExtentReports/images/, TELEGRAM_TOKEN=, extent.reporter.spark.prefix.author=@author_, extent.reporter.spark.enable.device=true, EXTENT_REPORT_PDF=PdfReport.pdf, VIDEO_RECORD=no, PASSWORD=T+wyT5u9cOelDJbBWNgxLw, SCREENSHOT_ALL_STEPS=no, EXTENT_REPORT_NAME=CucumberExtentReports, extent.reporter.spark.start=true, EXPORT_VIDEO_PATH=exports/ExportData/Videos, EXPORT_CAPTURE_PATH=exports/ExportData/Images, WAIT_PAGE_LOADED=40, SCREENSHOT_PASSED_STEPS=no, EXTENT_REPORT_FOLDER=exports/reports/CucumberExtentReports, WAIT_EXPLICIT=10, BROWSER=chrome, REPORT_TITLE=Report | Automation Framework Cucumber TestNG | siddharth Tester, AUTHOR=siddharth Tester, EXCEL_DATA_FILE_PATH=src/test/resources/testdata/ClientsDataExcel.xlsx, WAIT_IMPLICIT=20, PROJECT_NAME=Automation Framework Cucumber TestNG | Siddharth Tester, extent.reporter.spark.out=exports/reports/CucumberExtentReports/CucumberExtentReports.html, extent.reporter.pdf.start=false, extent.reporter.excel.out=exports/reports/ExcelReport/ExtentExcel.xlsx, HEADLESS=false, REMOTE_URL=localhost, extent.reporter.spark.vieworder=dashboard,test,category,author,device,log,exception, extent.reporter.pdf.out=exports/reports/CucumberExtentReports/CucumberExtentPdfReport.pdf, SCREENSHOT_FAILED_STEPS=yes, SCREENSHOT_ALL_STEPS_DETAIL=no, TXT_FILE_PATH=src/test/resources/testdata/TxtFileData.txt, extent.reporter.excel.start=false, extent.reporter.spark.enable.author=true, JSON_DATA_FILE_PATH=src/test/resources/testdata/JsonData.json, ACTIVE_PAGE_LOADED=true, URL_CRM=https://rise.anhtester.com/signin, WAIT_SLEEP_STEP=0, OPEN_REPORTS_AFTER_EXECUTION=no, ZIP_FOLDER_PATH=exports/reports/CucumberExtentReports, extent.reporter.spark.base64imagesrc=true, LOCATE=en, ZIP_FOLDER=no}
[INFO] 15-06-2025 06:20:00 [main] [LogUtils] - Loaded all properties files.
[INFO] 15-06-2025 06:20:00 [main] [LogUtils] - {TARGET=local, extent.reporter.spark.prefix.device=@device_, DELETE_TEMP_FOLDER=no, TELEGRAM_CHATID=, OVERRIDE_REPORTS=yes, screenshot.rel.path=/exports/reports/CucumberExtentReports/images/, SEND_REPORT_TO_TELEGRAM=no, SEND_EMAIL_TO_USERS=yes, ZIP_FOLDER_NAME=CucumberExtentReports.zip, WAIT_DEFAULT=5, REMOTE_PORT=4444, screenshot.dir=exports/reports/CucumberExtentReports/images/, TELEGRAM_TOKEN=, extent.reporter.spark.prefix.author=@author_, extent.reporter.spark.enable.device=true, EXTENT_REPORT_PDF=PdfReport.pdf, VIDEO_RECORD=no, PASSWORD=T+wyT5u9cOelDJbBWNgxLw, SCREENSHOT_ALL_STEPS=no, EXTENT_REPORT_NAME=CucumberExtentReports, extent.reporter.spark.start=true, EXPORT_VIDEO_PATH=exports/ExportData/Videos, EXPORT_CAPTURE_PATH=exports/ExportData/Images, WAIT_PAGE_LOADED=40, SCREENSHOT_PASSED_STEPS=no, EXTENT_REPORT_FOLDER=exports/reports/CucumberExtentReports, WAIT_EXPLICIT=10, BROWSER=chrome, REPORT_TITLE=Report | Automation Framework Cucumber TestNG | siddharth Tester, AUTHOR=siddharth Tester, EXCEL_DATA_FILE_PATH=src/test/resources/testdata/ClientsDataExcel.xlsx, WAIT_IMPLICIT=20, PROJECT_NAME=Automation Framework Cucumber TestNG | Siddharth Tester, extent.reporter.spark.out=exports/reports/CucumberExtentReports/CucumberExtentReports.html, extent.reporter.pdf.start=false, extent.reporter.excel.out=exports/reports/ExcelReport/ExtentExcel.xlsx, HEADLESS=false, REMOTE_URL=localhost, extent.reporter.spark.vieworder=dashboard,test,category,author,device,log,exception, extent.reporter.pdf.out=exports/reports/CucumberExtentReports/CucumberExtentPdfReport.pdf, SCREENSHOT_FAILED_STEPS=yes, SCREENSHOT_ALL_STEPS_DETAIL=no, TXT_FILE_PATH=src/test/resources/testdata/TxtFileData.txt, extent.reporter.excel.start=false, extent.reporter.spark.enable.author=true, JSON_DATA_FILE_PATH=src/test/resources/testdata/JsonData.json, ACTIVE_PAGE_LOADED=true, URL_CRM=https://rise.anhtester.com/signin, WAIT_SLEEP_STEP=0, OPEN_REPORTS_AFTER_EXECUTION=no, ZIP_FOLDER_PATH=exports/reports/CucumberExtentReports, extent.reporter.spark.base64imagesrc=true, LOCATE=en, ZIP_FOLDER=no}
[INFO] 15-06-2025 06:20:12 [main] [LogUtils] - Running Scenario Name: Login success
[INFO] 15-06-2025 06:20:17 [main] [LogUtils] - Open website with URL: https://cms.anhtester.com/login
[INFO] 15-06-2025 06:20:18 [main] [LogUtils] - Set text admin@example.com on By.xpath: //input[@id='email']
[INFO] 15-06-2025 06:20:19 [main] [LogUtils] - Set text 123456 on By.xpath: //input[@id='password']
[INFO] 15-06-2025 06:20:21 [main] [LogUtils] - Clicked on the element By.xpath: //button[normalize-space()='Login']
[INFO] 15-06-2025 06:20:21 [main] [LogUtils] - Get Current URL: https://cms.anhtester.com/admin
[INFO] 15-06-2025 06:20:21 [main] [LogUtils] - Verify Contains: https://cms.anhtester.com/admin CONTAINS /admin
[INFO] 15-06-2025 06:20:21 [main] [LogUtils] - Verify element present By.xpath: //span[normalize-space()='Products']
[INFO] 15-06-2025 06:20:23 [main] [LogUtils] - ================ AFTER ALL ================
[INFO] 15-06-2025 06:20:23 [main] [LogUtils] - Zipped C:\Users\hp\Desktop\siddharthTester_HRM-cucumber-testng\target\allure-results successfully !!
[INFO] 15-06-2025 06:20:25 [main] [LogUtils] - ********* RUN STARTED *********
[INFO] 15-06-2025 06:20:25 [main] [LogUtils] - ********* RUN FINISHED *********
[INFO] 15-06-2025 06:20:27 [main] [LogUtils] - =============== AFTER SUITE ===============
[INFO] 15-06-2025 06:20:27 [main] [LogUtils] - ****************************************
[INFO] 15-06-2025 06:20:27 [main] [LogUtils] - Send Email - START
[INFO] 15-06-2025 06:20:27 [main] [LogUtils] - ****************************************
[INFO] 15-06-2025 06:20:27 [main] [LogUtils] - File name: C:\Users\hp\Desktop\siddharthTester_HRM-cucumber-testng\exports/reports/CucumberExtentReports\CucumberExtentReports.html
[INFO] 15-06-2025 06:20:27 [main] [LogUtils] - count_totalTCs: 1
[INFO] 15-06-2025 06:20:27 [main] [LogUtils] - count_passedTCs: 1
[INFO] 15-06-2025 06:20:27 [main] [LogUtils] - count_failedTCs: 0
[INFO] 15-06-2025 06:20:27 [main] [LogUtils] - count_skippedTCs: 0
[INFO] 15-06-2025 06:20:42 [main] [LogUtils] - ****************************************
[INFO] 15-06-2025 06:20:42 [main] [LogUtils] - Email sent successfully.
[INFO] 15-06-2025 06:20:42 [main] [LogUtils] - Send Email - END
[INFO] 15-06-2025 06:20:42 [main] [LogUtils] - ****************************************
[INFO] 15-06-2025 06:20:42 [main] [LogUtils] - Summary mail dispatched once after entire suite.
[INFO] 15-06-2025 06:23:24 [main] [LogUtils] - ================ BEFORE ALL ================
[INFO] 15-06-2025 06:23:24 [main] [LogUtils] - Loaded all properties files.
[INFO] 15-06-2025 06:23:24 [main] [LogUtils] - {TARGET=local, extent.reporter.spark.prefix.device=@device_, DELETE_TEMP_FOLDER=no, TELEGRAM_CHATID=, OVERRIDE_REPORTS=yes, screenshot.rel.path=/exports/reports/CucumberExtentReports/images/, SEND_REPORT_TO_TELEGRAM=no, SEND_EMAIL_TO_USERS=yes, ZIP_FOLDER_NAME=CucumberExtentReports.zip, WAIT_DEFAULT=5, REMOTE_PORT=4444, screenshot.dir=exports/reports/CucumberExtentReports/images/, TELEGRAM_TOKEN=, extent.reporter.spark.prefix.author=@author_, extent.reporter.spark.enable.device=true, EXTENT_REPORT_PDF=PdfReport.pdf, VIDEO_RECORD=no, PASSWORD=T+wyT5u9cOelDJbBWNgxLw, SCREENSHOT_ALL_STEPS=no, EXTENT_REPORT_NAME=CucumberExtentReports, extent.reporter.spark.start=true, EXPORT_VIDEO_PATH=exports/ExportData/Videos, EXPORT_CAPTURE_PATH=exports/ExportData/Images, WAIT_PAGE_LOADED=40, SCREENSHOT_PASSED_STEPS=no, EXTENT_REPORT_FOLDER=exports/reports/CucumberExtentReports, WAIT_EXPLICIT=10, BROWSER=chrome, REPORT_TITLE=Report | Automation Framework Cucumber TestNG | siddharth Tester, AUTHOR=siddharth Tester, EXCEL_DATA_FILE_PATH=src/test/resources/testdata/ClientsDataExcel.xlsx, WAIT_IMPLICIT=20, PROJECT_NAME=Automation Framework Cucumber TestNG | Siddharth Tester, extent.reporter.spark.out=exports/reports/CucumberExtentReports/CucumberExtentReports.html, extent.reporter.pdf.start=false, extent.reporter.excel.out=exports/reports/ExcelReport/ExtentExcel.xlsx, HEADLESS=false, REMOTE_URL=localhost, extent.reporter.spark.vieworder=dashboard,test,category,author,device,log,exception, extent.reporter.pdf.out=exports/reports/CucumberExtentReports/CucumberExtentPdfReport.pdf, SCREENSHOT_FAILED_STEPS=yes, SCREENSHOT_ALL_STEPS_DETAIL=no, TXT_FILE_PATH=src/test/resources/testdata/TxtFileData.txt, extent.reporter.excel.start=false, extent.reporter.spark.enable.author=true, JSON_DATA_FILE_PATH=src/test/resources/testdata/JsonData.json, ACTIVE_PAGE_LOADED=true, URL_CRM=https://rise.anhtester.com/signin, WAIT_SLEEP_STEP=0, OPEN_REPORTS_AFTER_EXECUTION=no, ZIP_FOLDER_PATH=exports/reports/CucumberExtentReports, extent.reporter.spark.base64imagesrc=true, LOCATE=en, ZIP_FOLDER=no}
[INFO] 15-06-2025 06:23:25 [main] [LogUtils] - Loaded all properties files.
[INFO] 15-06-2025 06:23:25 [main] [LogUtils] - {TARGET=local, extent.reporter.spark.prefix.device=@device_, DELETE_TEMP_FOLDER=no, TELEGRAM_CHATID=, OVERRIDE_REPORTS=yes, screenshot.rel.path=/exports/reports/CucumberExtentReports/images/, SEND_REPORT_TO_TELEGRAM=no, SEND_EMAIL_TO_USERS=yes, ZIP_FOLDER_NAME=CucumberExtentReports.zip, WAIT_DEFAULT=5, REMOTE_PORT=4444, screenshot.dir=exports/reports/CucumberExtentReports/images/, TELEGRAM_TOKEN=, extent.reporter.spark.prefix.author=@author_, extent.reporter.spark.enable.device=true, EXTENT_REPORT_PDF=PdfReport.pdf, VIDEO_RECORD=no, PASSWORD=T+wyT5u9cOelDJbBWNgxLw, SCREENSHOT_ALL_STEPS=no, EXTENT_REPORT_NAME=CucumberExtentReports, extent.reporter.spark.start=true, EXPORT_VIDEO_PATH=exports/ExportData/Videos, EXPORT_CAPTURE_PATH=exports/ExportData/Images, WAIT_PAGE_LOADED=40, SCREENSHOT_PASSED_STEPS=no, EXTENT_REPORT_FOLDER=exports/reports/CucumberExtentReports, WAIT_EXPLICIT=10, BROWSER=chrome, REPORT_TITLE=Report | Automation Framework Cucumber TestNG | siddharth Tester, AUTHOR=siddharth Tester, EXCEL_DATA_FILE_PATH=src/test/resources/testdata/ClientsDataExcel.xlsx, WAIT_IMPLICIT=20, PROJECT_NAME=Automation Framework Cucumber TestNG | Siddharth Tester, extent.reporter.spark.out=exports/reports/CucumberExtentReports/CucumberExtentReports.html, extent.reporter.pdf.start=false, extent.reporter.excel.out=exports/reports/ExcelReport/ExtentExcel.xlsx, HEADLESS=false, REMOTE_URL=localhost, extent.reporter.spark.vieworder=dashboard,test,category,author,device,log,exception, extent.reporter.pdf.out=exports/reports/CucumberExtentReports/CucumberExtentPdfReport.pdf, SCREENSHOT_FAILED_STEPS=yes, SCREENSHOT_ALL_STEPS_DETAIL=no, TXT_FILE_PATH=src/test/resources/testdata/TxtFileData.txt, extent.reporter.excel.start=false, extent.reporter.spark.enable.author=true, JSON_DATA_FILE_PATH=src/test/resources/testdata/JsonData.json, ACTIVE_PAGE_LOADED=true, URL_CRM=https://rise.anhtester.com/signin, WAIT_SLEEP_STEP=0, OPEN_REPORTS_AFTER_EXECUTION=no, ZIP_FOLDER_PATH=exports/reports/CucumberExtentReports, extent.reporter.spark.base64imagesrc=true, LOCATE=en, ZIP_FOLDER=no}
